#
# There is insufficient memory for the Java Runtime Environment to continue.
# Native memory allocation (malloc) failed to allocate 1048576 bytes for AllocateHeap
# Possible reasons:
#   The system is out of physical RAM or swap space
#   The process is running with CompressedOops enabled, and the Java Heap may be blocking the growth of the native heap
# Possible solutions:
#   Reduce memory load on the system
#   Increase physical memory or swap space
#   Check if swap backing store is full
#   Decrease Java heap size (-Xmx/-Xms)
#   Decrease number of Java threads
#   Decrease Java thread stack sizes (-Xss)
#   Set larger code cache with -XX:ReservedCodeCacheSize=
#   JVM is running with Unscaled Compressed Oops mode in which the Java heap is
#     placed in the first 4GB address space. The Java Heap base address is the
#     maximum limit for the native heap growth. Please use -XX:HeapBaseMinAddress
#     to set the Java Heap base and to place the Java Heap above 4GB virtual address.
# This output file may be truncated or incomplete.
#
#  Out of Memory Error (allocation.cpp:44), pid=14128, tid=9352
#
# JRE version:  (17.0.9+9) (build )
# Java VM: OpenJDK 64-Bit Server VM (17.0.9+9, mixed mode, tiered, compressed oops, compressed class ptrs, parallel gc, windows-amd64)
# No core dump will be written. Minidumps are not enabled by default on client versions of Windows
#

---------------  S U M M A R Y ------------

Command Line: --add-modules=ALL-SYSTEM --add-opens=java.base/java.util=ALL-UNNAMED --add-opens=java.base/java.lang=ALL-UNNAMED --add-opens=java.base/sun.nio.fs=ALL-UNNAMED -Declipse.application=org.eclipse.jdt.ls.core.id1 -Dosgi.bundles.defaultStartLevel=4 -Declipse.product=org.eclipse.jdt.ls.core.product -Djava.import.generatesMetadataFilesAtProjectRoot=false -DDetectVMInstallationsJob.disabled=true -Dfile.encoding=utf8 -XX:+UseParallelGC -XX:GCTimeRatio=4 -XX:AdaptiveSizePolicyWeight=90 -Dsun.zip.disableMemoryMapping=true -Xmx1G -Xms100m -Xlog:disable -javaagent:c:\Users\Sayan Ghosh\.vscode\extensions\redhat.java-1.26.0-win32-x64\lombok\lombok-1.18.31-3454.jar c:\Users\Sayan Ghosh\.vscode\extensions\redhat.java-1.26.0-win32-x64\server\plugins\org.eclipse.equinox.launcher_1.6.700.v20231214-2017.jar -configuration c:\Users\Sayan Ghosh\AppData\Roaming\Code\User\globalStorage\redhat.java\1.26.0\config_ss_win -data c:\Users\Sayan Ghosh\AppData\Roaming\Code\User\workspaceStorage\71fea7bdf8d57efb4098bb74103d8f48\redhat.java\ss_ws --stdio

Host: 13th Gen Intel(R) Core(TM) i5-13400F, 16 cores, 15G,  Windows 10 , 64 bit Build 19041 (10.0.19041.2546)
Time: Sun Jan 28 21:18:31 2024 India Standard Time elapsed time: 0.038380 seconds (0d 0h 0m 0s)

---------------  T H R E A D  ---------------

Current thread (0x000001e98572e5d0):  JavaThread "Unknown thread" [_thread_in_vm, id=9352, stack(0x00000041a4300000,0x00000041a4400000)]

Stack: [0x00000041a4300000,0x00000041a4400000]
Native frames: (J=compiled Java code, j=interpreted, Vv=VM code, C=native code)
V  [jvm.dll+0x67cf49]
V  [jvm.dll+0x83478a]
V  [jvm.dll+0x83624e]
V  [jvm.dll+0x8368b3]
V  [jvm.dll+0x247f1f]
V  [jvm.dll+0xa6b4b]
V  [jvm.dll+0x6baae3]
V  [jvm.dll+0x6bb65f]
V  [jvm.dll+0x689688]
V  [jvm.dll+0x80674b]
V  [jvm.dll+0x36cfb4]
V  [jvm.dll+0x7e4aac]
V  [jvm.dll+0x3f07af]
V  [jvm.dll+0x3f23e1]
C  [jli.dll+0x528f]
C  [ucrtbase.dll+0x21bb2]
C  [KERNEL32.DLL+0x17614]
C  [ntdll.dll+0x526a1]


---------------  P R O C E S S  ---------------

Threads class SMR info:
_java_thread_list=0x00007ffe0b3eee98, length=0, elements={
}

Java Threads: ( => current thread )

Other Threads:
  0x000001e98573fdc0 GCTaskThread "GC Thread#0" [stack: 0x00000041a4400000,0x00000041a4500000] [id=4580]

=>0x000001e98572e5d0 (exited) JavaThread "Unknown thread" [_thread_in_vm, id=9352, stack(0x00000041a4300000,0x00000041a4400000)]

Threads with active compile tasks:

VM state: not at safepoint (normal execution)

VM Mutex/Monitor currently owned by a thread: None

Heap address: 0x00000000c0000000, size: 1024 MB, Compressed Oops mode: 32-bit

CDS archive(s) not mapped
Compressed class space mapped at: 0x0000000100000000-0x0000000140000000, reserved size: 1073741824
Narrow klass base: 0x0000000000000000, Narrow klass shift: 3, Narrow klass range: 0x140000000

GC Precious Log:
 CPUs: 16 total, 16 available
 Memory: 16222M
 Large Page Support: Disabled
 NUMA Support: Disabled
 Compressed Oops: Enabled (32-bit)
 Alignments: Space 512K, Generation 512K, Heap 2M
 Heap Min Capacity: 100M
 Heap Initial Capacity: 100M
 Heap Max Capacity: 1G
 Pre-touch: Disabled
 Parallel Workers: 13

Heap:
 PSYoungGen      total 29696K, used 512K [0x00000000eab00000, 0x00000000ecc00000, 0x0000000100000000)
  eden space 25600K, 2% used [0x00000000eab00000,0x00000000eab80070,0x00000000ec400000)
  from space 4096K, 0% used [0x00000000ec800000,0x00000000ec800000,0x00000000ecc00000)
  to   space 4096K, 0% used [0x00000000ec400000,0x00000000ec400000,0x00000000ec800000)
 ParOldGen       total 68608K, used 0K [0x00000000c0000000, 0x00000000c4300000, 0x00000000eab00000)
  object space 68608K, 0% used [0x00000000c0000000,0x00000000c0000000,0x00000000c4300000)
 Metaspace       used 1149K, committed 1216K, reserved 1114112K
  class space    used 101K, committed 128K, reserved 1048576K

Card table byte_map: [0x000001e985100000,0x000001e985310000] _byte_map_base: 0x000001e984b00000

Marking Bits: (ParMarkBitMap*) 0x00007ffe0b45d0b0
 Begin Bits: [0x000001e9973d0000, 0x000001e9983d0000)
 End Bits:   [0x000001e9983d0000, 0x000001e9993d0000)

Polling page: 0x000001e984ef0000

Metaspace:

Usage:
  Non-class:      1.02 MB used.
      Class:    101.05 KB used.
       Both:      1.12 MB used.

Virtual space:
  Non-class space:       64.00 MB reserved,       1.06 MB (  2%) committed,  1 nodes.
      Class space:        1.00 GB reserved,     128.00 KB ( <1%) committed,  1 nodes.
             Both:        1.06 GB reserved,       1.19 MB ( <1%) committed. 

Chunk freelists:
   Non-Class:  12.00 MB
       Class:  15.75 MB
        Both:  27.75 MB

MaxMetaspaceSize: unlimited
CompressedClassSpaceSize: 1.00 GB
Initial GC threshold: 21.00 MB
Current GC threshold: 17179869184.00 GB
CDS: off
MetaspaceReclaimPolicy: balanced
 - commit_granule_bytes: 65536.
 - commit_granule_words: 8192.
 - virtual_space_node_default_size: 8388608.
 - enlarge_chunks_in_place: 1.
 - new_chunks_are_fully_committed: 0.
 - uncommit_free_chunks: 1.
 - use_allocation_guard: 0.
 - handle_deallocations: 1.


Internal statistics:

num_allocs_failed_limit: 0.
num_arena_births: 2.
num_arena_deaths: 0.
num_vsnodes_births: 2.
num_vsnodes_deaths: 0.
num_space_committed: 19.
num_space_uncommitted: 0.
num_chunks_returned_to_freelist: 0.
num_chunks_taken_from_freelist: 3.
num_chunk_merges: 0.
num_chunk_splits: 2.
num_chunks_enlarged: 0.
num_inconsistent_stats: 0.

CodeHeap 'non-profiled nmethods': size=119168Kb used=0Kb max_used=0Kb free=119168Kb
 bounds [0x000001e98ff70000, 0x000001e9901e0000, 0x000001e9973d0000]
CodeHeap 'profiled nmethods': size=119104Kb used=0Kb max_used=0Kb free=119104Kb
 bounds [0x000001e9883d0000, 0x000001e988640000, 0x000001e98f820000]
CodeHeap 'non-nmethods': size=7488Kb used=202Kb max_used=353Kb free=7285Kb
 bounds [0x000001e98f820000, 0x000001e98fa90000, 0x000001e98ff70000]
 total_blobs=66 nmethods=0 adapters=47
 compilation: enabled
              stopped_count=0, restarted_count=0
 full_count=0

Compilation events (0 events):
No events

GC Heap History (0 events):
No events

Dll operation events (1 events):
Event: 0.003 Loaded shared library c:\Users\Sayan Ghosh\.vscode\extensions\redhat.java-1.26.0-win32-x64\jre\17.0.9-win32-x86_64\bin\java.dll

Deoptimization events (0 events):
No events

Classes unloaded (0 events):
No events

Classes redefined (0 events):
No events

Internal exceptions (0 events):
No events

VM Operations (0 events):
No events

Events (20 events):
Event: 0.015 loading class java/lang/Long
Event: 0.015 loading class java/lang/Long done
Event: 0.015 loading class java/util/Iterator
Event: 0.015 loading class java/util/Iterator done
Event: 0.015 loading class java/lang/reflect/RecordComponent
Event: 0.015 loading class java/lang/reflect/RecordComponent done
Event: 0.015 loading class jdk/internal/vm/vector/VectorSupport
Event: 0.015 loading class jdk/internal/vm/vector/VectorSupport done
Event: 0.015 loading class jdk/internal/vm/vector/VectorSupport$VectorPayload
Event: 0.015 loading class jdk/internal/vm/vector/VectorSupport$VectorPayload done
Event: 0.015 loading class jdk/internal/vm/vector/VectorSupport$Vector
Event: 0.015 loading class jdk/internal/vm/vector/VectorSupport$Vector done
Event: 0.015 loading class jdk/internal/vm/vector/VectorSupport$VectorMask
Event: 0.015 loading class jdk/internal/vm/vector/VectorSupport$VectorMask done
Event: 0.015 loading class jdk/internal/vm/vector/VectorSupport$VectorShuffle
Event: 0.015 loading class jdk/internal/vm/vector/VectorSupport$VectorShuffle done
Event: 0.016 loading class java/lang/NullPointerException
Event: 0.016 loading class java/lang/NullPointerException done
Event: 0.016 loading class java/lang/ArithmeticException
Event: 0.016 loading class java/lang/ArithmeticException done


Dynamic libraries:
0x00007ff7e2ef0000 - 0x00007ff7e2efe000 	c:\Users\Sayan Ghosh\.vscode\extensions\redhat.java-1.26.0-win32-x64\jre\17.0.9-win32-x86_64\bin\java.exe
0x00007ffe8dc10000 - 0x00007ffe8de08000 	C:\Windows\SYSTEM32\ntdll.dll
0x00007ffe8cbc0000 - 0x00007ffe8cc7f000 	C:\Windows\System32\KERNEL32.DLL
0x00007ffe8b500000 - 0x00007ffe8b7d2000 	C:\Windows\System32\KERNELBASE.dll
0x00007ffe8b3d0000 - 0x00007ffe8b4d0000 	C:\Windows\System32\ucrtbase.dll
0x00007ffe0b5c0000 - 0x00007ffe0b5db000 	c:\Users\Sayan Ghosh\.vscode\extensions\redhat.java-1.26.0-win32-x64\jre\17.0.9-win32-x86_64\bin\VCRUNTIME140.dll
0x00007ffe0e7e0000 - 0x00007ffe0e7f7000 	c:\Users\Sayan Ghosh\.vscode\extensions\redhat.java-1.26.0-win32-x64\jre\17.0.9-win32-x86_64\bin\jli.dll
0x00007ffe8ccf0000 - 0x00007ffe8ce91000 	C:\Windows\System32\USER32.dll
0x00007ffe8ba50000 - 0x00007ffe8ba72000 	C:\Windows\System32\win32u.dll
0x00007ffe75950000 - 0x00007ffe75bea000 	C:\Windows\WinSxS\amd64_microsoft.windows.common-controls_6595b64144ccf1df_6.0.19041.1110_none_60b5254171f9507e\COMCTL32.dll
0x00007ffe8c990000 - 0x00007ffe8c9bb000 	C:\Windows\System32\GDI32.dll
0x00007ffe8b7e0000 - 0x00007ffe8b8ef000 	C:\Windows\System32\gdi32full.dll
0x00007ffe8cb20000 - 0x00007ffe8cbbe000 	C:\Windows\System32\msvcrt.dll
0x00007ffe8ba80000 - 0x00007ffe8bb1d000 	C:\Windows\System32\msvcp_win.dll
0x00007ffe8c9c0000 - 0x00007ffe8c9f0000 	C:\Windows\System32\IMM32.DLL
0x00007ffe6f6b0000 - 0x00007ffe6f6bc000 	c:\Users\Sayan Ghosh\.vscode\extensions\redhat.java-1.26.0-win32-x64\jre\17.0.9-win32-x86_64\bin\vcruntime140_1.dll
0x00007ffe0b530000 - 0x00007ffe0b5bd000 	c:\Users\Sayan Ghosh\.vscode\extensions\redhat.java-1.26.0-win32-x64\jre\17.0.9-win32-x86_64\bin\msvcp140.dll
0x00007ffe0a8c0000 - 0x00007ffe0b521000 	c:\Users\Sayan Ghosh\.vscode\extensions\redhat.java-1.26.0-win32-x64\jre\17.0.9-win32-x86_64\bin\server\jvm.dll
0x00007ffe8c8e0000 - 0x00007ffe8c98e000 	C:\Windows\System32\ADVAPI32.dll
0x00007ffe8bda0000 - 0x00007ffe8be3c000 	C:\Windows\System32\sechost.dll
0x00007ffe8cfd0000 - 0x00007ffe8d0f4000 	C:\Windows\System32\RPCRT4.dll
0x00007ffe75760000 - 0x00007ffe75769000 	C:\Windows\SYSTEM32\WSOCK32.dll
0x00007ffe8a850000 - 0x00007ffe8a89b000 	C:\Windows\SYSTEM32\POWRPROF.dll
0x00007ffe80790000 - 0x00007ffe807b7000 	C:\Windows\SYSTEM32\WINMM.dll
0x00007ffe8c400000 - 0x00007ffe8c46b000 	C:\Windows\System32\WS2_32.dll
0x00007ffe81700000 - 0x00007ffe8170a000 	C:\Windows\SYSTEM32\VERSION.dll
0x00007ffe8a710000 - 0x00007ffe8a722000 	C:\Windows\SYSTEM32\UMPDC.dll
0x00007ffe891b0000 - 0x00007ffe891c2000 	C:\Windows\SYSTEM32\kernel.appcore.dll
0x00007ffe577b0000 - 0x00007ffe577ba000 	c:\Users\Sayan Ghosh\.vscode\extensions\redhat.java-1.26.0-win32-x64\jre\17.0.9-win32-x86_64\bin\jimage.dll
0x00007ffe7f5e0000 - 0x00007ffe7f7c4000 	C:\Windows\SYSTEM32\DBGHELP.DLL
0x00007ffe72ee0000 - 0x00007ffe72f15000 	C:\Windows\SYSTEM32\dbgcore.DLL
0x00007ffe8bbd0000 - 0x00007ffe8bc52000 	C:\Windows\System32\bcryptPrimitives.dll
0x00007ffe53ab0000 - 0x00007ffe53abe000 	c:\Users\Sayan Ghosh\.vscode\extensions\redhat.java-1.26.0-win32-x64\jre\17.0.9-win32-x86_64\bin\instrument.dll
0x00007ffe0a890000 - 0x00007ffe0a8b5000 	c:\Users\Sayan Ghosh\.vscode\extensions\redhat.java-1.26.0-win32-x64\jre\17.0.9-win32-x86_64\bin\java.dll
0x00007ffe0a870000 - 0x00007ffe0a888000 	c:\Users\Sayan Ghosh\.vscode\extensions\redhat.java-1.26.0-win32-x64\jre\17.0.9-win32-x86_64\bin\zip.dll

dbghelp: loaded successfully - version: 4.0.5 - missing functions: none
symbol engine: initialized successfully - sym options: 0x614 - pdb path: .;c:\Users\Sayan Ghosh\.vscode\extensions\redhat.java-1.26.0-win32-x64\jre\17.0.9-win32-x86_64\bin;C:\Windows\SYSTEM32;C:\Windows\WinSxS\amd64_microsoft.windows.common-controls_6595b64144ccf1df_6.0.19041.1110_none_60b5254171f9507e;c:\Users\Sayan Ghosh\.vscode\extensions\redhat.java-1.26.0-win32-x64\jre\17.0.9-win32-x86_64\bin\server

VM Arguments:
jvm_args: --add-modules=ALL-SYSTEM --add-opens=java.base/java.util=ALL-UNNAMED --add-opens=java.base/java.lang=ALL-UNNAMED --add-opens=java.base/sun.nio.fs=ALL-UNNAMED -Declipse.application=org.eclipse.jdt.ls.core.id1 -Dosgi.bundles.defaultStartLevel=4 -Declipse.product=org.eclipse.jdt.ls.core.product -Djava.import.generatesMetadataFilesAtProjectRoot=false -DDetectVMInstallationsJob.disabled=true -Dfile.encoding=utf8 -XX:+UseParallelGC -XX:GCTimeRatio=4 -XX:AdaptiveSizePolicyWeight=90 -Dsun.zip.disableMemoryMapping=true -Xmx1G -Xms100m -Xlog:disable -javaagent:c:\Users\Sayan Ghosh\.vscode\extensions\redhat.java-1.26.0-win32-x64\lombok\lombok-1.18.31-3454.jar 
java_command: c:\Users\Sayan Ghosh\.vscode\extensions\redhat.java-1.26.0-win32-x64\server\plugins\org.eclipse.equinox.launcher_1.6.700.v20231214-2017.jar -configuration c:\Users\Sayan Ghosh\AppData\Roaming\Code\User\globalStorage\redhat.java\1.26.0\config_ss_win -data c:\Users\Sayan Ghosh\AppData\Roaming\Code\User\workspaceStorage\71fea7bdf8d57efb4098bb74103d8f48\redhat.java\ss_ws --stdio
java_class_path (initial): c:\Users\Sayan Ghosh\.vscode\extensions\redhat.java-1.26.0-win32-x64\server\plugins\org.eclipse.equinox.launcher_1.6.700.v20231214-2017.jar
Launcher Type: SUN_STANDARD

[Global flags]
    uintx AdaptiveSizePolicyWeight                 = 90                                        {product} {command line}
     intx CICompilerCount                          = 12                                        {product} {ergonomic}
    uintx GCTimeRatio                              = 4                                         {product} {command line}
   size_t InitialHeapSize                          = 104857600                                 {product} {command line}
   size_t MaxHeapSize                              = 1073741824                                {product} {command line}
   size_t MaxNewSize                               = 357564416                                 {product} {ergonomic}
   size_t MinHeapDeltaBytes                        = 524288                                    {product} {ergonomic}
   size_t MinHeapSize                              = 104857600                                 {product} {command line}
   size_t NewSize                                  = 34603008                                  {product} {ergonomic}
    uintx NonNMethodCodeHeapSize                   = 7602480                                {pd product} {ergonomic}
    uintx NonProfiledCodeHeapSize                  = 122027880                              {pd product} {ergonomic}
   size_t OldSize                                  = 70254592                                  {product} {ergonomic}
    uintx ProfiledCodeHeapSize                     = 122027880                              {pd product} {ergonomic}
    uintx ReservedCodeCacheSize                    = 251658240                              {pd product} {ergonomic}
     bool SegmentedCodeCache                       = true                                      {product} {ergonomic}
   size_t SoftMaxHeapSize                          = 1073741824                             {manageable} {ergonomic}
     bool UseCompressedClassPointers               = true                           {product lp64_product} {ergonomic}
     bool UseCompressedOops                        = true                           {product lp64_product} {ergonomic}
     bool UseLargePagesIndividualAllocation        = false                                  {pd product} {ergonomic}
     bool UseParallelGC                            = true                                      {product} {command line}

Logging:
Log output configuration:
 #0: stdout all=off uptime,level,tags
 #1: stderr all=off uptime,level,tags

Environment Variables:
JAVA_HOME=C:\Users\Sayan Ghosh\AppData\Local\Programs\Eclipse Adoptium\jdk-17.0.8.7-hotspot\
PATH=C:\Python311\Scripts\;C:\Python311\;C:\Windows\system32;C:\Windows;C:\Windows\System32\Wbem;C:\Windows\System32\WindowsPowerShell\v1.0\;C:\Windows\System32\OpenSSH\;C:\Program Files (x86)\NVIDIA Corporation\PhysX\Common;C:\Program Files\NVIDIA Corporation\NVIDIA NvDLISR;C:\MinGW\bin;C:\Program Files\Git\cmd;C:\Program Files\nodejs\;C:\ProgramData\chocolatey\bin;C:\Users\Sayan Ghosh\AppData\Local\Android\Sdk;C:\Users\Sayan Ghosh\AppData\Local\Android\Sdk\platform-tools;C:\Users\Sayan Ghosh\AppData\Local\Android\Sdk\emulator;C:\Users\Sayan Ghosh\AppData\Local\Android\Sdk\tools;C:\Users\Sayan Ghosh\AppData\Local\Android\Sdk\tools\bin;C:\Users\Sayan Ghosh\AppData\Local\Programs\Eclipse Adoptium\jdk-17.0.8.7-hotspot\bin;C:\Users\Sayan Ghosh\AppData\Local\Microsoft\WindowsApps;C:\Microsoft VS Code\bin;C:\Users\Sayan Ghosh\AppData\Local\GitHubDesktop\bin;C:\Users\Sayan Ghosh\AppData\Roaming\npm;C:\flutter\bin;C:\tools\dart-sdk\bin;C:\Users\Sayan Ghosh\AppData\Local\Pub\Cache\bin;C:\flutter\bin;C:\Users\Sayan Ghosh\AppData\Local\Android\Sdk;C:\Users\Sayan Ghosh\AppData\Local\Android\Sdk\platform-tools;C:\Users\Sayan Ghosh\AppData\Local\Android\Sdk\emulator;C:\Users\Sayan Ghosh\AppData\Local\Android\Sdk\tools;C:\Users\Sayan Ghosh\AppData\Local\Android\Sdk\tools\bin;
USERNAME=Sayan Ghosh
OS=Windows_NT
PROCESSOR_IDENTIFIER=Intel64 Family 6 Model 191 Stepping 2, GenuineIntel
TMP=C:\Users\SAYANG~1\AppData\Local\Temp
TEMP=C:\Users\SAYANG~1\AppData\Local\Temp



Periodic native trim disabled


---------------  S Y S T E M  ---------------

OS:
 Windows 10 , 64 bit Build 19041 (10.0.19041.2546)
OS uptime: 0 days 0:03 hours
Hyper-V role detected

CPU: total 16 (initial active 16) (8 cores per cpu, 2 threads per core) family 6 model 191 stepping 2 microcode 0x26, cx8, cmov, fxsr, ht, mmx, 3dnowpref, sse, sse2, sse3, ssse3, sse4.1, sse4.2, popcnt, lzcnt, tsc, tscinvbit, avx, avx2, aes, erms, clmul, bmi1, bmi2, adx, sha, fma, vzeroupper, clflush, clflushopt, clwb, hv
Processor Information for all 16 processors :
  Max Mhz: 2500, Current Mhz: 2500, Mhz Limit: 2500

Memory: 4k page, system-wide physical 16222M (1848M free)
TotalPageFile size 16222M (AvailPageFile size 5M)
current process WorkingSet (physical memory assigned to process): 15M, peak: 15M
current process commit charge ("private bytes"): 186M, peak: 187M

vm_info: OpenJDK 64-Bit Server VM (17.0.9+9) for windows-amd64 JRE (17.0.9+9), built on Oct 26 2023 14:01:42 by "admin" with MS VC++ 16.10 / 16.11 (VS2019)

END.
