#
# There is insufficient memory for the Java Runtime Environment to continue.
# Native memory allocation (malloc) failed to allocate 424000 bytes for Chunk::new
# Possible reasons:
#   The system is out of physical RAM or swap space
#   The process is running with CompressedOops enabled, and the Java Heap may be blocking the growth of the native heap
# Possible solutions:
#   Reduce memory load on the system
#   Increase physical memory or swap space
#   Check if swap backing store is full
#   Decrease Java heap size (-Xmx/-Xms)
#   Decrease number of Java threads
#   Decrease Java thread stack sizes (-Xss)
#   Set larger code cache with -XX:ReservedCodeCacheSize=
#   JVM is running with Unscaled Compressed Oops mode in which the Java heap is
#     placed in the first 4GB address space. The Java Heap base address is the
#     maximum limit for the native heap growth. Please use -XX:HeapBaseMinAddress
#     to set the Java Heap base and to place the Java Heap above 4GB virtual address.
# This output file may be truncated or incomplete.
#
#  Out of Memory Error (arena.cpp:191), pid=1328, tid=19024
#
# JRE version: OpenJDK Runtime Environment Temurin-17.0.9+9 (17.0.9+9) (build 17.0.9+9)
# Java VM: OpenJDK 64-Bit Server VM Temurin-17.0.9+9 (17.0.9+9, mixed mode, tiered, compressed oops, compressed class ptrs, parallel gc, windows-amd64)
# No core dump will be written. Minidumps are not enabled by default on client versions of Windows
#

---------------  S U M M A R Y ------------

Command Line: --add-modules=ALL-SYSTEM --add-opens=java.base/java.util=ALL-UNNAMED --add-opens=java.base/java.lang=ALL-UNNAMED --add-opens=java.base/sun.nio.fs=ALL-UNNAMED -Declipse.application=org.eclipse.jdt.ls.core.id1 -Dosgi.bundles.defaultStartLevel=4 -Declipse.product=org.eclipse.jdt.ls.core.product -Djava.import.generatesMetadataFilesAtProjectRoot=false -DDetectVMInstallationsJob.disabled=true -Dfile.encoding=utf8 -XX:+UseParallelGC -XX:GCTimeRatio=4 -XX:AdaptiveSizePolicyWeight=90 -Dsun.zip.disableMemoryMapping=true -Xmx1G -Xms100m -Xlog:disable -javaagent:c:\Users\Sayan Ghosh\.vscode\extensions\redhat.java-1.26.0-win32-x64\lombok\lombok-1.18.31-3454.jar -XX:+HeapDumpOnOutOfMemoryError -XX:HeapDumpPath=c:\Users\Sayan Ghosh\AppData\Roaming\Code\User\workspaceStorage\71fea7bdf8d57efb4098bb74103d8f48\redhat.java -Daether.dependencyCollector.impl=bf c:\Users\Sayan Ghosh\.vscode\extensions\redhat.java-1.26.0-win32-x64\server\plugins\org.eclipse.equinox.launcher_1.6.700.v20231214-2017.jar -configuration c:\Users\Sayan Ghosh\AppData\Roaming\Code\User\globalStorage\redhat.java\1.26.0\config_win -data c:\Users\Sayan Ghosh\AppData\Roaming\Code\User\workspaceStorage\71fea7bdf8d57efb4098bb74103d8f48\redhat.java\jdt_ws --stdio

Host: 13th Gen Intel(R) Core(TM) i5-13400F, 16 cores, 15G,  Windows 10 , 64 bit Build 19041 (10.0.19041.2546)
Time: Sun Jan 28 21:18:32 2024 India Standard Time elapsed time: 0.504225 seconds (0d 0h 0m 0s)

---------------  T H R E A D  ---------------

Current thread (0x000001ec401653b0):  JavaThread "C2 CompilerThread2" daemon [_thread_in_native, id=19024, stack(0x00000039e9300000,0x00000039e9400000)]


Current CompileTask:
C2:    504 1191       4       jdk.internal.jimage.ImageLocation::verify (218 bytes)

Stack: [0x00000039e9300000,0x00000039e9400000]
Native frames: (J=compiled Java code, j=interpreted, Vv=VM code, C=native code)
V  [jvm.dll+0x67cf49]
V  [jvm.dll+0x83478a]
V  [jvm.dll+0x83624e]
V  [jvm.dll+0x8368b3]
V  [jvm.dll+0x247f1f]
V  [jvm.dll+0xac43c]
V  [jvm.dll+0xaca8c]
V  [jvm.dll+0x367067]
V  [jvm.dll+0x3313ba]
V  [jvm.dll+0x33085a]
V  [jvm.dll+0x21a5b1]
V  [jvm.dll+0x2199d1]
V  [jvm.dll+0x1a57cd]
V  [jvm.dll+0x2297ae]
V  [jvm.dll+0x22797c]
V  [jvm.dll+0x7e9877]
V  [jvm.dll+0x7e3c3a]
V  [jvm.dll+0x67be35]
C  [ucrtbase.dll+0x21bb2]
C  [KERNEL32.DLL+0x17614]
C  [ntdll.dll+0x526a1]


---------------  P R O C E S S  ---------------

Threads class SMR info:
_java_thread_list=0x000001ec4246a3f0, length=19, elements={
0x000001ec26d7b720, 0x000001ec3ffb7030, 0x000001ec3ffb7b00, 0x000001ec3ac19ab0,
0x000001ec3ac1a980, 0x000001ec3ac1e210, 0x000001ec3ac1eae0, 0x000001ec3ffdc760,
0x000001ec3ffe0dc0, 0x000001ec3ffe2650, 0x000001ec26ddf7c0, 0x000001ec40175db0,
0x000001ec40176380, 0x000001ec40164e90, 0x000001ec401653b0, 0x000001ec41edcb70,
0x000001ec41fe4840, 0x000001ec424c62f0, 0x000001ec424c6810
}

Java Threads: ( => current thread )
  0x000001ec26d7b720 JavaThread "main" [_thread_in_Java, id=13396, stack(0x00000039e8300000,0x00000039e8400000)]
  0x000001ec3ffb7030 JavaThread "Reference Handler" daemon [_thread_blocked, id=2280, stack(0x00000039e8600000,0x00000039e8700000)]
  0x000001ec3ffb7b00 JavaThread "Finalizer" daemon [_thread_blocked, id=11464, stack(0x00000039e8700000,0x00000039e8800000)]
  0x000001ec3ac19ab0 JavaThread "Signal Dispatcher" daemon [_thread_blocked, id=9644, stack(0x00000039e8800000,0x00000039e8900000)]
  0x000001ec3ac1a980 JavaThread "Attach Listener" daemon [_thread_blocked, id=3380, stack(0x00000039e8900000,0x00000039e8a00000)]
  0x000001ec3ac1e210 JavaThread "Service Thread" daemon [_thread_blocked, id=16576, stack(0x00000039e8a00000,0x00000039e8b00000)]
  0x000001ec3ac1eae0 JavaThread "Monitor Deflation Thread" daemon [_thread_blocked, id=3360, stack(0x00000039e8b00000,0x00000039e8c00000)]
  0x000001ec3ffdc760 JavaThread "C2 CompilerThread0" daemon [_thread_blocked, id=3376, stack(0x00000039e8c00000,0x00000039e8d00000)]
  0x000001ec3ffe0dc0 JavaThread "C1 CompilerThread0" daemon [_thread_in_native, id=3364, stack(0x00000039e8d00000,0x00000039e8e00000)]
  0x000001ec3ffe2650 JavaThread "Sweeper thread" daemon [_thread_blocked, id=2152, stack(0x00000039e8e00000,0x00000039e8f00000)]
  0x000001ec26ddf7c0 JavaThread "Common-Cleaner" daemon [_thread_blocked, id=9008, stack(0x00000039e8f00000,0x00000039e9000000)]
  0x000001ec40175db0 JavaThread "C1 CompilerThread1" daemon [_thread_in_native, id=2900, stack(0x00000039e9000000,0x00000039e9100000)]
  0x000001ec40176380 JavaThread "C1 CompilerThread2" daemon [_thread_in_vm, id=2388, stack(0x00000039e9100000,0x00000039e9200000)]
  0x000001ec40164e90 JavaThread "C2 CompilerThread1" daemon [_thread_blocked, id=2696, stack(0x00000039e9200000,0x00000039e9300000)]
=>0x000001ec401653b0 JavaThread "C2 CompilerThread2" daemon [_thread_in_native, id=19024, stack(0x00000039e9300000,0x00000039e9400000)]
  0x000001ec41edcb70 JavaThread "C1 CompilerThread3" daemon [_thread_in_native, id=4712, stack(0x00000039e9400000,0x00000039e9500000)]
  0x000001ec41fe4840 JavaThread "Notification Thread" daemon [_thread_blocked, id=2080, stack(0x00000039e9500000,0x00000039e9600000)]
  0x000001ec424c62f0 JavaThread "C2 CompilerThread3" daemon [_thread_blocked, id=16888, stack(0x00000039e9700000,0x00000039e9800000)]
  0x000001ec424c6810 JavaThread "C2 CompilerThread4" daemon [_thread_blocked, id=8884, stack(0x00000039e9800000,0x00000039e9900000)]

Other Threads:
  0x000001ec26e35190 VMThread "VM Thread" [stack: 0x00000039e8500000,0x00000039e8600000] [id=3772]
  0x000001ec4204cf00 WatcherThread [stack: 0x00000039e9600000,0x00000039e9700000] [id=16316]
  0x000001ec26d945b0 GCTaskThread "GC Thread#0" [stack: 0x00000039e8400000,0x00000039e8500000] [id=2344]
  0x000001ec42606730 GCTaskThread "GC Thread#1" [stack: 0x00000039e9900000,0x00000039e9a00000] [id=8092]
  0x000001ec42847c90 GCTaskThread "GC Thread#2" [stack: 0x00000039e9a00000,0x00000039e9b00000] [id=8896]
  0x000001ec422c03d0 GCTaskThread "GC Thread#3" [stack: 0x00000039e9b00000,0x00000039e9c00000] [id=19152]
  0x000001ec422c0690 GCTaskThread "GC Thread#4" [stack: 0x00000039e9c00000,0x00000039e9d00000] [id=16132]
  0x000001ec4207de80 GCTaskThread "GC Thread#5" [stack: 0x00000039e9d00000,0x00000039e9e00000] [id=14468]

Threads with active compile tasks:
C1 CompilerThread0      510 1225       3       org.lombokweb.asm.MethodWriter::putFrameType (83 bytes)
C2 CompilerThread2      510 1191       4       jdk.internal.jimage.ImageLocation::verify (218 bytes)
C1 CompilerThread3      510 1224       3       org.lombokweb.asm.ClassReader::readVerificationTypeInfo (184 bytes)

VM state: not at safepoint (normal execution)

VM Mutex/Monitor currently owned by a thread: None

Heap address: 0x00000000c0000000, size: 1024 MB, Compressed Oops mode: 32-bit

CDS archive(s) not mapped
Compressed class space mapped at: 0x0000000100000000-0x0000000140000000, reserved size: 1073741824
Narrow klass base: 0x0000000000000000, Narrow klass shift: 3, Narrow klass range: 0x140000000

GC Precious Log:
 CPUs: 16 total, 16 available
 Memory: 16222M
 Large Page Support: Disabled
 NUMA Support: Disabled
 Compressed Oops: Enabled (32-bit)
 Alignments: Space 512K, Generation 512K, Heap 2M
 Heap Min Capacity: 100M
 Heap Initial Capacity: 100M
 Heap Max Capacity: 1G
 Pre-touch: Disabled
 Parallel Workers: 13

Heap:
 PSYoungGen      total 29696K, used 13756K [0x00000000eab00000, 0x00000000ecc00000, 0x0000000100000000)
  eden space 25600K, 41% used [0x00000000eab00000,0x00000000eb5761d0,0x00000000ec400000)
  from space 4096K, 74% used [0x00000000ec400000,0x00000000ec6f9070,0x00000000ec800000)
  to   space 4096K, 0% used [0x00000000ec800000,0x00000000ec800000,0x00000000ecc00000)
 ParOldGen       total 68608K, used 16K [0x00000000c0000000, 0x00000000c4300000, 0x00000000eab00000)
  object space 68608K, 0% used [0x00000000c0000000,0x00000000c0004000,0x00000000c4300000)
 Metaspace       used 12216K, committed 12416K, reserved 1114112K
  class space    used 1191K, committed 1280K, reserved 1048576K

Card table byte_map: [0x000001ec26720000,0x000001ec26930000] _byte_map_base: 0x000001ec26120000

Marking Bits: (ParMarkBitMap*) 0x00007ffe0b45d0b0
 Begin Bits: [0x000001ec38a20000, 0x000001ec39a20000)
 End Bits:   [0x000001ec39a20000, 0x000001ec3aa20000)

Polling page: 0x000001ec24ce0000

Metaspace:

Usage:
  Non-class:     10.77 MB used.
      Class:      1.16 MB used.
       Both:     11.93 MB used.

Virtual space:
  Non-class space:       64.00 MB reserved,      10.88 MB ( 17%) committed,  1 nodes.
      Class space:        1.00 GB reserved,       1.25 MB ( <1%) committed,  1 nodes.
             Both:        1.06 GB reserved,      12.12 MB (  1%) committed. 

Chunk freelists:
   Non-Class:  4.33 MB
       Class:  14.61 MB
        Both:  18.94 MB

MaxMetaspaceSize: unlimited
CompressedClassSpaceSize: 1.00 GB
Initial GC threshold: 21.00 MB
Current GC threshold: 21.00 MB
CDS: off
MetaspaceReclaimPolicy: balanced
 - commit_granule_bytes: 65536.
 - commit_granule_words: 8192.
 - virtual_space_node_default_size: 8388608.
 - enlarge_chunks_in_place: 1.
 - new_chunks_are_fully_committed: 0.
 - uncommit_free_chunks: 1.
 - use_allocation_guard: 0.
 - handle_deallocations: 1.


Internal statistics:

num_allocs_failed_limit: 0.
num_arena_births: 30.
num_arena_deaths: 0.
num_vsnodes_births: 2.
num_vsnodes_deaths: 0.
num_space_committed: 194.
num_space_uncommitted: 0.
num_chunks_returned_to_freelist: 0.
num_chunks_taken_from_freelist: 141.
num_chunk_merges: 0.
num_chunk_splits: 96.
num_chunks_enlarged: 83.
num_inconsistent_stats: 0.

CodeHeap 'non-profiled nmethods': size=119168Kb used=512Kb max_used=512Kb free=118655Kb
 bounds [0x000001ec315c0000, 0x000001ec31830000, 0x000001ec38a20000]
CodeHeap 'profiled nmethods': size=119104Kb used=2170Kb max_used=2170Kb free=116933Kb
 bounds [0x000001ec29a20000, 0x000001ec29c90000, 0x000001ec30e70000]
CodeHeap 'non-nmethods': size=7488Kb used=2835Kb max_used=2864Kb free=4652Kb
 bounds [0x000001ec30e70000, 0x000001ec31140000, 0x000001ec315c0000]
 total_blobs=1665 nmethods=1224 adapters=353
 compilation: enabled
              stopped_count=0, restarted_count=0
 full_count=0

Compilation events (20 events):
Event: 0.495 Thread 0x000001ec3ffe0dc0 nmethod 1193 0x000001ec29c31710 code [0x000001ec29c318e0, 0x000001ec29c31c78]
Event: 0.495 Thread 0x000001ec40176380 nmethod 1194 0x000001ec29c31e10 code [0x000001ec29c31fe0, 0x000001ec29c32448]
Event: 0.495 Thread 0x000001ec40175db0 nmethod 1196 0x000001ec29c32710 code [0x000001ec29c328a0, 0x000001ec29c32a58]
Event: 0.495 Thread 0x000001ec40176380 1198       3       org.lombokweb.asm.ClassReader::readUTF8 (23 bytes)
Event: 0.495 Thread 0x000001ec40175db0 1199       3       org.lombokweb.asm.SymbolTable::hash (10 bytes)
Event: 0.495 Thread 0x000001ec3ffe0dc0 1200       3       org.lombokweb.asm.SymbolTable$Entry::<init> (17 bytes)
Event: 0.495 Thread 0x000001ec41edcb70 nmethod 1197 0x000001ec29c32b90 code [0x000001ec29c32d40, 0x000001ec29c32ff8]
Event: 0.495 Thread 0x000001ec41edcb70 1201       3       org.lombokweb.asm.SymbolTable::addConstantUtf8 (20 bytes)
Event: 0.495 Thread 0x000001ec40176380 nmethod 1198 0x000001ec29c33110 code [0x000001ec29c332c0, 0x000001ec29c33518]
Event: 0.495 Thread 0x000001ec40175db0 nmethod 1199 0x000001ec29c33610 code [0x000001ec29c337a0, 0x000001ec29c338c8]
Event: 0.495 Thread 0x000001ec3ffe0dc0 nmethod 1200 0x000001ec29c33990 code [0x000001ec29c33b40, 0x000001ec29c33cc8]
Event: 0.495 Thread 0x000001ec41edcb70 nmethod 1201 0x000001ec29c33d90 code [0x000001ec29c33f60, 0x000001ec29c34208]
Event: 0.496 Thread 0x000001ec40176380 1202       3       java.io.File::getAbsolutePath (8 bytes)
Event: 0.496 Thread 0x000001ec40176380 nmethod 1202 0x000001ec29c34390 code [0x000001ec29c34540, 0x000001ec29c346a8]
Event: 0.496 Thread 0x000001ec3ffe0dc0 1203       3       java.nio.Buffer::flip (20 bytes)
Event: 0.497 Thread 0x000001ec3ffe0dc0 nmethod 1203 0x000001ec29c34790 code [0x000001ec29c34920, 0x000001ec29c34a38]
Event: 0.500 Thread 0x000001ec3ffdc760 1204       4       java.lang.StringLatin1::indexOf (121 bytes)
Event: 0.501 Thread 0x000001ec40164e90 nmethod 1172 0x000001ec3163b410 code [0x000001ec3163b720, 0x000001ec3163d328]
Event: 0.501 Thread 0x000001ec3ffe0dc0 1205       3       java.net.URI::toString (16 bytes)
Event: 0.501 Thread 0x000001ec3ffe0dc0 nmethod 1205 0x000001ec29c34b10 code [0x000001ec29c34cc0, 0x000001ec29c34e48]

GC Heap History (2 events):
Event: 0.396 GC heap before
{Heap before GC invocations=1 (full 0):
 PSYoungGen      total 29696K, used 25600K [0x00000000eab00000, 0x00000000ecc00000, 0x0000000100000000)
  eden space 25600K, 100% used [0x00000000eab00000,0x00000000ec400000,0x00000000ec400000)
  from space 4096K, 0% used [0x00000000ec800000,0x00000000ec800000,0x00000000ecc00000)
  to   space 4096K, 0% used [0x00000000ec400000,0x00000000ec400000,0x00000000ec800000)
 ParOldGen       total 68608K, used 0K [0x00000000c0000000, 0x00000000c4300000, 0x00000000eab00000)
  object space 68608K, 0% used [0x00000000c0000000,0x00000000c0000000,0x00000000c4300000)
 Metaspace       used 10627K, committed 10752K, reserved 1114112K
  class space    used 1058K, committed 1088K, reserved 1048576K
}
Event: 0.399 GC heap after
{Heap after GC invocations=1 (full 0):
 PSYoungGen      total 29696K, used 3044K [0x00000000eab00000, 0x00000000ecc00000, 0x0000000100000000)
  eden space 25600K, 0% used [0x00000000eab00000,0x00000000eab00000,0x00000000ec400000)
  from space 4096K, 74% used [0x00000000ec400000,0x00000000ec6f9070,0x00000000ec800000)
  to   space 4096K, 0% used [0x00000000ec800000,0x00000000ec800000,0x00000000ecc00000)
 ParOldGen       total 68608K, used 16K [0x00000000c0000000, 0x00000000c4300000, 0x00000000eab00000)
  object space 68608K, 0% used [0x00000000c0000000,0x00000000c0004000,0x00000000c4300000)
 Metaspace       used 10627K, committed 10752K, reserved 1114112K
  class space    used 1058K, committed 1088K, reserved 1048576K
}

Dll operation events (8 events):
Event: 0.004 Loaded shared library c:\Users\Sayan Ghosh\.vscode\extensions\redhat.java-1.26.0-win32-x64\jre\17.0.9-win32-x86_64\bin\java.dll
Event: 0.083 Loaded shared library c:\Users\Sayan Ghosh\.vscode\extensions\redhat.java-1.26.0-win32-x64\jre\17.0.9-win32-x86_64\bin\zip.dll
Event: 0.086 Loaded shared library C:\Users\Sayan Ghosh\.vscode\extensions\redhat.java-1.26.0-win32-x64\jre\17.0.9-win32-x86_64\bin\instrument.dll
Event: 0.098 Loaded shared library C:\Users\Sayan Ghosh\.vscode\extensions\redhat.java-1.26.0-win32-x64\jre\17.0.9-win32-x86_64\bin\net.dll
Event: 0.099 Loaded shared library C:\Users\Sayan Ghosh\.vscode\extensions\redhat.java-1.26.0-win32-x64\jre\17.0.9-win32-x86_64\bin\nio.dll
Event: 0.103 Loaded shared library C:\Users\Sayan Ghosh\.vscode\extensions\redhat.java-1.26.0-win32-x64\jre\17.0.9-win32-x86_64\bin\zip.dll
Event: 0.112 Loaded shared library C:\Users\Sayan Ghosh\.vscode\extensions\redhat.java-1.26.0-win32-x64\jre\17.0.9-win32-x86_64\bin\jimage.dll
Event: 0.144 Loaded shared library c:\Users\Sayan Ghosh\.vscode\extensions\redhat.java-1.26.0-win32-x64\jre\17.0.9-win32-x86_64\bin\verify.dll

Deoptimization events (20 events):
Event: 0.466 Thread 0x000001ec26d7b720 Uncommon trap: trap_request=0xffffff45 fr.pc=0x000001ec3162c660 relative=0x00000000000001e0
Event: 0.466 Thread 0x000001ec26d7b720 Uncommon trap: reason=unstable_if action=reinterpret pc=0x000001ec3162c660 method=java.io.BufferedInputStream.read()I @ 8 c2
Event: 0.466 Thread 0x000001ec26d7b720 DEOPT PACKING pc=0x000001ec3162c660 sp=0x00000039e83fe320
Event: 0.466 Thread 0x000001ec26d7b720 DEOPT UNPACKING pc=0x000001ec30ec66a3 sp=0x00000039e83fe2d0 mode 2
Event: 0.478 Thread 0x000001ec26d7b720 Uncommon trap: trap_request=0xffffff45 fr.pc=0x000001ec31600cc0 relative=0x0000000000001000
Event: 0.478 Thread 0x000001ec26d7b720 Uncommon trap: reason=unstable_if action=reinterpret pc=0x000001ec31600cc0 method=lombok.patcher.PatchScript.classMatches(Ljava/lang/String;Ljava/util/Collection;)Z @ 25 c2
Event: 0.478 Thread 0x000001ec26d7b720 DEOPT PACKING pc=0x000001ec31600cc0 sp=0x00000039e83f86a0
Event: 0.478 Thread 0x000001ec26d7b720 DEOPT UNPACKING pc=0x000001ec30ec66a3 sp=0x00000039e83f8608 mode 2
Event: 0.479 Thread 0x000001ec26d7b720 DEOPT PACKING pc=0x000001ec29a964c5 sp=0x00000039e83f7b40
Event: 0.479 Thread 0x000001ec26d7b720 DEOPT UNPACKING pc=0x000001ec30ec6e43 sp=0x00000039e83f6ff0 mode 0
Event: 0.487 Thread 0x000001ec26d7b720 DEOPT PACKING pc=0x000001ec29a964c5 sp=0x00000039e83f3f20
Event: 0.487 Thread 0x000001ec26d7b720 DEOPT UNPACKING pc=0x000001ec30ec6e43 sp=0x00000039e83f33d0 mode 0
Event: 0.489 Thread 0x000001ec26d7b720 DEOPT PACKING pc=0x000001ec29a964c5 sp=0x00000039e83f3f20
Event: 0.489 Thread 0x000001ec26d7b720 DEOPT UNPACKING pc=0x000001ec30ec6e43 sp=0x00000039e83f33d0 mode 0
Event: 0.490 Thread 0x000001ec26d7b720 DEOPT PACKING pc=0x000001ec29a964c5 sp=0x00000039e83f3f20
Event: 0.490 Thread 0x000001ec26d7b720 DEOPT UNPACKING pc=0x000001ec30ec6e43 sp=0x00000039e83f33d0 mode 0
Event: 0.492 Thread 0x000001ec26d7b720 DEOPT PACKING pc=0x000001ec29a964c5 sp=0x00000039e83f7a50
Event: 0.492 Thread 0x000001ec26d7b720 DEOPT UNPACKING pc=0x000001ec30ec6e43 sp=0x00000039e83f6f00 mode 0
Event: 0.497 Thread 0x000001ec26d7b720 DEOPT PACKING pc=0x000001ec29a964c5 sp=0x00000039e83f3f30
Event: 0.497 Thread 0x000001ec26d7b720 DEOPT UNPACKING pc=0x000001ec30ec6e43 sp=0x00000039e83f33e0 mode 0

Classes unloaded (0 events):
No events

Classes redefined (0 events):
No events

Internal exceptions (20 events):
Event: 0.271 Thread 0x000001ec26d7b720 Exception <a 'java/io/FileNotFoundException'{0x00000000eba0dec8}> (0x00000000eba0dec8) 
thrown [s\src\hotspot\share\prims\jni.cpp, line 516]
Event: 0.271 Thread 0x000001ec26d7b720 Exception <a 'java/io/FileNotFoundException'{0x00000000eba0ebf8}> (0x00000000eba0ebf8) 
thrown [s\src\hotspot\share\prims\jni.cpp, line 516]
Event: 0.271 Thread 0x000001ec26d7b720 Exception <a 'java/io/FileNotFoundException'{0x00000000eba0f900}> (0x00000000eba0f900) 
thrown [s\src\hotspot\share\prims\jni.cpp, line 516]
Event: 0.273 Thread 0x000001ec26d7b720 Implicit null exception at 0x000001ec315e5972 to 0x000001ec315e5e98
Event: 0.274 Thread 0x000001ec26d7b720 Exception <a 'java/io/FileNotFoundException'{0x00000000eba4a238}> (0x00000000eba4a238) 
thrown [s\src\hotspot\share\prims\jni.cpp, line 516]
Event: 0.370 Thread 0x000001ec26d7b720 Exception <a 'java/lang/ClassNotFoundException'{0x00000000ec247b68}: sun/net/www/protocol/c/Handler> (0x00000000ec247b68) 
thrown [s\src\hotspot\share\classfile\systemDictionary.cpp, line 256]
Event: 0.370 Thread 0x000001ec26d7b720 Exception <a 'java/lang/ClassNotFoundException'{0x00000000ec248ee8}: sun/net/www/protocol/f/Handler> (0x00000000ec248ee8) 
thrown [s\src\hotspot\share\classfile\systemDictionary.cpp, line 256]
Event: 0.370 Thread 0x000001ec26d7b720 Exception <a 'java/lang/ClassNotFoundException'{0x00000000ec24a0a8}: sun/net/www/protocol/c/Handler> (0x00000000ec24a0a8) 
thrown [s\src\hotspot\share\classfile\systemDictionary.cpp, line 256]
Event: 0.373 Thread 0x000001ec26d7b720 Exception <a 'java/io/FileNotFoundException'{0x00000000ec271268}> (0x00000000ec271268) 
thrown [s\src\hotspot\share\prims\jni.cpp, line 516]
Event: 0.389 Thread 0x000001ec26d7b720 Implicit null exception at 0x000001ec3161fe7b to 0x000001ec31620804
Event: 0.389 Thread 0x000001ec26d7b720 Implicit null exception at 0x000001ec316149ec to 0x000001ec31614bc8
Event: 0.390 Thread 0x000001ec26d7b720 Implicit null exception at 0x000001ec31611aec to 0x000001ec31611cc8
Event: 0.390 Thread 0x000001ec26d7b720 Implicit null exception at 0x000001ec315f8a8f to 0x000001ec315f8b05
Event: 0.416 Thread 0x000001ec26d7b720 Exception <a 'java/lang/NoSuchMethodError'{0x00000000eacbfb98}: 'int java.lang.invoke.DirectMethodHandle$Holder.invokeStaticInit(java.lang.Object, java.lang.Object, java.lang.Object, java.lang.Object)'> (0x00000000eacbfb98) 
thrown [s\src\hotspot\share\interpreter\linkResolver.cpp, line 759]
Event: 0.416 Thread 0x000001ec26d7b720 Exception <a 'java/lang/NoSuchMethodError'{0x00000000eacca310}: 'java.lang.Object java.lang.invoke.DirectMethodHandle$Holder.invokeInterface(java.lang.Object, java.lang.Object)'> (0x00000000eacca310) 
thrown [s\src\hotspot\share\interpreter\linkResolver.cpp, line 759]
Event: 0.416 Thread 0x000001ec26d7b720 Exception <a 'java/lang/IncompatibleClassChangeError'{0x00000000eaccdb08}: Found class java.lang.Object, but interface was expected> (0x00000000eaccdb08) 
thrown [s\src\hotspot\share\interpreter\linkResolver.cpp, line 826]
Event: 0.417 Thread 0x000001ec26d7b720 Exception <a 'java/lang/NoSuchMethodError'{0x00000000eacd1ff8}: 'void java.lang.invoke.DirectMethodHandle$Holder.invokeStatic(java.lang.Object, java.lang.Object)'> (0x00000000eacd1ff8) 
thrown [s\src\hotspot\share\interpreter\linkResolver.cpp, line 759]
Event: 0.417 Thread 0x000001ec26d7b720 Exception <a 'java/lang/NoSuchMethodError'{0x00000000eacd57f8}: 'void java.lang.invoke.DirectMethodHandle$Holder.invokeStaticInit(java.lang.Object, java.lang.Object)'> (0x00000000eacd57f8) 
thrown [s\src\hotspot\share\interpreter\linkResolver.cpp, line 759]
Event: 0.417 Thread 0x000001ec26d7b720 Exception <a 'java/lang/NoSuchMethodError'{0x00000000eacdcd88}: 'int java.lang.invoke.DirectMethodHandle$Holder.invokeStaticInit(java.lang.Object, java.lang.Object)'> (0x00000000eacdcd88) 
thrown [s\src\hotspot\share\interpreter\linkResolver.cpp, line 759]
Event: 0.444 Thread 0x000001ec26d7b720 Exception <a 'java/lang/NoSuchMethodError'{0x00000000eae27e08}: 'void java.lang.invoke.DirectMethodHandle$Holder.invokeSpecial(java.lang.Object, java.lang.Object, java.lang.Object)'> (0x00000000eae27e08) 
thrown [s\src\hotspot\share\interpreter\linkResolver.cpp, line 759]

VM Operations (12 events):
Event: 0.074 Executing VM operation: HandshakeAllThreads
Event: 0.074 Executing VM operation: HandshakeAllThreads done
Event: 0.121 Executing VM operation: HandshakeAllThreads
Event: 0.121 Executing VM operation: HandshakeAllThreads done
Event: 0.252 Executing VM operation: HandshakeAllThreads
Event: 0.252 Executing VM operation: HandshakeAllThreads done
Event: 0.261 Executing VM operation: HandshakeAllThreads
Event: 0.261 Executing VM operation: HandshakeAllThreads done
Event: 0.373 Executing VM operation: ICBufferFull
Event: 0.373 Executing VM operation: ICBufferFull done
Event: 0.396 Executing VM operation: ParallelGCFailedAllocation
Event: 0.399 Executing VM operation: ParallelGCFailedAllocation done

Events (20 events):
Event: 0.455 loading class java/util/concurrent/SynchronousQueue$TransferStack
Event: 0.455 loading class java/util/concurrent/SynchronousQueue$Transferer
Event: 0.455 loading class java/util/concurrent/SynchronousQueue$Transferer done
Event: 0.455 loading class java/util/concurrent/SynchronousQueue$TransferStack done
Event: 0.455 loading class java/util/concurrent/SynchronousQueue$TransferStack$SNode
Event: 0.455 loading class java/util/concurrent/ForkJoinPool$ManagedBlocker
Event: 0.455 loading class java/util/concurrent/ForkJoinPool$ManagedBlocker done
Event: 0.455 loading class java/util/concurrent/SynchronousQueue$TransferStack$SNode done
Event: 0.455 loading class java/util/concurrent/RejectedExecutionHandler
Event: 0.455 loading class java/util/concurrent/RejectedExecutionHandler done
Event: 0.455 loading class java/util/concurrent/LinkedBlockingQueue
Event: 0.456 loading class java/util/concurrent/LinkedBlockingQueue done
Event: 0.456 loading class java/util/concurrent/LinkedBlockingQueue$Node
Event: 0.456 loading class java/util/concurrent/LinkedBlockingQueue$Node done
Event: 0.461 loading class java/util/concurrent/Semaphore$NonfairSync
Event: 0.461 loading class java/util/concurrent/Semaphore$Sync
Event: 0.461 loading class java/util/concurrent/Semaphore$Sync done
Event: 0.461 loading class java/util/concurrent/Semaphore$NonfairSync done
Event: 0.483 loading class java/lang/TypeNotPresentException
Event: 0.483 loading class java/lang/TypeNotPresentException done


Dynamic libraries:
0x00007ff7e2ef0000 - 0x00007ff7e2efe000 	c:\Users\Sayan Ghosh\.vscode\extensions\redhat.java-1.26.0-win32-x64\jre\17.0.9-win32-x86_64\bin\java.exe
0x00007ffe8dc10000 - 0x00007ffe8de08000 	C:\Windows\SYSTEM32\ntdll.dll
0x00007ffe8cbc0000 - 0x00007ffe8cc7f000 	C:\Windows\System32\KERNEL32.DLL
0x00007ffe8b500000 - 0x00007ffe8b7d2000 	C:\Windows\System32\KERNELBASE.dll
0x00007ffe8b3d0000 - 0x00007ffe8b4d0000 	C:\Windows\System32\ucrtbase.dll
0x00007ffe0b5c0000 - 0x00007ffe0b5db000 	c:\Users\Sayan Ghosh\.vscode\extensions\redhat.java-1.26.0-win32-x64\jre\17.0.9-win32-x86_64\bin\VCRUNTIME140.dll
0x00007ffe0e7e0000 - 0x00007ffe0e7f7000 	c:\Users\Sayan Ghosh\.vscode\extensions\redhat.java-1.26.0-win32-x64\jre\17.0.9-win32-x86_64\bin\jli.dll
0x00007ffe8ccf0000 - 0x00007ffe8ce91000 	C:\Windows\System32\USER32.dll
0x00007ffe8ba50000 - 0x00007ffe8ba72000 	C:\Windows\System32\win32u.dll
0x00007ffe8c990000 - 0x00007ffe8c9bb000 	C:\Windows\System32\GDI32.dll
0x00007ffe75950000 - 0x00007ffe75bea000 	C:\Windows\WinSxS\amd64_microsoft.windows.common-controls_6595b64144ccf1df_6.0.19041.1110_none_60b5254171f9507e\COMCTL32.dll
0x00007ffe8b7e0000 - 0x00007ffe8b8ef000 	C:\Windows\System32\gdi32full.dll
0x00007ffe8cb20000 - 0x00007ffe8cbbe000 	C:\Windows\System32\msvcrt.dll
0x00007ffe8ba80000 - 0x00007ffe8bb1d000 	C:\Windows\System32\msvcp_win.dll
0x00007ffe8c9c0000 - 0x00007ffe8c9f0000 	C:\Windows\System32\IMM32.DLL
0x00007ffe6f6b0000 - 0x00007ffe6f6bc000 	c:\Users\Sayan Ghosh\.vscode\extensions\redhat.java-1.26.0-win32-x64\jre\17.0.9-win32-x86_64\bin\vcruntime140_1.dll
0x00007ffe0b530000 - 0x00007ffe0b5bd000 	c:\Users\Sayan Ghosh\.vscode\extensions\redhat.java-1.26.0-win32-x64\jre\17.0.9-win32-x86_64\bin\msvcp140.dll
0x00007ffe0a8c0000 - 0x00007ffe0b521000 	c:\Users\Sayan Ghosh\.vscode\extensions\redhat.java-1.26.0-win32-x64\jre\17.0.9-win32-x86_64\bin\server\jvm.dll
0x00007ffe8c8e0000 - 0x00007ffe8c98e000 	C:\Windows\System32\ADVAPI32.dll
0x00007ffe8bda0000 - 0x00007ffe8be3c000 	C:\Windows\System32\sechost.dll
0x00007ffe8cfd0000 - 0x00007ffe8d0f4000 	C:\Windows\System32\RPCRT4.dll
0x00007ffe8a850000 - 0x00007ffe8a89b000 	C:\Windows\SYSTEM32\POWRPROF.dll
0x00007ffe75760000 - 0x00007ffe75769000 	C:\Windows\SYSTEM32\WSOCK32.dll
0x00007ffe80790000 - 0x00007ffe807b7000 	C:\Windows\SYSTEM32\WINMM.dll
0x00007ffe8c400000 - 0x00007ffe8c46b000 	C:\Windows\System32\WS2_32.dll
0x00007ffe81700000 - 0x00007ffe8170a000 	C:\Windows\SYSTEM32\VERSION.dll
0x00007ffe8a710000 - 0x00007ffe8a722000 	C:\Windows\SYSTEM32\UMPDC.dll
0x00007ffe891b0000 - 0x00007ffe891c2000 	C:\Windows\SYSTEM32\kernel.appcore.dll
0x00007ffe577b0000 - 0x00007ffe577ba000 	c:\Users\Sayan Ghosh\.vscode\extensions\redhat.java-1.26.0-win32-x64\jre\17.0.9-win32-x86_64\bin\jimage.dll
0x00007ffe7f5e0000 - 0x00007ffe7f7c4000 	C:\Windows\SYSTEM32\DBGHELP.DLL
0x00007ffe72ee0000 - 0x00007ffe72f15000 	C:\Windows\SYSTEM32\dbgcore.DLL
0x00007ffe8bbd0000 - 0x00007ffe8bc52000 	C:\Windows\System32\bcryptPrimitives.dll
0x00007ffe53ab0000 - 0x00007ffe53abe000 	c:\Users\Sayan Ghosh\.vscode\extensions\redhat.java-1.26.0-win32-x64\jre\17.0.9-win32-x86_64\bin\instrument.dll
0x00007ffe0a890000 - 0x00007ffe0a8b5000 	c:\Users\Sayan Ghosh\.vscode\extensions\redhat.java-1.26.0-win32-x64\jre\17.0.9-win32-x86_64\bin\java.dll
0x00007ffe0a870000 - 0x00007ffe0a888000 	c:\Users\Sayan Ghosh\.vscode\extensions\redhat.java-1.26.0-win32-x64\jre\17.0.9-win32-x86_64\bin\zip.dll
0x00007ffe8d100000 - 0x00007ffe8d845000 	C:\Windows\System32\SHELL32.dll
0x00007ffe893b0000 - 0x00007ffe89b42000 	C:\Windows\SYSTEM32\windows.storage.dll
0x00007ffe8d850000 - 0x00007ffe8dba5000 	C:\Windows\System32\combase.dll
0x00007ffe8ac90000 - 0x00007ffe8acc0000 	C:\Windows\SYSTEM32\Wldp.dll
0x00007ffe8be40000 - 0x00007ffe8beed000 	C:\Windows\System32\SHCORE.dll
0x00007ffe8bfe0000 - 0x00007ffe8c035000 	C:\Windows\System32\shlwapi.dll
0x00007ffe8b250000 - 0x00007ffe8b26f000 	C:\Windows\SYSTEM32\profapi.dll
0x00007ffe0a850000 - 0x00007ffe0a869000 	C:\Users\Sayan Ghosh\.vscode\extensions\redhat.java-1.26.0-win32-x64\jre\17.0.9-win32-x86_64\bin\net.dll
0x00007ffe845d0000 - 0x00007ffe846da000 	C:\Windows\SYSTEM32\WINHTTP.dll
0x00007ffe8aa70000 - 0x00007ffe8aada000 	C:\Windows\system32\mswsock.dll
0x00007ffe0a830000 - 0x00007ffe0a846000 	C:\Users\Sayan Ghosh\.vscode\extensions\redhat.java-1.26.0-win32-x64\jre\17.0.9-win32-x86_64\bin\nio.dll
0x00007ffe38160000 - 0x00007ffe38170000 	c:\Users\Sayan Ghosh\.vscode\extensions\redhat.java-1.26.0-win32-x64\jre\17.0.9-win32-x86_64\bin\verify.dll

dbghelp: loaded successfully - version: 4.0.5 - missing functions: none
symbol engine: initialized successfully - sym options: 0x614 - pdb path: .;c:\Users\Sayan Ghosh\.vscode\extensions\redhat.java-1.26.0-win32-x64\jre\17.0.9-win32-x86_64\bin;C:\Windows\SYSTEM32;C:\Windows\WinSxS\amd64_microsoft.windows.common-controls_6595b64144ccf1df_6.0.19041.1110_none_60b5254171f9507e;c:\Users\Sayan Ghosh\.vscode\extensions\redhat.java-1.26.0-win32-x64\jre\17.0.9-win32-x86_64\bin\server

VM Arguments:
jvm_args: --add-modules=ALL-SYSTEM --add-opens=java.base/java.util=ALL-UNNAMED --add-opens=java.base/java.lang=ALL-UNNAMED --add-opens=java.base/sun.nio.fs=ALL-UNNAMED -Declipse.application=org.eclipse.jdt.ls.core.id1 -Dosgi.bundles.defaultStartLevel=4 -Declipse.product=org.eclipse.jdt.ls.core.product -Djava.import.generatesMetadataFilesAtProjectRoot=false -DDetectVMInstallationsJob.disabled=true -Dfile.encoding=utf8 -XX:+UseParallelGC -XX:GCTimeRatio=4 -XX:AdaptiveSizePolicyWeight=90 -Dsun.zip.disableMemoryMapping=true -Xmx1G -Xms100m -Xlog:disable -javaagent:c:\Users\Sayan Ghosh\.vscode\extensions\redhat.java-1.26.0-win32-x64\lombok\lombok-1.18.31-3454.jar -XX:+HeapDumpOnOutOfMemoryError -XX:HeapDumpPath=c:\Users\Sayan Ghosh\AppData\Roaming\Code\User\workspaceStorage\71fea7bdf8d57efb4098bb74103d8f48\redhat.java -Daether.dependencyCollector.impl=bf 
java_command: c:\Users\Sayan Ghosh\.vscode\extensions\redhat.java-1.26.0-win32-x64\server\plugins\org.eclipse.equinox.launcher_1.6.700.v20231214-2017.jar -configuration c:\Users\Sayan Ghosh\AppData\Roaming\Code\User\globalStorage\redhat.java\1.26.0\config_win -data c:\Users\Sayan Ghosh\AppData\Roaming\Code\User\workspaceStorage\71fea7bdf8d57efb4098bb74103d8f48\redhat.java\jdt_ws --stdio
java_class_path (initial): c:\Users\Sayan Ghosh\.vscode\extensions\redhat.java-1.26.0-win32-x64\server\plugins\org.eclipse.equinox.launcher_1.6.700.v20231214-2017.jar
Launcher Type: SUN_STANDARD

[Global flags]
    uintx AdaptiveSizePolicyWeight                 = 90                                        {product} {command line}
     intx CICompilerCount                          = 12                                        {product} {ergonomic}
    uintx GCTimeRatio                              = 4                                         {product} {command line}
     bool HeapDumpOnOutOfMemoryError               = true                                   {manageable} {command line}
    ccstr HeapDumpPath                             = c:\Users\Sayan Ghosh\AppData\Roaming\Code\User\workspaceStorage\71fea7bdf8d57efb4098bb74103d8f48\redhat.java         {manageable} {command line}
   size_t InitialHeapSize                          = 104857600                                 {product} {command line}
   size_t MaxHeapSize                              = 1073741824                                {product} {command line}
   size_t MaxNewSize                               = 357564416                                 {product} {ergonomic}
   size_t MinHeapDeltaBytes                        = 524288                                    {product} {ergonomic}
   size_t MinHeapSize                              = 104857600                                 {product} {command line}
   size_t NewSize                                  = 34603008                                  {product} {ergonomic}
    uintx NonNMethodCodeHeapSize                   = 7602480                                {pd product} {ergonomic}
    uintx NonProfiledCodeHeapSize                  = 122027880                              {pd product} {ergonomic}
   size_t OldSize                                  = 70254592                                  {product} {ergonomic}
    uintx ProfiledCodeHeapSize                     = 122027880                              {pd product} {ergonomic}
    uintx ReservedCodeCacheSize                    = 251658240                              {pd product} {ergonomic}
     bool SegmentedCodeCache                       = true                                      {product} {ergonomic}
   size_t SoftMaxHeapSize                          = 1073741824                             {manageable} {ergonomic}
     bool UseCompressedClassPointers               = true                           {product lp64_product} {ergonomic}
     bool UseCompressedOops                        = true                           {product lp64_product} {ergonomic}
     bool UseLargePagesIndividualAllocation        = false                                  {pd product} {ergonomic}
     bool UseParallelGC                            = true                                      {product} {command line}

Logging:
Log output configuration:
 #0: stdout all=off uptime,level,tags
 #1: stderr all=off uptime,level,tags

Environment Variables:
JAVA_HOME=C:\Users\Sayan Ghosh\AppData\Local\Programs\Eclipse Adoptium\jdk-17.0.8.7-hotspot\
PATH=C:\Python311\Scripts\;C:\Python311\;C:\Windows\system32;C:\Windows;C:\Windows\System32\Wbem;C:\Windows\System32\WindowsPowerShell\v1.0\;C:\Windows\System32\OpenSSH\;C:\Program Files (x86)\NVIDIA Corporation\PhysX\Common;C:\Program Files\NVIDIA Corporation\NVIDIA NvDLISR;C:\MinGW\bin;C:\Program Files\Git\cmd;C:\Program Files\nodejs\;C:\ProgramData\chocolatey\bin;C:\Users\Sayan Ghosh\AppData\Local\Android\Sdk;C:\Users\Sayan Ghosh\AppData\Local\Android\Sdk\platform-tools;C:\Users\Sayan Ghosh\AppData\Local\Android\Sdk\emulator;C:\Users\Sayan Ghosh\AppData\Local\Android\Sdk\tools;C:\Users\Sayan Ghosh\AppData\Local\Android\Sdk\tools\bin;C:\Users\Sayan Ghosh\AppData\Local\Programs\Eclipse Adoptium\jdk-17.0.8.7-hotspot\bin;C:\Users\Sayan Ghosh\AppData\Local\Microsoft\WindowsApps;C:\Microsoft VS Code\bin;C:\Users\Sayan Ghosh\AppData\Local\GitHubDesktop\bin;C:\Users\Sayan Ghosh\AppData\Roaming\npm;C:\flutter\bin;C:\tools\dart-sdk\bin;C:\Users\Sayan Ghosh\AppData\Local\Pub\Cache\bin;C:\flutter\bin;C:\Users\Sayan Ghosh\AppData\Local\Android\Sdk;C:\Users\Sayan Ghosh\AppData\Local\Android\Sdk\platform-tools;C:\Users\Sayan Ghosh\AppData\Local\Android\Sdk\emulator;C:\Users\Sayan Ghosh\AppData\Local\Android\Sdk\tools;C:\Users\Sayan Ghosh\AppData\Local\Android\Sdk\tools\bin;
USERNAME=Sayan Ghosh
OS=Windows_NT
PROCESSOR_IDENTIFIER=Intel64 Family 6 Model 191 Stepping 2, GenuineIntel
TMP=C:\Users\SAYANG~1\AppData\Local\Temp
TEMP=C:\Users\SAYANG~1\AppData\Local\Temp



Periodic native trim disabled


---------------  S Y S T E M  ---------------

OS:
 Windows 10 , 64 bit Build 19041 (10.0.19041.2546)
OS uptime: 0 days 0:03 hours
Hyper-V role detected

CPU: total 16 (initial active 16) (8 cores per cpu, 2 threads per core) family 6 model 191 stepping 2 microcode 0x26, cx8, cmov, fxsr, ht, mmx, 3dnowpref, sse, sse2, sse3, ssse3, sse4.1, sse4.2, popcnt, lzcnt, tsc, tscinvbit, avx, avx2, aes, erms, clmul, bmi1, bmi2, adx, sha, fma, vzeroupper, clflush, clflushopt, clwb, hv
Processor Information for all 16 processors :
  Max Mhz: 2500, Current Mhz: 2500, Mhz Limit: 2500

Memory: 4k page, system-wide physical 16222M (1806M free)
TotalPageFile size 16222M (AvailPageFile size 5M)
current process WorkingSet (physical memory assigned to process): 80M, peak: 81M
current process commit charge ("private bytes"): 220M, peak: 221M

vm_info: OpenJDK 64-Bit Server VM (17.0.9+9) for windows-amd64 JRE (17.0.9+9), built on Oct 26 2023 14:01:42 by "admin" with MS VC++ 16.10 / 16.11 (VS2019)

END.
