#
# There is insufficient memory for the Java Runtime Environment to continue.
# Native memory allocation (malloc) failed to allocate 985440 bytes for Chunk::new
# Possible reasons:
#   The system is out of physical RAM or swap space
#   The process is running with CompressedOops enabled, and the Java Heap may be blocking the growth of the native heap
# Possible solutions:
#   Reduce memory load on the system
#   Increase physical memory or swap space
#   Check if swap backing store is full
#   Decrease Java heap size (-Xmx/-Xms)
#   Decrease number of Java threads
#   Decrease Java thread stack sizes (-Xss)
#   Set larger code cache with -XX:ReservedCodeCacheSize=
#   JVM is running with Unscaled Compressed Oops mode in which the Java heap is
#     placed in the first 4GB address space. The Java Heap base address is the
#     maximum limit for the native heap growth. Please use -XX:HeapBaseMinAddress
#     to set the Java Heap base and to place the Java Heap above 4GB virtual address.
# This output file may be truncated or incomplete.
#
#  Out of Memory Error (arena.cpp:189), pid=15232, tid=11076
#
# JRE version: OpenJDK Runtime Environment Temurin-17.0.8+7 (17.0.8+7) (build 17.0.8+7)
# Java VM: OpenJDK 64-Bit Server VM Temurin-17.0.8+7 (17.0.8+7, mixed mode, sharing, tiered, compressed oops, compressed class ptrs, g1 gc, windows-amd64)
# No core dump will be written. Minidumps are not enabled by default on client versions of Windows
#

---------------  S U M M A R Y ------------

Command Line: -XX:MaxMetaspaceSize=512m --add-opens=java.base/java.util=ALL-UNNAMED --add-opens=java.base/java.lang=ALL-UNNAMED --add-opens=java.base/java.lang.invoke=ALL-UNNAMED --add-opens=java.prefs/java.util.prefs=ALL-UNNAMED --add-opens=java.base/java.nio.charset=ALL-UNNAMED --add-opens=java.base/java.net=ALL-UNNAMED --add-opens=java.base/java.util.concurrent.atomic=ALL-UNNAMED -Xmx2048m -Dfile.encoding=windows-1252 -Duser.country=US -Duser.language=en -Duser.variant -javaagent:C:\Users\Sayan Ghosh\.gradle\wrapper\dists\gradle-8.3-all\6en3ugtfdg5xnpx44z4qbwgas\gradle-8.3\lib\agents\gradle-instrumentation-agent-8.3.jar org.gradle.launcher.daemon.bootstrap.GradleDaemon 8.3

Host: 13th Gen Intel(R) Core(TM) i5-13400F, 16 cores, 15G,  Windows 10 , 64 bit Build 19041 (10.0.19041.2546)
Time: Wed Jan 10 21:43:27 2024 India Standard Time elapsed time: 2.325705 seconds (0d 0h 0m 2s)

---------------  T H R E A D  ---------------

Current thread (0x0000013748a098d0):  JavaThread "C2 CompilerThread2" daemon [_thread_in_native, id=11076, stack(0x0000002034100000,0x0000002034200000)]


Current CompileTask:
C2:   2325 3257  s!   4       jdk.internal.loader.URLClassPath::getLoader (194 bytes)

Stack: [0x0000002034100000,0x0000002034200000]
Native frames: (J=compiled Java code, j=interpreted, Vv=VM code, C=native code)
V  [jvm.dll+0x678b0a]
V  [jvm.dll+0x835e84]
V  [jvm.dll+0x83762e]
V  [jvm.dll+0x837c93]
V  [jvm.dll+0x24746f]
V  [jvm.dll+0xac20c]
V  [jvm.dll+0xac7dc]
V  [jvm.dll+0x365ca7]
V  [jvm.dll+0x1bd012]
V  [jvm.dll+0x219d49]
V  [jvm.dll+0x219011]
V  [jvm.dll+0x1a534d]
V  [jvm.dll+0x228d8a]
V  [jvm.dll+0x226dcc]
V  [jvm.dll+0x7ec09b]
V  [jvm.dll+0x7e64ca]
V  [jvm.dll+0x677955]
C  [ucrtbase.dll+0x21bb2]
C  [KERNEL32.DLL+0x17614]
C  [ntdll.dll+0x526a1]


---------------  P R O C E S S  ---------------

Threads class SMR info:
_java_thread_list=0x0000013748dfbeb0, length=42, elements={
0x0000013707204ad0, 0x0000013725b57ea0, 0x0000013725b58c30, 0x0000013725b757e0,
0x0000013725b778d0, 0x0000013725b781a0, 0x0000013725b78e80, 0x0000013725b7b8b0,
0x0000013725b7c7e0, 0x0000013725b7f920, 0x00000137263684a0, 0x0000013726331f70,
0x00000137263328a0, 0x000001372637cbe0, 0x00000137264884f0, 0x00000137474816a0,
0x00000137464c6b80, 0x00000137464c7060, 0x000001374776beb0, 0x0000013747554c80,
0x0000013747336300, 0x00000137473349b0, 0x0000013747333060, 0x0000013747334ec0,
0x00000137473344a0, 0x0000013747335df0, 0x0000013747336810, 0x0000013747333570,
0x00000137473358e0, 0x0000013747333a80, 0x0000013747333f90, 0x0000013747e40060,
0x0000013747e465a0, 0x0000013747e40f90, 0x0000013747e414a0, 0x0000013747e45670,
0x0000013747e419b0, 0x00000137489ced60, 0x0000013748a098d0, 0x000001374992b6a0,
0x000001374992bbc0, 0x00000137495bb030
}

Java Threads: ( => current thread )
  0x0000013707204ad0 JavaThread "main" [_thread_blocked, id=18452, stack(0x0000002030600000,0x0000002030700000)]
  0x0000013725b57ea0 JavaThread "Reference Handler" daemon [_thread_blocked, id=10644, stack(0x0000002030d00000,0x0000002030e00000)]
  0x0000013725b58c30 JavaThread "Finalizer" daemon [_thread_blocked, id=15992, stack(0x0000002030e00000,0x0000002030f00000)]
  0x0000013725b757e0 JavaThread "Signal Dispatcher" daemon [_thread_blocked, id=15212, stack(0x0000002030f00000,0x0000002031000000)]
  0x0000013725b778d0 JavaThread "Attach Listener" daemon [_thread_blocked, id=16932, stack(0x0000002031000000,0x0000002031100000)]
  0x0000013725b781a0 JavaThread "Service Thread" daemon [_thread_blocked, id=4632, stack(0x0000002031100000,0x0000002031200000)]
  0x0000013725b78e80 JavaThread "Monitor Deflation Thread" daemon [_thread_blocked, id=1944, stack(0x0000002031200000,0x0000002031300000)]
  0x0000013725b7b8b0 JavaThread "C2 CompilerThread0" daemon [_thread_in_native, id=8844, stack(0x0000002031300000,0x0000002031400000)]
  0x0000013725b7c7e0 JavaThread "C1 CompilerThread0" daemon [_thread_blocked, id=13776, stack(0x0000002031400000,0x0000002031500000)]
  0x0000013725b7f920 JavaThread "Sweeper thread" daemon [_thread_blocked, id=19496, stack(0x0000002031500000,0x0000002031600000)]
  0x00000137263684a0 JavaThread "Common-Cleaner" daemon [_thread_blocked, id=11268, stack(0x0000002031600000,0x0000002031700000)]
  0x0000013726331f70 JavaThread "C1 CompilerThread1" daemon [_thread_blocked, id=7976, stack(0x0000002031700000,0x0000002031800000)]
  0x00000137263328a0 JavaThread "C1 CompilerThread2" daemon [_thread_blocked, id=9112, stack(0x0000002031800000,0x0000002031900000)]
  0x000001372637cbe0 JavaThread "C1 CompilerThread3" daemon [_thread_blocked, id=15004, stack(0x0000002031900000,0x0000002031a00000)]
  0x00000137264884f0 JavaThread "Notification Thread" daemon [_thread_blocked, id=13912, stack(0x0000002031b00000,0x0000002031c00000)]
  0x00000137474816a0 JavaThread "Daemon health stats" [_thread_blocked, id=19860, stack(0x0000002032400000,0x0000002032500000)]
  0x00000137464c6b80 JavaThread "Incoming local TCP Connector on port 63437" [_thread_in_native, id=14160, stack(0x0000002032500000,0x0000002032600000)]
  0x00000137464c7060 JavaThread "Daemon periodic checks" [_thread_blocked, id=8008, stack(0x0000002032600000,0x0000002032700000)]
  0x000001374776beb0 JavaThread "Daemon" [_thread_blocked, id=19796, stack(0x0000002032700000,0x0000002032800000)]
  0x0000013747554c80 JavaThread "Handler for socket connection from /127.0.0.1:63437 to /127.0.0.1:63439" [_thread_in_native, id=13156, stack(0x0000002032800000,0x0000002032900000)]
  0x0000013747336300 JavaThread "Cancel handler" [_thread_blocked, id=14680, stack(0x0000002032900000,0x0000002032a00000)]
  0x00000137473349b0 JavaThread "Daemon worker" [_thread_in_vm, id=13960, stack(0x0000002032a00000,0x0000002032b00000)]
  0x0000013747333060 JavaThread "Asynchronous log dispatcher for DefaultDaemonConnection: socket connection from /127.0.0.1:63437 to /127.0.0.1:63439" [_thread_blocked, id=16604, stack(0x0000002032b00000,0x0000002032c00000)]
  0x0000013747334ec0 JavaThread "Stdin handler" [_thread_blocked, id=13384, stack(0x0000002032c00000,0x0000002032d00000)]
  0x00000137473344a0 JavaThread "Daemon client event forwarder" [_thread_blocked, id=12824, stack(0x0000002032d00000,0x0000002032e00000)]
  0x0000013747335df0 JavaThread "Cache worker for journal cache (C:\Users\Sayan Ghosh\.gradle\caches\journal-1)" [_thread_blocked, id=8820, stack(0x0000002032e00000,0x0000002032f00000)]
  0x0000013747336810 JavaThread "File lock request listener" [_thread_in_native, id=2376, stack(0x0000002032f00000,0x0000002033000000)]
  0x0000013747333570 JavaThread "Cache worker for file hash cache (C:\Users\Sayan Ghosh\.gradle\caches\8.3\fileHashes)" [_thread_blocked, id=13624, stack(0x0000002033000000,0x0000002033100000)]
  0x00000137473358e0 JavaThread "File watcher server" daemon [_thread_in_native, id=16136, stack(0x0000002033100000,0x0000002033200000)]
  0x0000013747333a80 JavaThread "File watcher consumer" daemon [_thread_blocked, id=16300, stack(0x0000002033200000,0x0000002033300000)]
  0x0000013747333f90 JavaThread "File lock release action executor" [_thread_blocked, id=5700, stack(0x0000002033300000,0x0000002033400000)]
  0x0000013747e40060 JavaThread "Cache worker for checksums cache (F:\Programs\React Native APP\backgroundchanger\android\.gradle\8.3\checksums)" [_thread_blocked, id=16852, stack(0x0000002033400000,0x0000002033500000)]
  0x0000013747e465a0 JavaThread "Cache worker for file hash cache (F:\Programs\React Native APP\backgroundchanger\android\.gradle\8.3\fileHashes)" [_thread_blocked, id=12552, stack(0x0000002031a00000,0x0000002031b00000)]
  0x0000013747e40f90 JavaThread "Cache worker for cache directory md-supplier (C:\Users\Sayan Ghosh\.gradle\caches\8.3\md-supplier)" [_thread_blocked, id=1976, stack(0x0000002031d00000,0x0000002031e00000)]
  0x0000013747e414a0 JavaThread "Cache worker for file content cache (C:\Users\Sayan Ghosh\.gradle\caches\8.3\fileContent)" [_thread_blocked, id=19572, stack(0x0000002032300000,0x0000002032400000)]
  0x0000013747e45670 JavaThread "Cache worker for cache directory md-rule (C:\Users\Sayan Ghosh\.gradle\caches\8.3\md-rule)" [_thread_blocked, id=7904, stack(0x0000002033e00000,0x0000002033f00000)]
  0x0000013747e419b0 JavaThread "Cache worker for execution history cache (C:\Users\Sayan Ghosh\.gradle\caches\8.3\executionHistory)" [_thread_blocked, id=20292, stack(0x0000002033f00000,0x0000002034000000)]
  0x00000137489ced60 JavaThread "C2 CompilerThread1" daemon [_thread_blocked, id=11828, stack(0x0000002034000000,0x0000002034100000)]
=>0x0000013748a098d0 JavaThread "C2 CompilerThread2" daemon [_thread_in_native, id=11076, stack(0x0000002034100000,0x0000002034200000)]
  0x000001374992b6a0 JavaThread "C2 CompilerThread3" daemon [_thread_blocked, id=18368, stack(0x0000002034200000,0x0000002034300000)]
  0x000001374992bbc0 JavaThread "C2 CompilerThread4" daemon [_thread_blocked, id=2144, stack(0x0000002034300000,0x0000002034400000)]
  0x00000137495bb030 JavaThread "C2 CompilerThread5" daemon [_thread_blocked, id=7908, stack(0x0000002034400000,0x0000002034500000)]

Other Threads:
  0x0000013725b52d40 VMThread "VM Thread" [stack: 0x0000002030c00000,0x0000002030d00000] [id=1404]
  0x00000137264d4ac0 WatcherThread [stack: 0x0000002031c00000,0x0000002031d00000] [id=15140]
  0x000001370725cdb0 GCTaskThread "GC Thread#0" [stack: 0x0000002030700000,0x0000002030800000] [id=8004]
  0x0000013746674ea0 GCTaskThread "GC Thread#1" [stack: 0x0000002031e00000,0x0000002031f00000] [id=19136]
  0x0000013726ba4b60 GCTaskThread "GC Thread#2" [stack: 0x0000002031f00000,0x0000002032000000] [id=14892]
  0x0000013726ba4e20 GCTaskThread "GC Thread#3" [stack: 0x0000002032000000,0x0000002032100000] [id=10136]
  0x00000137464ec920 GCTaskThread "GC Thread#4" [stack: 0x0000002032100000,0x0000002032200000] [id=5452]
  0x0000013746064490 GCTaskThread "GC Thread#5" [stack: 0x0000002032200000,0x0000002032300000] [id=11092]
  0x0000013746221160 GCTaskThread "GC Thread#6" [stack: 0x0000002033500000,0x0000002033600000] [id=6036]
  0x0000013746220920 GCTaskThread "GC Thread#7" [stack: 0x0000002033600000,0x0000002033700000] [id=13972]
  0x0000013746220be0 GCTaskThread "GC Thread#8" [stack: 0x0000002033700000,0x0000002033800000] [id=9880]
  0x000001374621fb60 GCTaskThread "GC Thread#9" [stack: 0x0000002033800000,0x0000002033900000] [id=7036]
  0x0000013746221420 GCTaskThread "GC Thread#10" [stack: 0x0000002033900000,0x0000002033a00000] [id=3128]
  0x00000137462216e0 GCTaskThread "GC Thread#11" [stack: 0x0000002033a00000,0x0000002033b00000] [id=3960]
  0x000001374621fe20 GCTaskThread "GC Thread#12" [stack: 0x0000002033b00000,0x0000002033c00000] [id=8940]
  0x000001370726de20 ConcurrentGCThread "G1 Main Marker" [stack: 0x0000002030800000,0x0000002030900000] [id=4608]
  0x000001370726f750 ConcurrentGCThread "G1 Conc#0" [stack: 0x0000002030900000,0x0000002030a00000] [id=13632]
  0x000001374a2a57e0 ConcurrentGCThread "G1 Conc#1" [stack: 0x0000002033c00000,0x0000002033d00000] [id=12692]
  0x000001374a2a5aa0 ConcurrentGCThread "G1 Conc#2" [stack: 0x0000002033d00000,0x0000002033e00000] [id=11408]
  0x00000137072be4a0 ConcurrentGCThread "G1 Refine#0" [stack: 0x0000002030a00000,0x0000002030b00000] [id=10020]
  0x0000013725a8dd70 ConcurrentGCThread "G1 Service" [stack: 0x0000002030b00000,0x0000002030c00000] [id=1920]

Threads with active compile tasks:
C2 CompilerThread0     2359 3258       4       jdk.internal.loader.URLClassPath::getResource (74 bytes)
C2 CompilerThread2     2359 3257  s!   4       jdk.internal.loader.URLClassPath::getLoader (194 bytes)

VM state: not at safepoint (normal execution)

VM Mutex/Monitor currently owned by a thread: None

Heap address: 0x0000000080000000, size: 2048 MB, Compressed Oops mode: 32-bit

CDS archive(s) mapped at: [0x0000013727000000-0x0000013727bd0000-0x0000013727bd0000), size 12386304, SharedBaseAddress: 0x0000013727000000, ArchiveRelocationMode: 1.
Compressed class space mapped at: 0x0000013728000000-0x0000013742000000, reserved size: 436207616
Narrow klass base: 0x0000013727000000, Narrow klass shift: 0, Narrow klass range: 0x100000000

GC Precious Log:
 CPUs: 16 total, 16 available
 Memory: 16222M
 Large Page Support: Disabled
 NUMA Support: Disabled
 Compressed Oops: Enabled (32-bit)
 Heap Region Size: 1M
 Heap Min Capacity: 8M
 Heap Initial Capacity: 254M
 Heap Max Capacity: 2G
 Pre-touch: Disabled
 Parallel Workers: 13
 Concurrent Workers: 3
 Concurrent Refinement Workers: 13
 Periodic GC: Disabled

Heap:
 garbage-first heap   total 86016K, used 26005K [0x0000000080000000, 0x0000000100000000)
  region size 1024K, 5 young (5120K), 4 survivors (4096K)
 Metaspace       used 28019K, committed 28352K, reserved 491520K
  class space    used 3977K, committed 4096K, reserved 425984K

Heap Regions: E=young(eden), S=young(survivor), O=old, HS=humongous(starts), HC=humongous(continues), CS=collection set, F=free, OA=open archive, CA=closed archive, TAMS=top-at-mark-start (previous, next)
|   0|0x0000000080000000, 0x0000000080100000, 0x0000000080100000|100%|HS|  |TAMS 0x0000000080100000, 0x0000000080000000| Complete 
|   1|0x0000000080100000, 0x0000000080200000, 0x0000000080200000|100%|HC|  |TAMS 0x0000000080200000, 0x0000000080100000| Complete 
|   2|0x0000000080200000, 0x0000000080300000, 0x0000000080300000|100%|HC|  |TAMS 0x0000000080300000, 0x0000000080200000| Complete 
|   3|0x0000000080300000, 0x0000000080400000, 0x0000000080400000|100%|HC|  |TAMS 0x0000000080400000, 0x0000000080300000| Complete 
|   4|0x0000000080400000, 0x0000000080500000, 0x0000000080500000|100%| O|  |TAMS 0x0000000080500000, 0x0000000080400000| Untracked 
|   5|0x0000000080500000, 0x0000000080600000, 0x0000000080600000|100%| O|  |TAMS 0x0000000080600000, 0x0000000080500000| Untracked 
|   6|0x0000000080600000, 0x0000000080700000, 0x0000000080700000|100%| O|  |TAMS 0x0000000080700000, 0x0000000080600000| Untracked 
|   7|0x0000000080700000, 0x0000000080800000, 0x0000000080800000|100%| O|  |TAMS 0x0000000080800000, 0x0000000080700000| Untracked 
|   8|0x0000000080800000, 0x0000000080900000, 0x0000000080900000|100%| O|  |TAMS 0x0000000080900000, 0x0000000080800000| Untracked 
|   9|0x0000000080900000, 0x0000000080a00000, 0x0000000080a00000|100%| O|  |TAMS 0x0000000080a00000, 0x0000000080900000| Untracked 
|  10|0x0000000080a00000, 0x0000000080a67400, 0x0000000080b00000| 40%| O|  |TAMS 0x0000000080a67400, 0x0000000080a00000| Untracked 
|  11|0x0000000080b00000, 0x0000000080c00000, 0x0000000080c00000|100%| O|  |TAMS 0x0000000080b00000, 0x0000000080b00000| Untracked 
|  12|0x0000000080c00000, 0x0000000080d00000, 0x0000000080d00000|100%| O|  |TAMS 0x0000000080c00000, 0x0000000080c00000| Untracked 
|  13|0x0000000080d00000, 0x0000000080e00000, 0x0000000080e00000|100%| O|  |TAMS 0x0000000080d00000, 0x0000000080d00000| Untracked 
|  14|0x0000000080e00000, 0x0000000080f00000, 0x0000000080f00000|100%| O|  |TAMS 0x0000000080e00000, 0x0000000080e00000| Untracked 
|  15|0x0000000080f00000, 0x0000000081000000, 0x0000000081000000|100%| O|  |TAMS 0x0000000080f00000, 0x0000000080f00000| Untracked 
|  16|0x0000000081000000, 0x0000000081100000, 0x0000000081100000|100%| O|  |TAMS 0x0000000081000000, 0x0000000081000000| Untracked 
|  17|0x0000000081100000, 0x0000000081200000, 0x0000000081200000|100%| O|  |TAMS 0x0000000081100000, 0x0000000081100000| Untracked 
|  18|0x0000000081200000, 0x0000000081300000, 0x0000000081300000|100%| O|  |TAMS 0x0000000081200000, 0x0000000081200000| Untracked 
|  19|0x0000000081300000, 0x0000000081400000, 0x0000000081400000|100%| O|  |TAMS 0x0000000081300000, 0x0000000081300000| Untracked 
|  20|0x0000000081400000, 0x0000000081500000, 0x0000000081500000|100%| O|  |TAMS 0x0000000081400000, 0x0000000081400000| Untracked 
|  21|0x0000000081500000, 0x0000000081600000, 0x0000000081600000|100%| O|  |TAMS 0x0000000081500000, 0x0000000081500000| Untracked 
|  22|0x0000000081600000, 0x00000000816cf800, 0x0000000081700000| 81%| O|  |TAMS 0x0000000081600000, 0x0000000081600000| Untracked 
|  23|0x0000000081700000, 0x0000000081700000, 0x0000000081800000|  0%| F|  |TAMS 0x0000000081700000, 0x0000000081700000| Untracked 
|  24|0x0000000081800000, 0x0000000081800000, 0x0000000081900000|  0%| F|  |TAMS 0x0000000081800000, 0x0000000081800000| Untracked 
|  25|0x0000000081900000, 0x0000000081900000, 0x0000000081a00000|  0%| F|  |TAMS 0x0000000081900000, 0x0000000081900000| Untracked 
|  26|0x0000000081a00000, 0x0000000081a00000, 0x0000000081b00000|  0%| F|  |TAMS 0x0000000081a00000, 0x0000000081a00000| Untracked 
|  27|0x0000000081b00000, 0x0000000081b00000, 0x0000000081c00000|  0%| F|  |TAMS 0x0000000081b00000, 0x0000000081b00000| Untracked 
|  28|0x0000000081c00000, 0x0000000081c00000, 0x0000000081d00000|  0%| F|  |TAMS 0x0000000081c00000, 0x0000000081c00000| Untracked 
|  29|0x0000000081d00000, 0x0000000081d00000, 0x0000000081e00000|  0%| F|  |TAMS 0x0000000081d00000, 0x0000000081d00000| Untracked 
|  30|0x0000000081e00000, 0x0000000081e2e960, 0x0000000081f00000| 18%| S|CS|TAMS 0x0000000081e00000, 0x0000000081e00000| Complete 
|  31|0x0000000081f00000, 0x0000000082000000, 0x0000000082000000|100%| S|CS|TAMS 0x0000000081f00000, 0x0000000081f00000| Complete 
|  32|0x0000000082000000, 0x0000000082100000, 0x0000000082100000|100%| S|CS|TAMS 0x0000000082000000, 0x0000000082000000| Complete 
|  33|0x0000000082100000, 0x0000000082200000, 0x0000000082200000|100%| S|CS|TAMS 0x0000000082100000, 0x0000000082100000| Complete 
|  34|0x0000000082200000, 0x0000000082200000, 0x0000000082300000|  0%| F|  |TAMS 0x0000000082200000, 0x0000000082200000| Untracked 
|  35|0x0000000082300000, 0x0000000082300000, 0x0000000082400000|  0%| F|  |TAMS 0x0000000082300000, 0x0000000082300000| Untracked 
|  36|0x0000000082400000, 0x0000000082400000, 0x0000000082500000|  0%| F|  |TAMS 0x0000000082400000, 0x0000000082400000| Untracked 
|  37|0x0000000082500000, 0x0000000082500000, 0x0000000082600000|  0%| F|  |TAMS 0x0000000082500000, 0x0000000082500000| Untracked 
|  38|0x0000000082600000, 0x0000000082600000, 0x0000000082700000|  0%| F|  |TAMS 0x0000000082600000, 0x0000000082600000| Untracked 
|  39|0x0000000082700000, 0x0000000082700000, 0x0000000082800000|  0%| F|  |TAMS 0x0000000082700000, 0x0000000082700000| Untracked 
|  40|0x0000000082800000, 0x0000000082800000, 0x0000000082900000|  0%| F|  |TAMS 0x0000000082800000, 0x0000000082800000| Untracked 
|  41|0x0000000082900000, 0x0000000082900000, 0x0000000082a00000|  0%| F|  |TAMS 0x0000000082900000, 0x0000000082900000| Untracked 
|  42|0x0000000082a00000, 0x0000000082a00000, 0x0000000082b00000|  0%| F|  |TAMS 0x0000000082a00000, 0x0000000082a00000| Untracked 
|  43|0x0000000082b00000, 0x0000000082b00000, 0x0000000082c00000|  0%| F|  |TAMS 0x0000000082b00000, 0x0000000082b00000| Untracked 
|  44|0x0000000082c00000, 0x0000000082c00000, 0x0000000082d00000|  0%| F|  |TAMS 0x0000000082c00000, 0x0000000082c00000| Untracked 
|  45|0x0000000082d00000, 0x0000000082d00000, 0x0000000082e00000|  0%| F|  |TAMS 0x0000000082d00000, 0x0000000082d00000| Untracked 
|  46|0x0000000082e00000, 0x0000000082e00000, 0x0000000082f00000|  0%| F|  |TAMS 0x0000000082e00000, 0x0000000082e00000| Untracked 
|  47|0x0000000082f00000, 0x0000000082f00000, 0x0000000083000000|  0%| F|  |TAMS 0x0000000082f00000, 0x0000000082f00000| Untracked 
|  48|0x0000000083000000, 0x0000000083000000, 0x0000000083100000|  0%| F|  |TAMS 0x0000000083000000, 0x0000000083000000| Untracked 
|  49|0x0000000083100000, 0x0000000083100000, 0x0000000083200000|  0%| F|  |TAMS 0x0000000083100000, 0x0000000083100000| Untracked 
|  50|0x0000000083200000, 0x0000000083200000, 0x0000000083300000|  0%| F|  |TAMS 0x0000000083200000, 0x0000000083200000| Untracked 
|  51|0x0000000083300000, 0x0000000083300000, 0x0000000083400000|  0%| F|  |TAMS 0x0000000083300000, 0x0000000083300000| Untracked 
|  52|0x0000000083400000, 0x0000000083400000, 0x0000000083500000|  0%| F|  |TAMS 0x0000000083400000, 0x0000000083400000| Untracked 
|  53|0x0000000083500000, 0x0000000083500000, 0x0000000083600000|  0%| F|  |TAMS 0x0000000083500000, 0x0000000083500000| Untracked 
|  54|0x0000000083600000, 0x0000000083600000, 0x0000000083700000|  0%| F|  |TAMS 0x0000000083600000, 0x0000000083600000| Untracked 
|  55|0x0000000083700000, 0x0000000083700000, 0x0000000083800000|  0%| F|  |TAMS 0x0000000083700000, 0x0000000083700000| Untracked 
|  56|0x0000000083800000, 0x0000000083800000, 0x0000000083900000|  0%| F|  |TAMS 0x0000000083800000, 0x0000000083800000| Untracked 
|  57|0x0000000083900000, 0x0000000083900000, 0x0000000083a00000|  0%| F|  |TAMS 0x0000000083900000, 0x0000000083900000| Untracked 
|  58|0x0000000083a00000, 0x0000000083a00000, 0x0000000083b00000|  0%| F|  |TAMS 0x0000000083a00000, 0x0000000083a00000| Untracked 
|  59|0x0000000083b00000, 0x0000000083b00000, 0x0000000083c00000|  0%| F|  |TAMS 0x0000000083b00000, 0x0000000083b00000| Untracked 
|  60|0x0000000083c00000, 0x0000000083c00000, 0x0000000083d00000|  0%| F|  |TAMS 0x0000000083c00000, 0x0000000083c00000| Untracked 
|  61|0x0000000083d00000, 0x0000000083d00000, 0x0000000083e00000|  0%| F|  |TAMS 0x0000000083d00000, 0x0000000083d00000| Untracked 
|  62|0x0000000083e00000, 0x0000000083e00000, 0x0000000083f00000|  0%| F|  |TAMS 0x0000000083e00000, 0x0000000083e00000| Untracked 
|  63|0x0000000083f00000, 0x0000000083f00000, 0x0000000084000000|  0%| F|  |TAMS 0x0000000083f00000, 0x0000000083f00000| Untracked 
|  64|0x0000000084000000, 0x0000000084000000, 0x0000000084100000|  0%| F|  |TAMS 0x0000000084000000, 0x0000000084000000| Untracked 
|  65|0x0000000084100000, 0x0000000084100000, 0x0000000084200000|  0%| F|  |TAMS 0x0000000084100000, 0x0000000084100000| Untracked 
|  66|0x0000000084200000, 0x0000000084200000, 0x0000000084300000|  0%| F|  |TAMS 0x0000000084200000, 0x0000000084200000| Untracked 
|  67|0x0000000084300000, 0x0000000084300000, 0x0000000084400000|  0%| F|  |TAMS 0x0000000084300000, 0x0000000084300000| Untracked 
|  68|0x0000000084400000, 0x0000000084400000, 0x0000000084500000|  0%| F|  |TAMS 0x0000000084400000, 0x0000000084400000| Untracked 
|  69|0x0000000084500000, 0x0000000084500000, 0x0000000084600000|  0%| F|  |TAMS 0x0000000084500000, 0x0000000084500000| Untracked 
| 122|0x0000000087a00000, 0x0000000087a00000, 0x0000000087b00000|  0%| F|  |TAMS 0x0000000087a00000, 0x0000000087a00000| Untracked 
| 123|0x0000000087b00000, 0x0000000087b00000, 0x0000000087c00000|  0%| F|  |TAMS 0x0000000087b00000, 0x0000000087b00000| Untracked 
| 124|0x0000000087c00000, 0x0000000087c00000, 0x0000000087d00000|  0%| F|  |TAMS 0x0000000087c00000, 0x0000000087c00000| Untracked 
| 125|0x0000000087d00000, 0x0000000087d00000, 0x0000000087e00000|  0%| F|  |TAMS 0x0000000087d00000, 0x0000000087d00000| Untracked 
| 126|0x0000000087e00000, 0x0000000087e00000, 0x0000000087f00000|  0%| F|  |TAMS 0x0000000087e00000, 0x0000000087e00000| Untracked 
| 127|0x0000000087f00000, 0x0000000087f00000, 0x0000000088000000|  0%| F|  |TAMS 0x0000000087f00000, 0x0000000087f00000| Untracked 
| 128|0x0000000088000000, 0x0000000088000000, 0x0000000088100000|  0%| F|  |TAMS 0x0000000088000000, 0x0000000088000000| Untracked 
| 129|0x0000000088100000, 0x0000000088100000, 0x0000000088200000|  0%| F|  |TAMS 0x0000000088100000, 0x0000000088100000| Untracked 
| 130|0x0000000088200000, 0x0000000088200000, 0x0000000088300000|  0%| F|  |TAMS 0x0000000088200000, 0x0000000088200000| Untracked 
| 131|0x0000000088300000, 0x0000000088300000, 0x0000000088400000|  0%| F|  |TAMS 0x0000000088300000, 0x0000000088300000| Untracked 
| 132|0x0000000088400000, 0x0000000088400000, 0x0000000088500000|  0%| F|  |TAMS 0x0000000088400000, 0x0000000088400000| Untracked 
| 133|0x0000000088500000, 0x0000000088500000, 0x0000000088600000|  0%| F|  |TAMS 0x0000000088500000, 0x0000000088500000| Untracked 
| 134|0x0000000088600000, 0x0000000088600000, 0x0000000088700000|  0%| F|  |TAMS 0x0000000088600000, 0x0000000088600000| Untracked 
| 253|0x000000008fd00000, 0x000000008fe00000, 0x000000008fe00000|100%| E|  |TAMS 0x000000008fd00000, 0x000000008fd00000| Complete 

Card table byte_map: [0x000001371e980000,0x000001371ed80000] _byte_map_base: 0x000001371e580000

Marking Bits (Prev, Next): (CMBitMap*) 0x000001370725d320, (CMBitMap*) 0x000001370725d2e0
 Prev Bits: [0x0000013721180000, 0x0000013723180000)
 Next Bits: [0x000001371f180000, 0x0000013721180000)

Polling page: 0x00000137069c0000

Metaspace:

Usage:
  Non-class:     23.50 MB used.
      Class:      3.89 MB used.
       Both:     27.39 MB used.

Virtual space:
  Non-class space:       64.00 MB reserved,      23.69 MB ( 37%) committed,  1 nodes.
      Class space:      416.00 MB reserved,       4.00 MB ( <1%) committed,  1 nodes.
             Both:      480.00 MB reserved,      27.69 MB (  6%) committed. 

Chunk freelists:
   Non-Class:  8.08 MB
       Class:  12.00 MB
        Both:  20.08 MB

MaxMetaspaceSize: 512.00 MB
CompressedClassSpaceSize: 416.00 MB
Initial GC threshold: 21.00 MB
Current GC threshold: 35.25 MB
CDS: on
MetaspaceReclaimPolicy: balanced
 - commit_granule_bytes: 65536.
 - commit_granule_words: 8192.
 - virtual_space_node_default_size: 8388608.
 - enlarge_chunks_in_place: 1.
 - new_chunks_are_fully_committed: 0.
 - uncommit_free_chunks: 1.
 - use_allocation_guard: 0.
 - handle_deallocations: 1.


Internal statistics:

num_allocs_failed_limit: 3.
num_arena_births: 288.
num_arena_deaths: 0.
num_vsnodes_births: 2.
num_vsnodes_deaths: 0.
num_space_committed: 443.
num_space_uncommitted: 0.
num_chunks_returned_to_freelist: 3.
num_chunks_taken_from_freelist: 1254.
num_chunk_merges: 3.
num_chunk_splits: 841.
num_chunks_enlarged: 610.
num_inconsistent_stats: 0.

CodeHeap 'non-profiled nmethods': size=119168Kb used=1966Kb max_used=1966Kb free=117201Kb
 bounds [0x0000013716890000, 0x0000013716b00000, 0x000001371dcf0000]
CodeHeap 'profiled nmethods': size=119104Kb used=7367Kb max_used=7367Kb free=111737Kb
 bounds [0x000001370ecf0000, 0x000001370f430000, 0x0000013716140000]
CodeHeap 'non-nmethods': size=7488Kb used=2936Kb max_used=2989Kb free=4551Kb
 bounds [0x0000013716140000, 0x0000013716440000, 0x0000013716890000]
 total_blobs=4005 nmethods=3442 adapters=471
 compilation: enabled
              stopped_count=0, restarted_count=0
 full_count=0

Compilation events (20 events):
Event: 2.313 Thread 0x00000137263328a0 nmethod 3406 0x000001370f40ea90 code [0x000001370f40ec20, 0x000001370f40ed68]
Event: 2.316 Thread 0x000001372637cbe0 3407       3       java.util.Spliterators$ArraySpliterator::forEachRemaining (68 bytes)
Event: 2.316 Thread 0x00000137495bb030 3408       4       java.lang.String::compareTo (63 bytes)
Event: 2.316 Thread 0x0000013725b7c7e0 3409       3       org.codehaus.groovy.reflection.CachedMethod::isStatic (8 bytes)
Event: 2.316 Thread 0x00000137263328a0 3410       3       org.codehaus.groovy.runtime.metaclass.MethodHelper::isStatic (19 bytes)
Event: 2.316 Thread 0x0000013726331f70 3411       3       groovy.lang.MetaMethod::isPublic (15 bytes)
Event: 2.316 Thread 0x000001374992b6a0 3414       4       java.util.LinkedList$ListItr::hasNext (20 bytes)
Event: 2.316 Thread 0x000001372637cbe0 nmethod 3407 0x000001370f40ee10 code [0x000001370f40efe0, 0x000001370f40f478]
Event: 2.316 Thread 0x000001372637cbe0 3412       3       org.codehaus.groovy.reflection.CachedMethod::getParamsCount (6 bytes)
Event: 2.317 Thread 0x00000137263328a0 nmethod 3410 0x000001370f40f610 code [0x000001370f40f7a0, 0x000001370f40f918]
Event: 2.317 Thread 0x00000137489ced60 3415       4       java.lang.String$CaseInsensitiveComparator::compare (68 bytes)
Event: 2.317 Thread 0x0000013725b7c7e0 nmethod 3409 0x000001370f40fa10 code [0x000001370f40fbc0, 0x000001370f40fdb8]
Event: 2.317 Thread 0x0000013726331f70 nmethod 3411 0x000001370f40fe90 code [0x000001370f410040, 0x000001370f410268]
Event: 2.317 Thread 0x00000137263328a0 3413       3       org.codehaus.groovy.runtime.metaclass.NewMetaMethod::getDeclaringClass (7 bytes)
Event: 2.317 Thread 0x000001372637cbe0 nmethod 3412 0x000001370f410310 code [0x000001370f4104c0, 0x000001370f410728]
Event: 2.317 Thread 0x00000137263328a0 nmethod 3413 0x000001370f410810 code [0x000001370f4109a0, 0x000001370f410b78]
Event: 2.317 Thread 0x000001374992b6a0 nmethod 3414 0x0000013716a70a10 code [0x0000013716a70b80, 0x0000013716a70c18]
Event: 2.317 Thread 0x00000137495bb030 nmethod 3408 0x0000013716a70d10 code [0x0000013716a70e80, 0x0000013716a71098]
Event: 2.321 Thread 0x00000137495bb030 3416       4       java.net.URLStreamHandler::toExternalForm (156 bytes)
Event: 2.321 Thread 0x00000137489ced60 nmethod 3415 0x0000013716a71190 code [0x0000013716a71340, 0x0000013716a71898]

GC Heap History (6 events):
Event: 0.274 GC heap before
{Heap before GC invocations=0 (full 0):
 garbage-first heap   total 260096K, used 26624K [0x0000000080000000, 0x0000000100000000)
  region size 1024K, 23 young (23552K), 0 survivors (0K)
 Metaspace       used 3045K, committed 3200K, reserved 491520K
  class space    used 379K, committed 448K, reserved 425984K
}
Event: 0.276 GC heap after
{Heap after GC invocations=1 (full 0):
 garbage-first heap   total 260096K, used 10434K [0x0000000080000000, 0x0000000100000000)
  region size 1024K, 3 young (3072K), 3 survivors (3072K)
 Metaspace       used 3045K, committed 3200K, reserved 491520K
  class space    used 379K, committed 448K, reserved 425984K
}
Event: 0.452 GC heap before
{Heap before GC invocations=1 (full 0):
 garbage-first heap   total 260096K, used 38082K [0x0000000080000000, 0x0000000100000000)
  region size 1024K, 30 young (30720K), 3 survivors (3072K)
 Metaspace       used 4101K, committed 4288K, reserved 491520K
  class space    used 491K, committed 576K, reserved 425984K
}
Event: 0.454 GC heap after
{Heap after GC invocations=2 (full 0):
 garbage-first heap   total 260096K, used 11411K [0x0000000080000000, 0x0000000100000000)
  region size 1024K, 1 young (1024K), 1 survivors (1024K)
 Metaspace       used 4101K, committed 4288K, reserved 491520K
  class space    used 491K, committed 576K, reserved 425984K
}
Event: 1.819 GC heap before
{Heap before GC invocations=2 (full 0):
 garbage-first heap   total 260096K, used 132243K [0x0000000080000000, 0x0000000100000000)
  region size 1024K, 119 young (121856K), 1 survivors (1024K)
 Metaspace       used 21213K, committed 21504K, reserved 491520K
  class space    used 3117K, committed 3264K, reserved 425984K
}
Event: 1.823 GC heap after
{Heap after GC invocations=3 (full 0):
 garbage-first heap   total 260096K, used 22990K [0x0000000080000000, 0x0000000100000000)
  region size 1024K, 13 young (13312K), 13 survivors (13312K)
 Metaspace       used 21213K, committed 21504K, reserved 491520K
  class space    used 3117K, committed 3264K, reserved 425984K
}

Dll operation events (14 events):
Event: 0.003 Loaded shared library C:\Users\Sayan Ghosh\AppData\Local\Programs\Eclipse Adoptium\jdk-17.0.8.7-hotspot\bin\java.dll
Event: 0.014 Loaded shared library C:\Users\Sayan Ghosh\AppData\Local\Programs\Eclipse Adoptium\jdk-17.0.8.7-hotspot\bin\jsvml.dll
Event: 0.039 Loaded shared library C:\Users\Sayan Ghosh\AppData\Local\Programs\Eclipse Adoptium\jdk-17.0.8.7-hotspot\bin\zip.dll
Event: 0.040 Loaded shared library C:\Users\Sayan Ghosh\AppData\Local\Programs\Eclipse Adoptium\jdk-17.0.8.7-hotspot\bin\instrument.dll
Event: 0.042 Loaded shared library C:\Users\Sayan Ghosh\AppData\Local\Programs\Eclipse Adoptium\jdk-17.0.8.7-hotspot\bin\net.dll
Event: 0.043 Loaded shared library C:\Users\Sayan Ghosh\AppData\Local\Programs\Eclipse Adoptium\jdk-17.0.8.7-hotspot\bin\nio.dll
Event: 0.045 Loaded shared library C:\Users\Sayan Ghosh\AppData\Local\Programs\Eclipse Adoptium\jdk-17.0.8.7-hotspot\bin\zip.dll
Event: 0.129 Loaded shared library C:\Users\Sayan Ghosh\AppData\Local\Programs\Eclipse Adoptium\jdk-17.0.8.7-hotspot\bin\jimage.dll
Event: 0.159 Loaded shared library C:\Users\Sayan Ghosh\AppData\Local\Programs\Eclipse Adoptium\jdk-17.0.8.7-hotspot\bin\verify.dll
Event: 0.234 Loaded shared library C:\Users\Sayan Ghosh\.gradle\native\68d5fa5c4cc2d200863cafc0d521ce42e7d3e7ee720ec0a83991735586a16f82\windows-amd64\native-platform.dll
Event: 0.236 Loaded shared library C:\Users\Sayan Ghosh\.gradle\native\e376f236ea51e6404a007f0833ffe2c6e607c4080706a723a18a27aeea778392\windows-amd64\native-platform-file-events.dll
Event: 0.587 Loaded shared library C:\Users\Sayan Ghosh\AppData\Local\Programs\Eclipse Adoptium\jdk-17.0.8.7-hotspot\bin\management.dll
Event: 0.590 Loaded shared library C:\Users\Sayan Ghosh\AppData\Local\Programs\Eclipse Adoptium\jdk-17.0.8.7-hotspot\bin\management_ext.dll
Event: 0.835 Loaded shared library C:\Users\Sayan Ghosh\AppData\Local\Programs\Eclipse Adoptium\jdk-17.0.8.7-hotspot\bin\sunmscapi.dll

Deoptimization events (20 events):
Event: 2.195 Thread 0x00000137473349b0 Uncommon trap: trap_request=0xffffffde fr.pc=0x0000013716989e7c relative=0x0000000000001ffc
Event: 2.195 Thread 0x00000137473349b0 Uncommon trap: reason=class_check action=maybe_recompile pc=0x0000013716989e7c method=java.io.BufferedInputStream.read([BII)I @ 101 c2
Event: 2.195 Thread 0x00000137473349b0 DEOPT PACKING pc=0x0000013716989e7c sp=0x0000002032af8bb0
Event: 2.195 Thread 0x00000137473349b0 DEOPT UNPACKING pc=0x00000137161969a3 sp=0x0000002032af8a70 mode 2
Event: 2.195 Thread 0x00000137473349b0 Uncommon trap: trap_request=0xffffffde fr.pc=0x0000013716989e7c relative=0x0000000000001ffc
Event: 2.195 Thread 0x00000137473349b0 Uncommon trap: reason=class_check action=maybe_recompile pc=0x0000013716989e7c method=java.io.BufferedInputStream.read([BII)I @ 101 c2
Event: 2.195 Thread 0x00000137473349b0 DEOPT PACKING pc=0x0000013716989e7c sp=0x0000002032af8bb0
Event: 2.195 Thread 0x00000137473349b0 DEOPT UNPACKING pc=0x00000137161969a3 sp=0x0000002032af8a70 mode 2
Event: 2.195 Thread 0x00000137473349b0 Uncommon trap: trap_request=0xffffffde fr.pc=0x0000013716989e7c relative=0x0000000000001ffc
Event: 2.195 Thread 0x00000137473349b0 Uncommon trap: reason=class_check action=maybe_recompile pc=0x0000013716989e7c method=java.io.BufferedInputStream.read([BII)I @ 101 c2
Event: 2.195 Thread 0x00000137473349b0 DEOPT PACKING pc=0x0000013716989e7c sp=0x0000002032af8bb0
Event: 2.195 Thread 0x00000137473349b0 DEOPT UNPACKING pc=0x00000137161969a3 sp=0x0000002032af8a70 mode 2
Event: 2.196 Thread 0x00000137473349b0 Uncommon trap: trap_request=0xffffffde fr.pc=0x0000013716989e7c relative=0x0000000000001ffc
Event: 2.196 Thread 0x00000137473349b0 Uncommon trap: reason=class_check action=maybe_recompile pc=0x0000013716989e7c method=java.io.BufferedInputStream.read([BII)I @ 101 c2
Event: 2.196 Thread 0x00000137473349b0 DEOPT PACKING pc=0x0000013716989e7c sp=0x0000002032af8bb0
Event: 2.196 Thread 0x00000137473349b0 DEOPT UNPACKING pc=0x00000137161969a3 sp=0x0000002032af8a70 mode 2
Event: 2.297 Thread 0x00000137473349b0 Uncommon trap: trap_request=0xffffff45 fr.pc=0x0000013716975040 relative=0x00000000000005a0
Event: 2.297 Thread 0x00000137473349b0 Uncommon trap: reason=unstable_if action=reinterpret pc=0x0000013716975040 method=java.util.Properties$LineReader.readLine()I @ 95 c2
Event: 2.297 Thread 0x00000137473349b0 DEOPT PACKING pc=0x0000013716975040 sp=0x0000002032af8b10
Event: 2.297 Thread 0x00000137473349b0 DEOPT UNPACKING pc=0x00000137161969a3 sp=0x0000002032af8ac0 mode 2

Classes unloaded (0 events):
No events

Classes redefined (0 events):
No events

Internal exceptions (20 events):
Event: 1.491 Thread 0x00000137473349b0 Exception <a 'java/lang/NoSuchMethodError'{0x0000000089965da0}: 'int java.lang.invoke.DirectMethodHandle$Holder.invokeVirtual(java.lang.Object, java.lang.Object)'> (0x0000000089965da0) 
thrown [s\src\hotspot\share\interpreter\linkResolver.cpp, line 759]
Event: 1.492 Thread 0x00000137473349b0 Exception <a 'java/lang/NoSuchMethodError'{0x00000000899786b0}: 'java.lang.Object java.lang.invoke.DirectMethodHandle$Holder.invokeStaticInit(java.lang.Object, java.lang.Object, java.lang.Object)'> (0x00000000899786b0) 
thrown [s\src\hotspot\share\interpreter\linkResolver.cpp, line 759]
Event: 1.493 Thread 0x00000137473349b0 Exception <a 'java/lang/NoSuchMethodError'{0x000000008980dc30}: 'int java.lang.invoke.DirectMethodHandle$Holder.invokeVirtual(java.lang.Object, java.lang.Object, java.lang.Object)'> (0x000000008980dc30) 
thrown [s\src\hotspot\share\interpreter\linkResolver.cpp, line 759]
Event: 1.769 Thread 0x00000137473349b0 Exception <a 'java/lang/NoSuchMethodError'{0x0000000088d7cd50}: 'java.lang.Object java.lang.invoke.DirectMethodHandle$Holder.invokeSpecialIFC(java.lang.Object, java.lang.Object, java.lang.Object, java.lang.Object)'> (0x0000000088d7cd50) 
thrown [s\src\hotspot\share\interpreter\linkResolver.cpp, line 759]
Event: 1.773 Thread 0x00000137473349b0 Exception <a 'java/lang/NoSuchMethodError'{0x0000000088c7c890}: 'java.lang.Object java.lang.invoke.DirectMethodHandle$Holder.newInvokeSpecial(java.lang.Object, java.lang.Object, java.lang.Object, java.lang.Object, java.lang.Object, java.lang.Object, java.lang.Object, java.lang.Object, java.lang.Object, java.lang.Object)'> (0x0000000088c7c890) 
thrown [s\src\hotspot\share\interpreter\linkResolver.cpp, line 759]
Event: 1.773 Thread 0x00000137473349b0 Exception <a 'java/lang/NoSuchMethodError'{0x0000000088c819d0}: 'java.lang.Object java.lang.invoke.Invokers$Holder.linkToTargetMethod(java.lang.Object, java.lang.Object, java.lang.Object, java.lang.Object, java.lang.Object, java.lang.Object, java.lang.Object, java.lang.Object, java.lang.Object, java.lang.Object)'> (0x0000000088c819d0) 
thrown [s\src\hotspot\share\interpreter\linkResolver.cpp, line 759]
Event: 1.776 Thread 0x00000137473349b0 Exception <a 'java/lang/NoSuchMethodError'{0x0000000088cf3fd8}: 'java.lang.Object java.lang.invoke.DirectMethodHandle$Holder.newInvokeSpecial(java.lang.Object, java.lang.Object, java.lang.Object, java.lang.Object, java.lang.Object, java.lang.Object, java.lang.Object, java.lang.Object, java.lang.Object, java.lang.Object, java.lang.Object)'> (0x0000000088cf3fd8) 
thrown [s\src\hotspot\share\interpreter\linkResolver.cpp, line 759]
Event: 1.776 Thread 0x00000137473349b0 Exception <a 'java/lang/NoSuchMethodError'{0x0000000088cf9a68}: 'java.lang.Object java.lang.invoke.DirectMethodHandle$Holder.invokeSpecial(java.lang.Object, java.lang.Object, java.lang.Object, java.lang.Object, java.lang.Object, java.lang.Object, java.lang.Object, java.lang.Object, java.lang.Object, java.lang.Object, java.lang.Object, java.lang.Object)'> (0x0000000088cf9a68) 
thrown [s\src\hotspot\share\interpreter\linkResolver.cpp, line 759]
Event: 1.776 Thread 0x00000137473349b0 Exception <a 'java/lang/NoSuchMethodError'{0x0000000088cff100}: 'java.lang.Object java.lang.invoke.Invokers$Holder.linkToTargetMethod(java.lang.Object, java.lang.Object, java.lang.Object, java.lang.Object, java.lang.Object, java.lang.Object, java.lang.Object, java.lang.Object, java.lang.Object, java.lang.Object, java.lang.Object)'> (0x0000000088cff100) 
thrown [s\src\hotspot\share\interpreter\linkResolver.cpp, line 759]
Event: 1.786 Thread 0x00000137473349b0 Exception <a 'java/lang/NoSuchMethodError'{0x0000000088a11288}: 'java.lang.Object java.lang.invoke.DirectMethodHandle$Holder.invokeStaticInit(java.lang.Object, java.lang.Object, java.lang.Object, java.lang.Object)'> (0x0000000088a11288) 
thrown [s\src\hotspot\share\interpreter\linkResolver.cpp, line 759]
Event: 1.843 Thread 0x00000137473349b0 Implicit null exception at 0x00000137168efa0c to 0x00000137168eff64
Event: 2.082 Thread 0x00000137473349b0 Exception <a 'java/lang/NoSuchMethodError'{0x00000000838ec940}: 'java.lang.Object java.lang.invoke.DirectMethodHandle$Holder.newInvokeSpecial(java.lang.Object, java.lang.Object, java.lang.Object, java.lang.Object, java.lang.Object, java.lang.Object, java.lang.Object, java.lang.Object)'> (0x00000000838ec940) 
thrown [s\src\hotspot\share\interpreter\linkResolver.cpp, line 759]
Event: 2.082 Thread 0x00000137473349b0 Exception <a 'java/lang/NoSuchMethodError'{0x00000000838f23b8}: 'java.lang.Object java.lang.invoke.Invokers$Holder.linkToTargetMethod(java.lang.Object, java.lang.Object, java.lang.Object, java.lang.Object, java.lang.Object, java.lang.Object, java.lang.Object, java.lang.Object)'> (0x00000000838f23b8) 
thrown [s\src\hotspot\share\interpreter\linkResolver.cpp, line 759]
Event: 2.086 Thread 0x00000137473349b0 Exception <a 'java/lang/IncompatibleClassChangeError'{0x00000000837604e8}: Found class java.lang.Object, but interface was expected> (0x00000000837604e8) 
thrown [s\src\hotspot\share\interpreter\linkResolver.cpp, line 826]
Event: 2.153 Thread 0x00000137473349b0 Exception <a 'java/lang/NoSuchMethodError'{0x0000000083019860}: 'java.lang.Object java.lang.invoke.DirectMethodHandle$Holder.newInvokeSpecial(java.lang.Object, java.lang.Object, int, int)'> (0x0000000083019860) 
thrown [s\src\hotspot\share\interpreter\linkResolver.cpp, line 759]
Event: 2.225 Thread 0x00000137473349b0 Exception <a 'java/lang/NoSuchMethodError'{0x0000000082901a60}: 'void java.lang.invoke.DirectMethodHandle$Holder.invokeStaticInit(java.lang.Object, java.lang.Object, java.lang.Object)'> (0x0000000082901a60) 
thrown [s\src\hotspot\share\interpreter\linkResolver.cpp, line 759]
Event: 2.226 Thread 0x00000137473349b0 Exception <a 'java/lang/NoSuchMethodError'{0x0000000082908f00}: 'void java.lang.invoke.DirectMethodHandle$Holder.invokeStaticInit(java.lang.Object, java.lang.Object, java.lang.Object, java.lang.Object)'> (0x0000000082908f00) 
thrown [s\src\hotspot\share\interpreter\linkResolver.cpp, line 759]
Event: 2.228 Thread 0x00000137473349b0 Exception <a 'java/lang/NoSuchMethodError'{0x000000008292b200}: 'void java.lang.invoke.DirectMethodHandle$Holder.invokeStaticInit(java.lang.Object, java.lang.Object, java.lang.Object, java.lang.Object, java.lang.Object)'> (0x000000008292b200) 
thrown [s\src\hotspot\share\interpreter\linkResolver.cpp, line 759]
Event: 2.228 Thread 0x00000137473349b0 Exception <a 'java/lang/NoSuchMethodError'{0x0000000082932fc8}: 'int java.lang.invoke.DirectMethodHandle$Holder.invokeStaticInit(java.lang.Object, java.lang.Object, java.lang.Object)'> (0x0000000082932fc8) 
thrown [s\src\hotspot\share\interpreter\linkResolver.cpp, line 759]
Event: 2.233 Thread 0x00000137473349b0 Exception <a 'java/lang/NoSuchMethodError'{0x000000008298a850}: 'int java.lang.invoke.DirectMethodHandle$Holder.invokeStaticInit(java.lang.Object, java.lang.Object, java.lang.Object, java.lang.Object)'> (0x000000008298a850) 
thrown [s\src\hotspot\share\interpreter\linkResolver.cpp, line 759]

VM Operations (20 events):
Event: 1.513 Executing VM operation: HandshakeAllThreads
Event: 1.513 Executing VM operation: HandshakeAllThreads done
Event: 1.513 Executing VM operation: HandshakeAllThreads
Event: 1.513 Executing VM operation: HandshakeAllThreads done
Event: 1.819 Executing VM operation: CollectForMetadataAllocation
Event: 1.823 Executing VM operation: CollectForMetadataAllocation done
Event: 1.826 Executing VM operation: G1PauseRemark
Event: 1.828 Executing VM operation: G1PauseRemark done
Event: 1.828 Executing VM operation: G1PauseCleanup
Event: 1.832 Executing VM operation: G1PauseCleanup done
Event: 1.845 Executing VM operation: HandshakeAllThreads
Event: 1.845 Executing VM operation: HandshakeAllThreads done
Event: 1.871 Executing VM operation: HandshakeAllThreads
Event: 1.871 Executing VM operation: HandshakeAllThreads done
Event: 2.205 Executing VM operation: HandshakeAllThreads
Event: 2.205 Executing VM operation: HandshakeAllThreads done
Event: 2.236 Executing VM operation: ICBufferFull
Event: 2.236 Executing VM operation: ICBufferFull done
Event: 2.312 Executing VM operation: HandshakeAllThreads
Event: 2.312 Executing VM operation: HandshakeAllThreads done

Events (20 events):
Event: 2.301 loading class java/time/Year
Event: 2.301 loading class java/time/Year done
Event: 2.301 loading class java/time/format/FormatStyle
Event: 2.301 loading class java/time/format/FormatStyle done
Event: 2.301 loading class java/time/Month
Event: 2.301 loading class java/time/Month done
Event: 2.301 loading class java/time/MonthDay
Event: 2.301 loading class java/time/MonthDay done
Event: 2.301 loading class java/time/DayOfWeek
Event: 2.301 loading class java/time/DayOfWeek done
Event: 2.303 loading class java/time/chrono/Era
Event: 2.303 loading class java/time/chrono/Era done
Event: 2.316 loading class java/nio/file/WatchService
Event: 2.316 loading class java/nio/file/WatchService done
Event: 2.316 loading class java/nio/file/WatchEvent$Kind
Event: 2.316 loading class java/nio/file/WatchEvent$Kind done
Event: 2.316 loading class java/nio/file/WatchKey
Event: 2.316 loading class java/nio/file/WatchKey done
Event: 2.316 loading class java/nio/file/WatchEvent$Modifier
Event: 2.316 loading class java/nio/file/WatchEvent$Modifier done


Dynamic libraries:
0x00007ff766170000 - 0x00007ff76617e000 	C:\Users\Sayan Ghosh\AppData\Local\Programs\Eclipse Adoptium\jdk-17.0.8.7-hotspot\bin\java.exe
0x00007ff9df150000 - 0x00007ff9df348000 	C:\Windows\SYSTEM32\ntdll.dll
0x00007ff9dd430000 - 0x00007ff9dd4ef000 	C:\Windows\System32\KERNEL32.DLL
0x00007ff9dcce0000 - 0x00007ff9dcfb2000 	C:\Windows\System32\KERNELBASE.dll
0x00007ff9dcfc0000 - 0x00007ff9dd0c0000 	C:\Windows\System32\ucrtbase.dll
0x00007ff9caa70000 - 0x00007ff9caa89000 	C:\Users\Sayan Ghosh\AppData\Local\Programs\Eclipse Adoptium\jdk-17.0.8.7-hotspot\bin\VCRUNTIME140.dll
0x00007ff9cb330000 - 0x00007ff9cb347000 	C:\Users\Sayan Ghosh\AppData\Local\Programs\Eclipse Adoptium\jdk-17.0.8.7-hotspot\bin\jli.dll
0x00007ff9ddf10000 - 0x00007ff9de0b1000 	C:\Windows\System32\USER32.dll
0x00007ff9dccb0000 - 0x00007ff9dccd2000 	C:\Windows\System32\win32u.dll
0x00007ff9ca150000 - 0x00007ff9ca3ea000 	C:\Windows\WinSxS\amd64_microsoft.windows.common-controls_6595b64144ccf1df_6.0.19041.1110_none_60b5254171f9507e\COMCTL32.dll
0x00007ff9de0d0000 - 0x00007ff9de0fb000 	C:\Windows\System32\GDI32.dll
0x00007ff9def90000 - 0x00007ff9df02e000 	C:\Windows\System32\msvcrt.dll
0x00007ff9dc9a0000 - 0x00007ff9dcaaf000 	C:\Windows\System32\gdi32full.dll
0x00007ff9dcc10000 - 0x00007ff9dccad000 	C:\Windows\System32\msvcp_win.dll
0x00007ff9dd250000 - 0x00007ff9dd280000 	C:\Windows\System32\IMM32.DLL
0x00007ff9d7720000 - 0x00007ff9d772c000 	C:\Users\Sayan Ghosh\AppData\Local\Programs\Eclipse Adoptium\jdk-17.0.8.7-hotspot\bin\vcruntime140_1.dll
0x00007ff9802d0000 - 0x00007ff980361000 	C:\Users\Sayan Ghosh\AppData\Local\Programs\Eclipse Adoptium\jdk-17.0.8.7-hotspot\bin\msvcp140.dll
0x00007ff9756b0000 - 0x00007ff9762fc000 	C:\Users\Sayan Ghosh\AppData\Local\Programs\Eclipse Adoptium\jdk-17.0.8.7-hotspot\bin\server\jvm.dll
0x00007ff9dd980000 - 0x00007ff9dda2e000 	C:\Windows\System32\ADVAPI32.dll
0x00007ff9de7a0000 - 0x00007ff9de83c000 	C:\Windows\System32\sechost.dll
0x00007ff9dd620000 - 0x00007ff9dd744000 	C:\Windows\System32\RPCRT4.dll
0x00007ff9dbd90000 - 0x00007ff9dbddb000 	C:\Windows\SYSTEM32\POWRPROF.dll
0x00007ff9d5000000 - 0x00007ff9d5009000 	C:\Windows\SYSTEM32\WSOCK32.dll
0x00007ff9c8e30000 - 0x00007ff9c8e57000 	C:\Windows\SYSTEM32\WINMM.dll
0x00007ff9dda30000 - 0x00007ff9dda9b000 	C:\Windows\System32\WS2_32.dll
0x00007ff9d2a30000 - 0x00007ff9d2a3a000 	C:\Windows\SYSTEM32\VERSION.dll
0x00007ff9dbc50000 - 0x00007ff9dbc62000 	C:\Windows\SYSTEM32\UMPDC.dll
0x00007ff9da6f0000 - 0x00007ff9da702000 	C:\Windows\SYSTEM32\kernel.appcore.dll
0x00007ff9d4f00000 - 0x00007ff9d4f0a000 	C:\Users\Sayan Ghosh\AppData\Local\Programs\Eclipse Adoptium\jdk-17.0.8.7-hotspot\bin\jimage.dll
0x00007ff9c7630000 - 0x00007ff9c7814000 	C:\Windows\SYSTEM32\DBGHELP.DLL
0x00007ff9ce590000 - 0x00007ff9ce5c5000 	C:\Windows\SYSTEM32\dbgcore.DLL
0x00007ff9dc910000 - 0x00007ff9dc992000 	C:\Windows\System32\bcryptPrimitives.dll
0x00007ff9b9b40000 - 0x00007ff9b9b4e000 	C:\Users\Sayan Ghosh\AppData\Local\Programs\Eclipse Adoptium\jdk-17.0.8.7-hotspot\bin\instrument.dll
0x00007ff9bc060000 - 0x00007ff9bc085000 	C:\Users\Sayan Ghosh\AppData\Local\Programs\Eclipse Adoptium\jdk-17.0.8.7-hotspot\bin\java.dll
0x00007ff97c450000 - 0x00007ff97c526000 	C:\Users\Sayan Ghosh\AppData\Local\Programs\Eclipse Adoptium\jdk-17.0.8.7-hotspot\bin\jsvml.dll
0x00007ff9de840000 - 0x00007ff9def85000 	C:\Windows\System32\SHELL32.dll
0x00007ff9da8f0000 - 0x00007ff9db082000 	C:\Windows\SYSTEM32\windows.storage.dll
0x00007ff9ddbb0000 - 0x00007ff9ddf05000 	C:\Windows\System32\combase.dll
0x00007ff9dc1d0000 - 0x00007ff9dc200000 	C:\Windows\SYSTEM32\Wldp.dll
0x00007ff9ddaa0000 - 0x00007ff9ddb4d000 	C:\Windows\System32\SHCORE.dll
0x00007ff9dd750000 - 0x00007ff9dd7a5000 	C:\Windows\System32\shlwapi.dll
0x00007ff9dc790000 - 0x00007ff9dc7af000 	C:\Windows\SYSTEM32\profapi.dll
0x00007ff9b1130000 - 0x00007ff9b1148000 	C:\Users\Sayan Ghosh\AppData\Local\Programs\Eclipse Adoptium\jdk-17.0.8.7-hotspot\bin\zip.dll
0x00007ff9d6df0000 - 0x00007ff9d6e09000 	C:\Users\Sayan Ghosh\AppData\Local\Programs\Eclipse Adoptium\jdk-17.0.8.7-hotspot\bin\net.dll
0x00007ff9d5f20000 - 0x00007ff9d602a000 	C:\Windows\SYSTEM32\WINHTTP.dll
0x00007ff9dbfb0000 - 0x00007ff9dc01a000 	C:\Windows\system32\mswsock.dll
0x00007ff9bfc60000 - 0x00007ff9bfc75000 	C:\Users\Sayan Ghosh\AppData\Local\Programs\Eclipse Adoptium\jdk-17.0.8.7-hotspot\bin\nio.dll
0x00007ff9b99d0000 - 0x00007ff9b99e0000 	C:\Users\Sayan Ghosh\AppData\Local\Programs\Eclipse Adoptium\jdk-17.0.8.7-hotspot\bin\verify.dll
0x00007ff9ad6f0000 - 0x00007ff9ad717000 	C:\Users\Sayan Ghosh\.gradle\native\68d5fa5c4cc2d200863cafc0d521ce42e7d3e7ee720ec0a83991735586a16f82\windows-amd64\native-platform.dll
0x00007ff97b120000 - 0x00007ff97b264000 	C:\Users\Sayan Ghosh\.gradle\native\e376f236ea51e6404a007f0833ffe2c6e607c4080706a723a18a27aeea778392\windows-amd64\native-platform-file-events.dll
0x00007ff9bf370000 - 0x00007ff9bf379000 	C:\Users\Sayan Ghosh\AppData\Local\Programs\Eclipse Adoptium\jdk-17.0.8.7-hotspot\bin\management.dll
0x00007ff9bf260000 - 0x00007ff9bf26b000 	C:\Users\Sayan Ghosh\AppData\Local\Programs\Eclipse Adoptium\jdk-17.0.8.7-hotspot\bin\management_ext.dll
0x00007ff9dd7b0000 - 0x00007ff9dd7b8000 	C:\Windows\System32\PSAPI.DLL
0x00007ff9dc210000 - 0x00007ff9dc228000 	C:\Windows\SYSTEM32\CRYPTSP.dll
0x00007ff9db880000 - 0x00007ff9db8b4000 	C:\Windows\system32\rsaenh.dll
0x00007ff9dd0c0000 - 0x00007ff9dd0e7000 	C:\Windows\System32\bcrypt.dll
0x00007ff9dc750000 - 0x00007ff9dc77e000 	C:\Windows\SYSTEM32\USERENV.dll
0x00007ff9dc140000 - 0x00007ff9dc14c000 	C:\Windows\SYSTEM32\CRYPTBASE.dll
0x00007ff9dbc70000 - 0x00007ff9dbcab000 	C:\Windows\SYSTEM32\IPHLPAPI.DLL
0x00007ff9de6a0000 - 0x00007ff9de6a8000 	C:\Windows\System32\NSI.dll
0x00007ff9d6f60000 - 0x00007ff9d6f77000 	C:\Windows\SYSTEM32\dhcpcsvc6.DLL
0x00007ff9d6f40000 - 0x00007ff9d6f5d000 	C:\Windows\SYSTEM32\dhcpcsvc.DLL
0x00007ff9dbcb0000 - 0x00007ff9dbd7b000 	C:\Windows\SYSTEM32\DNSAPI.dll
0x00007ff9bcd40000 - 0x00007ff9bcd4e000 	C:\Users\Sayan Ghosh\AppData\Local\Programs\Eclipse Adoptium\jdk-17.0.8.7-hotspot\bin\sunmscapi.dll
0x00007ff9dcab0000 - 0x00007ff9dcc06000 	C:\Windows\System32\CRYPT32.dll
0x00007ff9dc320000 - 0x00007ff9dc347000 	C:\Windows\SYSTEM32\ncrypt.dll
0x00007ff9dc2e0000 - 0x00007ff9dc31b000 	C:\Windows\SYSTEM32\NTASN1.dll
0x00007ff9bc050000 - 0x00007ff9bc057000 	C:\Windows\system32\wshunix.dll

dbghelp: loaded successfully - version: 4.0.5 - missing functions: none
symbol engine: initialized successfully - sym options: 0x614 - pdb path: .;C:\Users\Sayan Ghosh\AppData\Local\Programs\Eclipse Adoptium\jdk-17.0.8.7-hotspot\bin;C:\Windows\SYSTEM32;C:\Windows\WinSxS\amd64_microsoft.windows.common-controls_6595b64144ccf1df_6.0.19041.1110_none_60b5254171f9507e;C:\Users\Sayan Ghosh\AppData\Local\Programs\Eclipse Adoptium\jdk-17.0.8.7-hotspot\bin\server;C:\Users\Sayan Ghosh\.gradle\native\68d5fa5c4cc2d200863cafc0d521ce42e7d3e7ee720ec0a83991735586a16f82\windows-amd64;C:\Users\Sayan Ghosh\.gradle\native\e376f236ea51e6404a007f0833ffe2c6e607c4080706a723a18a27aeea778392\windows-amd64

VM Arguments:
jvm_args: -XX:MaxMetaspaceSize=512m --add-opens=java.base/java.util=ALL-UNNAMED --add-opens=java.base/java.lang=ALL-UNNAMED --add-opens=java.base/java.lang.invoke=ALL-UNNAMED --add-opens=java.prefs/java.util.prefs=ALL-UNNAMED --add-opens=java.base/java.nio.charset=ALL-UNNAMED --add-opens=java.base/java.net=ALL-UNNAMED --add-opens=java.base/java.util.concurrent.atomic=ALL-UNNAMED -Xmx2048m -Dfile.encoding=windows-1252 -Duser.country=US -Duser.language=en -Duser.variant -javaagent:C:\Users\Sayan Ghosh\.gradle\wrapper\dists\gradle-8.3-all\6en3ugtfdg5xnpx44z4qbwgas\gradle-8.3\lib\agents\gradle-instrumentation-agent-8.3.jar 
java_command: org.gradle.launcher.daemon.bootstrap.GradleDaemon 8.3
java_class_path (initial): C:\Users\Sayan Ghosh\.gradle\wrapper\dists\gradle-8.3-all\6en3ugtfdg5xnpx44z4qbwgas\gradle-8.3\lib\gradle-launcher-8.3.jar
Launcher Type: SUN_STANDARD

[Global flags]
     intx CICompilerCount                          = 12                                        {product} {ergonomic}
   size_t CompressedClassSpaceSize                 = 436207616                                 {product} {ergonomic}
     uint ConcGCThreads                            = 3                                         {product} {ergonomic}
     uint G1ConcRefinementThreads                  = 13                                        {product} {ergonomic}
   size_t G1HeapRegionSize                         = 1048576                                   {product} {ergonomic}
    uintx GCDrainStackTargetSize                   = 64                                        {product} {ergonomic}
   size_t InitialHeapSize                          = 266338304                                 {product} {ergonomic}
   size_t MarkStackSize                            = 4194304                                   {product} {ergonomic}
   size_t MaxHeapSize                              = 2147483648                                {product} {command line}
   size_t MaxMetaspaceSize                         = 536870912                                 {product} {command line}
   size_t MaxNewSize                               = 1287651328                                {product} {ergonomic}
   size_t MinHeapDeltaBytes                        = 1048576                                   {product} {ergonomic}
   size_t MinHeapSize                              = 8388608                                   {product} {ergonomic}
    uintx NonNMethodCodeHeapSize                   = 7602480                                {pd product} {ergonomic}
    uintx NonProfiledCodeHeapSize                  = 122027880                              {pd product} {ergonomic}
    uintx ProfiledCodeHeapSize                     = 122027880                              {pd product} {ergonomic}
    uintx ReservedCodeCacheSize                    = 251658240                              {pd product} {ergonomic}
     bool SegmentedCodeCache                       = true                                      {product} {ergonomic}
   size_t SoftMaxHeapSize                          = 2147483648                             {manageable} {ergonomic}
     bool UseCompressedClassPointers               = true                           {product lp64_product} {ergonomic}
     bool UseCompressedOops                        = true                           {product lp64_product} {ergonomic}
     bool UseG1GC                                  = true                                      {product} {ergonomic}
     bool UseLargePagesIndividualAllocation        = false                                  {pd product} {ergonomic}

Logging:
Log output configuration:
 #0: stdout all=warning uptime,level,tags
 #1: stderr all=off uptime,level,tags

Environment Variables:
JAVA_HOME=C:\Users\Sayan Ghosh\AppData\Local\Programs\Eclipse Adoptium\jdk-17.0.8.7-hotspot\
CLASSPATH=F:\Programs\React Native APP\backgroundchanger\android\\gradle\wrapper\gradle-wrapper.jar
PATH=F:\Programs\React Native APP\backgroundchanger\node_modules\.bin;F:\Programs\React Native APP\backgroundchanger\node_modules\.bin;F:\Programs\React Native APP\node_modules\.bin;F:\Programs\node_modules\.bin;F:\node_modules\.bin;C:\Users\Sayan Ghosh\AppData\Roaming\npm\node_modules\npm\node_modules\@npmcli\run-script\lib\node-gyp-bin;F:\Programs\React Native APP\backgroundchanger\node_modules\.bin;F:\Programs\React Native APP\node_modules\.bin;F:\Programs\node_modules\.bin;F:\node_modules\.bin;C:\Users\Sayan Ghosh\AppData\Roaming\npm\node_modules\npm\node_modules\@npmcli\run-script\lib\node-gyp-bin;C:\Python311\Scripts\;C:\Python311\;C:\Windows\system32;C:\Windows;C:\Windows\System32\Wbem;C:\Windows\System32\WindowsPowerShell\v1.0\;C:\Windows\System32\OpenSSH\;C:\Program Files (x86)\NVIDIA Corporation\PhysX\Common;C:\Program Files\NVIDIA Corporation\NVIDIA NvDLISR;C:\MinGW\bin;C:\Program Files\Git\cmd;C:\Program Files\nodejs\;C:\ProgramData\chocolatey\bin;C:\Users\Sayan Ghosh\AppData\Local\Android\Sdk;C:\Users\Sayan Ghosh\AppData\Local\Android\Sdk\platform-tools;C:\Users\Sayan Ghosh\AppData\Local\Android\Sdk\emulator;C:\Users\Sayan Ghosh\AppData\Local\Android\Sdk\tools;C:\Users\Sayan Ghosh\AppData\Local\Android\Sdk\tools\bin;C:\Users\Sayan Ghosh\AppData\Local\Programs\Eclipse Adoptium\jdk-17.0.8.7-hotspot\bin;C:\Users\Sayan Ghosh\AppData\Local\Microsoft\WindowsApps;C:\Microsoft VS Code\bin;C:\Users\Sayan Ghosh\AppData\Local\GitHubDesktop\bin;C:\Users\Sayan Ghosh\AppData\Roaming\npm;C:\flutter\bin;C:\tools\dart-sdk\bin;C:\Users\Sayan Ghosh\AppData\Local\Pub\Cache\bin;C:\flutter\bin;C:\Users\Sayan Ghosh\AppData\Local\Android\Sdk;C:\Users\Sayan Ghosh\AppData\Local\Android\Sdk\platform-tools;C:\Users\Sayan Ghosh\AppData\Local\Android\Sdk\emulator;C:\Users\Sayan Ghosh\AppData\Local\Android\Sdk\tools;C:\Users\Sayan Ghosh\AppData\Local\Android\Sdk\tools\bin;
USERNAME=Sayan Ghosh
LANG=en_US.UTF-8
OS=Windows_NT
PROCESSOR_IDENTIFIER=Intel64 Family 6 Model 191 Stepping 2, GenuineIntel
TMP=C:\Users\SAYANG~1\AppData\Local\Temp
TEMP=C:\Users\SAYANG~1\AppData\Local\Temp



---------------  S Y S T E M  ---------------

OS:
 Windows 10 , 64 bit Build 19041 (10.0.19041.2546)
OS uptime: 5 days 2:46 hours
Hyper-V role detected

CPU: total 16 (initial active 16) (8 cores per cpu, 2 threads per core) family 6 model 191 stepping 2 microcode 0x26, cx8, cmov, fxsr, ht, mmx, 3dnowpref, sse, sse2, sse3, ssse3, sse4.1, sse4.2, popcnt, lzcnt, tsc, tscinvbit, avx, avx2, aes, erms, clmul, bmi1, bmi2, adx, sha, fma, vzeroupper, clflush, clflushopt, clwb, hv
Processor Information for all 16 processors :
  Max Mhz: 2500, Current Mhz: 2500, Mhz Limit: 2500

Memory: 4k page, system-wide physical 16222M (3246M free)
TotalPageFile size 16222M (AvailPageFile size 6M)
current process WorkingSet (physical memory assigned to process): 242M, peak: 288M
current process commit charge ("private bytes"): 307M, peak: 476M

vm_info: OpenJDK 64-Bit Server VM (17.0.8+7) for windows-amd64 JRE (17.0.8+7), built on Jul 18 2023 21:02:32 by "admin" with MS VC++ 16.7 (VS2019)

END.
