#
# There is insufficient memory for the Java Runtime Environment to continue.
# Native memory allocation (mmap) failed to map 65536 bytes for Failed to commit metaspace.
# Possible reasons:
#   The system is out of physical RAM or swap space
#   The process is running with CompressedOops enabled, and the Java Heap may be blocking the growth of the native heap
# Possible solutions:
#   Reduce memory load on the system
#   Increase physical memory or swap space
#   Check if swap backing store is full
#   Decrease Java heap size (-Xmx/-Xms)
#   Decrease number of Java threads
#   Decrease Java thread stack sizes (-Xss)
#   Set larger code cache with -XX:ReservedCodeCacheSize=
#   JVM is running with Unscaled Compressed Oops mode in which the Java heap is
#     placed in the first 4GB address space. The Java Heap base address is the
#     maximum limit for the native heap growth. Please use -XX:HeapBaseMinAddress
#     to set the Java Heap base and to place the Java Heap above 4GB virtual address.
# This output file may be truncated or incomplete.
#
#  Out of Memory Error (virtualSpaceNode.cpp:110), pid=4572, tid=16908
#
# JRE version: OpenJDK Runtime Environment Temurin-17.0.8+7 (17.0.8+7) (build 17.0.8+7)
# Java VM: OpenJDK 64-Bit Server VM Temurin-17.0.8+7 (17.0.8+7, mixed mode, sharing, tiered, compressed oops, compressed class ptrs, g1 gc, windows-amd64)
# No core dump will be written. Minidumps are not enabled by default on client versions of Windows
#

---------------  S U M M A R Y ------------

Command Line: -Xmx64m -Xms64m -Dorg.gradle.appname=gradlew org.gradle.wrapper.GradleWrapperMain app:installDebug -PreactNativeDevServerPort=8081

Host: 13th Gen Intel(R) Core(TM) i5-13400F, 16 cores, 15G,  Windows 10 , 64 bit Build 19041 (10.0.19041.2546)
Time: Wed Jan 10 21:43:30 2024 India Standard Time elapsed time: 62.304346 seconds (0d 0h 1m 2s)

---------------  T H R E A D  ---------------

Current thread (0x0000011000acdae0):  JavaThread "main" [_thread_in_vm, id=16908, stack(0x0000000907f00000,0x0000000908000000)]

Stack: [0x0000000907f00000,0x0000000908000000]
Native frames: (J=compiled Java code, j=interpreted, Vv=VM code, C=native code)
V  [jvm.dll+0x678b0a]
V  [jvm.dll+0x835e84]
V  [jvm.dll+0x83762e]
V  [jvm.dll+0x837c93]
V  [jvm.dll+0x24746f]
V  [jvm.dll+0x831f1b]
V  [jvm.dll+0x61d3c6]
V  [jvm.dll+0x1c1aae]
V  [jvm.dll+0x61fd21]
V  [jvm.dll+0x61dd66]
V  [jvm.dll+0x23b9ff]
V  [jvm.dll+0x627c05]
V  [jvm.dll+0x1eb90b]
V  [jvm.dll+0x1ebe45]
V  [jvm.dll+0x1ec87f]
V  [jvm.dll+0x1e1d21]
V  [jvm.dll+0x53fba0]
V  [jvm.dll+0x7b1278]
V  [jvm.dll+0x7b1364]
V  [jvm.dll+0x40ecc5]
V  [jvm.dll+0x414e18]
C  [java.dll+0x17ec]

Java frames: (J=compiled Java code, j=interpreted, Vv=VM code)
J 837  java.lang.ClassLoader.defineClass1(Ljava/lang/ClassLoader;Ljava/lang/String;[BIILjava/security/ProtectionDomain;Ljava/lang/String;)Ljava/lang/Class; java.base@17.0.8 (0 bytes) @ 0x00000110119784e3 [0x0000011011978420+0x00000000000000c3]
J 873 c1 java.lang.ClassLoader.defineClass(Ljava/lang/String;[BIILjava/security/ProtectionDomain;)Ljava/lang/Class; java.base@17.0.8 (43 bytes) @ 0x0000011009f2fb54 [0x0000011009f2f800+0x0000000000000354]
J 907 c1 java.security.SecureClassLoader.defineClass(Ljava/lang/String;[BIILjava/security/CodeSource;)Ljava/lang/Class; java.base@17.0.8 (16 bytes) @ 0x0000011009f41f8c [0x0000011009f41ec0+0x00000000000000cc]
J 902 c1 java.net.URLClassLoader.defineClass(Ljava/lang/String;Ljdk/internal/loader/Resource;)Ljava/lang/Class; java.base@17.0.8 (224 bytes) @ 0x0000011009f480c4 [0x0000011009f46640+0x0000000000001a84]
J 778 c1 java.net.URLClassLoader$1.run()Ljava/lang/Class; java.base@17.0.8 (81 bytes) @ 0x0000011009effc14 [0x0000011009efefa0+0x0000000000000c74]
J 777 c1 java.net.URLClassLoader$1.run()Ljava/lang/Object; java.base@17.0.8 (5 bytes) @ 0x0000011009efeac4 [0x0000011009efea40+0x0000000000000084]
J 615 c1 java.security.AccessController.doPrivileged(Ljava/security/PrivilegedExceptionAction;Ljava/security/AccessControlContext;)Ljava/lang/Object; java.base@17.0.8 (26 bytes) @ 0x0000011009e955fc [0x0000011009e95420+0x00000000000001dc]
J 775 c1 java.net.URLClassLoader.findClass(Ljava/lang/String;)Ljava/lang/Class; java.base@17.0.8 (47 bytes) @ 0x0000011009efe19c [0x0000011009efe000+0x000000000000019c]
J 660 c1 java.lang.ClassLoader.loadClass(Ljava/lang/String;Z)Ljava/lang/Class; java.base@17.0.8 (121 bytes) @ 0x0000011009eaf3f4 [0x0000011009eaee40+0x00000000000005b4]
J 627 c1 java.lang.ClassLoader.loadClass(Ljava/lang/String;)Ljava/lang/Class; java.base@17.0.8 (7 bytes) @ 0x0000011009e9da4c [0x0000011009e9d940+0x000000000000010c]
v  ~StubRoutines::call_stub
j  org.gradle.internal.buildevents.BuildExceptionReporter$FailureDetails.<init>(Ljava/lang/Throwable;Lorg/gradle/internal/buildevents/BuildExceptionReporter$ExceptionStyle;)V+5
j  org.gradle.internal.buildevents.BuildExceptionReporter.constructFailureDetails(Ljava/lang/String;Ljava/lang/Throwable;)Lorg/gradle/internal/buildevents/BuildExceptionReporter$FailureDetails;+9
j  org.gradle.internal.buildevents.BuildExceptionReporter.renderSingleBuildException(Ljava/lang/Throwable;)V+19
j  org.gradle.internal.buildevents.BuildExceptionReporter.execute(Ljava/lang/Throwable;)V+20
j  org.gradle.internal.buildevents.BuildExceptionReporter.execute(Ljava/lang/Object;)V+5
j  org.gradle.launcher.cli.ExceptionReportingAction.execute(Lorg/gradle/launcher/bootstrap/ExecutionListener;)V+89
j  org.gradle.launcher.cli.ExceptionReportingAction.execute(Ljava/lang/Object;)V+5
j  org.gradle.launcher.cli.DefaultCommandLineActionFactory$WithLogging.execute(Lorg/gradle/launcher/bootstrap/ExecutionListener;)V+299
j  org.gradle.launcher.Main.doAction([Ljava/lang/String;Lorg/gradle/launcher/bootstrap/ExecutionListener;)V+14
j  org.gradle.launcher.bootstrap.EntryPoint.run([Ljava/lang/String;)V+12
v  ~StubRoutines::call_stub
j  jdk.internal.reflect.NativeMethodAccessorImpl.invoke0(Ljava/lang/reflect/Method;Ljava/lang/Object;[Ljava/lang/Object;)Ljava/lang/Object;+0 java.base@17.0.8
j  jdk.internal.reflect.NativeMethodAccessorImpl.invoke(Ljava/lang/Object;[Ljava/lang/Object;)Ljava/lang/Object;+133 java.base@17.0.8
j  jdk.internal.reflect.DelegatingMethodAccessorImpl.invoke(Ljava/lang/Object;[Ljava/lang/Object;)Ljava/lang/Object;+6 java.base@17.0.8
j  java.lang.reflect.Method.invoke(Ljava/lang/Object;[Ljava/lang/Object;)Ljava/lang/Object;+59 java.base@17.0.8
j  org.gradle.launcher.bootstrap.ProcessBootstrap.runNoExit(Ljava/lang/String;[Ljava/lang/String;)V+155
j  org.gradle.launcher.bootstrap.ProcessBootstrap.run(Ljava/lang/String;[Ljava/lang/String;)V+2
v  ~StubRoutines::call_stub
j  jdk.internal.reflect.NativeMethodAccessorImpl.invoke0(Ljava/lang/reflect/Method;Ljava/lang/Object;[Ljava/lang/Object;)Ljava/lang/Object;+0 java.base@17.0.8
j  jdk.internal.reflect.NativeMethodAccessorImpl.invoke(Ljava/lang/Object;[Ljava/lang/Object;)Ljava/lang/Object;+133 java.base@17.0.8
j  jdk.internal.reflect.DelegatingMethodAccessorImpl.invoke(Ljava/lang/Object;[Ljava/lang/Object;)Ljava/lang/Object;+6 java.base@17.0.8
j  java.lang.reflect.Method.invoke(Ljava/lang/Object;[Ljava/lang/Object;)Ljava/lang/Object;+59 java.base@17.0.8
j  org.gradle.launcher.GradleMain.main([Ljava/lang/String;)V+100
v  ~StubRoutines::call_stub
j  jdk.internal.reflect.NativeMethodAccessorImpl.invoke0(Ljava/lang/reflect/Method;Ljava/lang/Object;[Ljava/lang/Object;)Ljava/lang/Object;+0 java.base@17.0.8
j  jdk.internal.reflect.NativeMethodAccessorImpl.invoke(Ljava/lang/Object;[Ljava/lang/Object;)Ljava/lang/Object;+133 java.base@17.0.8
j  jdk.internal.reflect.DelegatingMethodAccessorImpl.invoke(Ljava/lang/Object;[Ljava/lang/Object;)Ljava/lang/Object;+6 java.base@17.0.8
j  java.lang.reflect.Method.invoke(Ljava/lang/Object;[Ljava/lang/Object;)Ljava/lang/Object;+59 java.base@17.0.8
j  org.gradle.wrapper.BootstrapMainStarter.start([Ljava/lang/String;Ljava/io/File;)V+105
j  org.gradle.wrapper.WrapperExecutor.execute([Ljava/lang/String;Lorg/gradle/wrapper/Install;Lorg/gradle/wrapper/BootstrapMainStarter;)V+14
j  org.gradle.wrapper.GradleWrapperMain.main([Ljava/lang/String;)V+206
v  ~StubRoutines::call_stub

---------------  P R O C E S S  ---------------

Threads class SMR info:
_java_thread_list=0x0000011062fd4640, length=14, elements={
0x0000011000acdae0, 0x000001101cedda70, 0x000001101cede630, 0x000001101cef8400,
0x000001101cef8fd0, 0x000001101cefb9a0, 0x000001101cefd370, 0x000001101cefe060,
0x000001101cf03420, 0x000001101cf04d40, 0x00000110622456d0, 0x000001106224b190,
0x0000011063a77d00, 0x0000011062ce3c10
}

Java Threads: ( => current thread )
=>0x0000011000acdae0 JavaThread "main" [_thread_in_vm, id=16908, stack(0x0000000907f00000,0x0000000908000000)]
  0x000001101cedda70 JavaThread "Reference Handler" daemon [_thread_blocked, id=1064, stack(0x0000000908600000,0x0000000908700000)]
  0x000001101cede630 JavaThread "Finalizer" daemon [_thread_blocked, id=4360, stack(0x0000000908700000,0x0000000908800000)]
  0x000001101cef8400 JavaThread "Signal Dispatcher" daemon [_thread_blocked, id=4916, stack(0x0000000908800000,0x0000000908900000)]
  0x000001101cef8fd0 JavaThread "Attach Listener" daemon [_thread_blocked, id=7148, stack(0x0000000908900000,0x0000000908a00000)]
  0x000001101cefb9a0 JavaThread "Service Thread" daemon [_thread_blocked, id=17004, stack(0x0000000908a00000,0x0000000908b00000)]
  0x000001101cefd370 JavaThread "Monitor Deflation Thread" daemon [_thread_blocked, id=1088, stack(0x0000000908b00000,0x0000000908c00000)]
  0x000001101cefe060 JavaThread "C2 CompilerThread0" daemon [_thread_in_native, id=18840, stack(0x0000000908c00000,0x0000000908d00000)]
  0x000001101cf03420 JavaThread "C1 CompilerThread0" daemon [_thread_blocked, id=4288, stack(0x0000000908d00000,0x0000000908e00000)]
  0x000001101cf04d40 JavaThread "Sweeper thread" daemon [_thread_blocked, id=17780, stack(0x0000000908e00000,0x0000000908f00000)]
  0x00000110622456d0 JavaThread "Notification Thread" daemon [_thread_blocked, id=9156, stack(0x0000000909000000,0x0000000909100000)]
  0x000001106224b190 JavaThread "Common-Cleaner" daemon [_thread_blocked, id=2720, stack(0x0000000909200000,0x0000000909300000)]
  0x0000011063a77d00 JavaThread "pool-1-thread-1" [_thread_blocked, id=4972, stack(0x0000000909c00000,0x0000000909d00000)]
  0x0000011062ce3c10 JavaThread "C2 CompilerThread1" daemon [_thread_in_vm, id=1488, stack(0x0000000907c00000,0x0000000907d00000)]

Other Threads:
  0x000001101cedafd0 VMThread "VM Thread" [stack: 0x0000000908500000,0x0000000908600000] [id=13572]
  0x0000011062248500 WatcherThread [stack: 0x0000000909100000,0x0000000909200000] [id=21268]
  0x0000011000aef6a0 GCTaskThread "GC Thread#0" [stack: 0x0000000908000000,0x0000000908100000] [id=4244]
  0x00000110634ae8a0 GCTaskThread "GC Thread#1" [stack: 0x0000000909800000,0x0000000909900000] [id=20456]
  0x0000011062ff6ea0 GCTaskThread "GC Thread#2" [stack: 0x0000000909900000,0x0000000909a00000] [id=5848]
  0x0000011063073a60 GCTaskThread "GC Thread#3" [stack: 0x0000000909a00000,0x0000000909b00000] [id=11716]
  0x0000011062cf7b70 GCTaskThread "GC Thread#4" [stack: 0x0000000909b00000,0x0000000909c00000] [id=14944]
  0x000001106245bfa0 GCTaskThread "GC Thread#5" [stack: 0x0000000909300000,0x0000000909400000] [id=6200]
  0x000001106245c260 GCTaskThread "GC Thread#6" [stack: 0x0000000909400000,0x0000000909500000] [id=4064]
  0x000001106299ffb0 GCTaskThread "GC Thread#7" [stack: 0x0000000909d00000,0x0000000909e00000] [id=11568]
  0x00000110629a0270 GCTaskThread "GC Thread#8" [stack: 0x0000000909e00000,0x0000000909f00000] [id=19624]
  0x00000110631ca3a0 GCTaskThread "GC Thread#9" [stack: 0x0000000909f00000,0x000000090a000000] [id=21200]
  0x000001106396cb80 GCTaskThread "GC Thread#10" [stack: 0x000000090a000000,0x000000090a100000] [id=13336]
  0x0000011000af0c90 ConcurrentGCThread "G1 Main Marker" [stack: 0x0000000908100000,0x0000000908200000] [id=12324]
  0x0000011000af1540 ConcurrentGCThread "G1 Conc#0" [stack: 0x0000000908200000,0x0000000908300000] [id=7352]
  0x0000011000b8c320 ConcurrentGCThread "G1 Refine#0" [stack: 0x0000000908300000,0x0000000908400000] [id=17404]
  0x0000011000b8cbf0 ConcurrentGCThread "G1 Service" [stack: 0x0000000908400000,0x0000000908500000] [id=15932]

Threads with active compile tasks:
C2 CompilerThread0    62313 1997       4       org.gradle.internal.logging.text.AbstractLineChoppingStyledTextOutput$1::execute (140 bytes)
C2 CompilerThread1    62313 1996       4       org.gradle.internal.logging.text.AbstractLineChoppingStyledTextOutput$1::execute (9 bytes)

VM state: not at safepoint (normal execution)

VM Mutex/Monitor currently owned by a thread:  ([mutex/lock_event])
[0x0000011000ac7340] Metaspace_lock - owner thread: 0x0000011000acdae0

Heap address: 0x00000000fc000000, size: 64 MB, Compressed Oops mode: 32-bit

CDS archive(s) mapped at: [0x000001101d000000-0x000001101dbd0000-0x000001101dbd0000), size 12386304, SharedBaseAddress: 0x000001101d000000, ArchiveRelocationMode: 1.
Compressed class space mapped at: 0x000001101e000000-0x000001105e000000, reserved size: 1073741824
Narrow klass base: 0x000001101d000000, Narrow klass shift: 0, Narrow klass range: 0x100000000

GC Precious Log:
 CPUs: 16 total, 16 available
 Memory: 16222M
 Large Page Support: Disabled
 NUMA Support: Disabled
 Compressed Oops: Enabled (32-bit)
 Heap Region Size: 1M
 Heap Min Capacity: 64M
 Heap Initial Capacity: 64M
 Heap Max Capacity: 64M
 Pre-touch: Disabled
 Parallel Workers: 13
 Concurrent Workers: 3
 Concurrent Refinement Workers: 13
 Periodic GC: Disabled

Heap:
 garbage-first heap   total 65536K, used 20276K [0x00000000fc000000, 0x0000000100000000)
  region size 1024K, 11 young (11264K), 3 survivors (3072K)
 Metaspace       used 9847K, committed 9984K, reserved 1114112K
  class space    used 1259K, committed 1344K, reserved 1048576K

Heap Regions: E=young(eden), S=young(survivor), O=old, HS=humongous(starts), HC=humongous(continues), CS=collection set, F=free, OA=open archive, CA=closed archive, TAMS=top-at-mark-start (previous, next)
|   0|0x00000000fc000000, 0x00000000fc100000, 0x00000000fc100000|100%|HS|  |TAMS 0x00000000fc000000, 0x00000000fc000000| Complete 
|   1|0x00000000fc100000, 0x00000000fc200000, 0x00000000fc200000|100%|HC|  |TAMS 0x00000000fc100000, 0x00000000fc100000| Complete 
|   2|0x00000000fc200000, 0x00000000fc300000, 0x00000000fc300000|100%|HC|  |TAMS 0x00000000fc200000, 0x00000000fc200000| Complete 
|   3|0x00000000fc300000, 0x00000000fc400000, 0x00000000fc400000|100%|HC|  |TAMS 0x00000000fc300000, 0x00000000fc300000| Complete 
|   4|0x00000000fc400000, 0x00000000fc500000, 0x00000000fc500000|100%| O|  |TAMS 0x00000000fc400000, 0x00000000fc400000| Untracked 
|   5|0x00000000fc500000, 0x00000000fc600000, 0x00000000fc600000|100%| O|  |TAMS 0x00000000fc500000, 0x00000000fc500000| Untracked 
|   6|0x00000000fc600000, 0x00000000fc700000, 0x00000000fc700000|100%| O|  |TAMS 0x00000000fc600000, 0x00000000fc600000| Untracked 
|   7|0x00000000fc700000, 0x00000000fc800000, 0x00000000fc800000|100%| O|  |TAMS 0x00000000fc700000, 0x00000000fc700000| Untracked 
|   8|0x00000000fc800000, 0x00000000fc900000, 0x00000000fc900000|100%| O|  |TAMS 0x00000000fc800000, 0x00000000fc800000| Untracked 
|   9|0x00000000fc900000, 0x00000000fca00000, 0x00000000fca00000|100%| O|  |TAMS 0x00000000fc900000, 0x00000000fc900000| Untracked 
|  10|0x00000000fca00000, 0x00000000fca44200, 0x00000000fcb00000| 26%| O|  |TAMS 0x00000000fca00000, 0x00000000fca00000| Untracked 
|  11|0x00000000fcb00000, 0x00000000fcb00000, 0x00000000fcc00000|  0%| F|  |TAMS 0x00000000fcb00000, 0x00000000fcb00000| Untracked 
|  12|0x00000000fcc00000, 0x00000000fcc00000, 0x00000000fcd00000|  0%| F|  |TAMS 0x00000000fcc00000, 0x00000000fcc00000| Untracked 
|  13|0x00000000fcd00000, 0x00000000fcd00000, 0x00000000fce00000|  0%| F|  |TAMS 0x00000000fcd00000, 0x00000000fcd00000| Untracked 
|  14|0x00000000fce00000, 0x00000000fce00000, 0x00000000fcf00000|  0%| F|  |TAMS 0x00000000fce00000, 0x00000000fce00000| Untracked 
|  15|0x00000000fcf00000, 0x00000000fcf00000, 0x00000000fd000000|  0%| F|  |TAMS 0x00000000fcf00000, 0x00000000fcf00000| Untracked 
|  16|0x00000000fd000000, 0x00000000fd000000, 0x00000000fd100000|  0%| F|  |TAMS 0x00000000fd000000, 0x00000000fd000000| Untracked 
|  17|0x00000000fd100000, 0x00000000fd100000, 0x00000000fd200000|  0%| F|  |TAMS 0x00000000fd100000, 0x00000000fd100000| Untracked 
|  18|0x00000000fd200000, 0x00000000fd200000, 0x00000000fd300000|  0%| F|  |TAMS 0x00000000fd200000, 0x00000000fd200000| Untracked 
|  19|0x00000000fd300000, 0x00000000fd300000, 0x00000000fd400000|  0%| F|  |TAMS 0x00000000fd300000, 0x00000000fd300000| Untracked 
|  20|0x00000000fd400000, 0x00000000fd400000, 0x00000000fd500000|  0%| F|  |TAMS 0x00000000fd400000, 0x00000000fd400000| Untracked 
|  21|0x00000000fd500000, 0x00000000fd500000, 0x00000000fd600000|  0%| F|  |TAMS 0x00000000fd500000, 0x00000000fd500000| Untracked 
|  22|0x00000000fd600000, 0x00000000fd600000, 0x00000000fd700000|  0%| F|  |TAMS 0x00000000fd600000, 0x00000000fd600000| Untracked 
|  23|0x00000000fd700000, 0x00000000fd700000, 0x00000000fd800000|  0%| F|  |TAMS 0x00000000fd700000, 0x00000000fd700000| Untracked 
|  24|0x00000000fd800000, 0x00000000fd800000, 0x00000000fd900000|  0%| F|  |TAMS 0x00000000fd800000, 0x00000000fd800000| Untracked 
|  25|0x00000000fd900000, 0x00000000fd900000, 0x00000000fda00000|  0%| F|  |TAMS 0x00000000fd900000, 0x00000000fd900000| Untracked 
|  26|0x00000000fda00000, 0x00000000fda00000, 0x00000000fdb00000|  0%| F|  |TAMS 0x00000000fda00000, 0x00000000fda00000| Untracked 
|  27|0x00000000fdb00000, 0x00000000fdb00000, 0x00000000fdc00000|  0%| F|  |TAMS 0x00000000fdb00000, 0x00000000fdb00000| Untracked 
|  28|0x00000000fdc00000, 0x00000000fdc00000, 0x00000000fdd00000|  0%| F|  |TAMS 0x00000000fdc00000, 0x00000000fdc00000| Untracked 
|  29|0x00000000fdd00000, 0x00000000fdd00000, 0x00000000fde00000|  0%| F|  |TAMS 0x00000000fdd00000, 0x00000000fdd00000| Untracked 
|  30|0x00000000fde00000, 0x00000000fde00000, 0x00000000fdf00000|  0%| F|  |TAMS 0x00000000fde00000, 0x00000000fde00000| Untracked 
|  31|0x00000000fdf00000, 0x00000000fdf00000, 0x00000000fe000000|  0%| F|  |TAMS 0x00000000fdf00000, 0x00000000fdf00000| Untracked 
|  32|0x00000000fe000000, 0x00000000fe000000, 0x00000000fe100000|  0%| F|  |TAMS 0x00000000fe000000, 0x00000000fe000000| Untracked 
|  33|0x00000000fe100000, 0x00000000fe100000, 0x00000000fe200000|  0%| F|  |TAMS 0x00000000fe100000, 0x00000000fe100000| Untracked 
|  34|0x00000000fe200000, 0x00000000fe200000, 0x00000000fe300000|  0%| F|  |TAMS 0x00000000fe200000, 0x00000000fe200000| Untracked 
|  35|0x00000000fe300000, 0x00000000fe300000, 0x00000000fe400000|  0%| F|  |TAMS 0x00000000fe300000, 0x00000000fe300000| Untracked 
|  36|0x00000000fe400000, 0x00000000fe4890d0, 0x00000000fe500000| 53%| S|CS|TAMS 0x00000000fe400000, 0x00000000fe400000| Complete 
|  37|0x00000000fe500000, 0x00000000fe600000, 0x00000000fe600000|100%| S|CS|TAMS 0x00000000fe500000, 0x00000000fe500000| Complete 
|  38|0x00000000fe600000, 0x00000000fe600000, 0x00000000fe700000|  0%| F|  |TAMS 0x00000000fe600000, 0x00000000fe600000| Untracked 
|  39|0x00000000fe700000, 0x00000000fe700000, 0x00000000fe800000|  0%| F|  |TAMS 0x00000000fe700000, 0x00000000fe700000| Untracked 
|  40|0x00000000fe800000, 0x00000000fe800000, 0x00000000fe900000|  0%| F|  |TAMS 0x00000000fe800000, 0x00000000fe800000| Untracked 
|  41|0x00000000fe900000, 0x00000000fea00000, 0x00000000fea00000|100%| S|CS|TAMS 0x00000000fe900000, 0x00000000fe900000| Complete 
|  42|0x00000000fea00000, 0x00000000fea00000, 0x00000000feb00000|  0%| F|  |TAMS 0x00000000fea00000, 0x00000000fea00000| Untracked 
|  43|0x00000000feb00000, 0x00000000feb00000, 0x00000000fec00000|  0%| F|  |TAMS 0x00000000feb00000, 0x00000000feb00000| Untracked 
|  44|0x00000000fec00000, 0x00000000fec00000, 0x00000000fed00000|  0%| F|  |TAMS 0x00000000fec00000, 0x00000000fec00000| Untracked 
|  45|0x00000000fed00000, 0x00000000fed00000, 0x00000000fee00000|  0%| F|  |TAMS 0x00000000fed00000, 0x00000000fed00000| Untracked 
|  46|0x00000000fee00000, 0x00000000fee00000, 0x00000000fef00000|  0%| F|  |TAMS 0x00000000fee00000, 0x00000000fee00000| Untracked 
|  47|0x00000000fef00000, 0x00000000fef00000, 0x00000000ff000000|  0%| F|  |TAMS 0x00000000fef00000, 0x00000000fef00000| Untracked 
|  48|0x00000000ff000000, 0x00000000ff000000, 0x00000000ff100000|  0%| F|  |TAMS 0x00000000ff000000, 0x00000000ff000000| Untracked 
|  49|0x00000000ff100000, 0x00000000ff100000, 0x00000000ff200000|  0%| F|  |TAMS 0x00000000ff100000, 0x00000000ff100000| Untracked 
|  50|0x00000000ff200000, 0x00000000ff200000, 0x00000000ff300000|  0%| F|  |TAMS 0x00000000ff200000, 0x00000000ff200000| Untracked 
|  51|0x00000000ff300000, 0x00000000ff300000, 0x00000000ff400000|  0%| F|  |TAMS 0x00000000ff300000, 0x00000000ff300000| Untracked 
|  52|0x00000000ff400000, 0x00000000ff400000, 0x00000000ff500000|  0%| F|  |TAMS 0x00000000ff400000, 0x00000000ff400000| Untracked 
|  53|0x00000000ff500000, 0x00000000ff500000, 0x00000000ff600000|  0%| F|  |TAMS 0x00000000ff500000, 0x00000000ff500000| Untracked 
|  54|0x00000000ff600000, 0x00000000ff600000, 0x00000000ff700000|  0%| F|  |TAMS 0x00000000ff600000, 0x00000000ff600000| Untracked 
|  55|0x00000000ff700000, 0x00000000ff700000, 0x00000000ff800000|  0%| F|  |TAMS 0x00000000ff700000, 0x00000000ff700000| Untracked 
|  56|0x00000000ff800000, 0x00000000ff8726e0, 0x00000000ff900000| 44%| E|  |TAMS 0x00000000ff800000, 0x00000000ff800000| Complete 
|  57|0x00000000ff900000, 0x00000000ffa00000, 0x00000000ffa00000|100%| E|CS|TAMS 0x00000000ff900000, 0x00000000ff900000| Complete 
|  58|0x00000000ffa00000, 0x00000000ffb00000, 0x00000000ffb00000|100%| E|CS|TAMS 0x00000000ffa00000, 0x00000000ffa00000| Complete 
|  59|0x00000000ffb00000, 0x00000000ffc00000, 0x00000000ffc00000|100%| E|CS|TAMS 0x00000000ffb00000, 0x00000000ffb00000| Complete 
|  60|0x00000000ffc00000, 0x00000000ffd00000, 0x00000000ffd00000|100%| E|CS|TAMS 0x00000000ffc00000, 0x00000000ffc00000| Complete 
|  61|0x00000000ffd00000, 0x00000000ffe00000, 0x00000000ffe00000|100%| E|CS|TAMS 0x00000000ffd00000, 0x00000000ffd00000| Complete 
|  62|0x00000000ffe00000, 0x00000000fff00000, 0x00000000fff00000|100%| E|CS|TAMS 0x00000000ffe00000, 0x00000000ffe00000| Complete 
|  63|0x00000000fff00000, 0x0000000100000000, 0x0000000100000000|100%| E|CS|TAMS 0x00000000fff00000, 0x00000000fff00000| Complete 

Card table byte_map: [0x0000011019d80000,0x0000011019da0000] _byte_map_base: 0x00000110195a0000

Marking Bits (Prev, Next): (CMBitMap*) 0x0000011000aefb60, (CMBitMap*) 0x0000011000aefba0
 Prev Bits: [0x0000011019dc0000, 0x0000011019ec0000)
 Next Bits: [0x0000011019ec0000, 0x0000011019fc0000)

Polling page: 0x0000011009d70000

Metaspace:

Usage:
  Non-class:      8.39 MB used.
      Class:      1.23 MB used.
       Both:      9.62 MB used.

Virtual space:
  Non-class space:       64.00 MB reserved,       8.44 MB ( 13%) committed,  1 nodes.
      Class space:        1.00 GB reserved,       1.31 MB ( <1%) committed,  1 nodes.
             Both:        1.06 GB reserved,       9.75 MB ( <1%) committed. 

Chunk freelists:
   Non-Class:  6.73 MB
       Class:  14.58 MB
        Both:  21.31 MB

MaxMetaspaceSize: unlimited
CompressedClassSpaceSize: 1.00 GB
Initial GC threshold: 21.00 MB
Current GC threshold: 21.00 MB
CDS: on
MetaspaceReclaimPolicy: balanced
 - commit_granule_bytes: 65536.
 - commit_granule_words: 8192.
 - virtual_space_node_default_size: 8388608.
 - enlarge_chunks_in_place: 1.
 - new_chunks_are_fully_committed: 0.
 - uncommit_free_chunks: 1.
 - use_allocation_guard: 0.
 - handle_deallocations: 1.


Internal statistics:

num_allocs_failed_limit: 0.
num_arena_births: 92.
num_arena_deaths: 0.
num_vsnodes_births: 2.
num_vsnodes_deaths: 0.
num_space_committed: 156.
num_space_uncommitted: 0.
num_chunks_returned_to_freelist: 0.
num_chunks_taken_from_freelist: 343.
num_chunk_merges: 0.
num_chunk_splits: 230.
num_chunks_enlarged: 190.
num_inconsistent_stats: 0.

CodeHeap 'non-profiled nmethods': size=119168Kb used=924Kb max_used=924Kb free=118243Kb
 bounds [0x0000011011930000, 0x0000011011ba0000, 0x0000011018d90000]
CodeHeap 'profiled nmethods': size=119104Kb used=3982Kb max_used=3982Kb free=115121Kb
 bounds [0x0000011009d90000, 0x000001100a180000, 0x00000110111e0000]
CodeHeap 'non-nmethods': size=7488Kb used=1183Kb max_used=2895Kb free=6304Kb
 bounds [0x00000110111e0000, 0x00000110114c0000, 0x0000011011930000]
 total_blobs=2478 nmethods=1995 adapters=396
 compilation: enabled
              stopped_count=0, restarted_count=0
 full_count=0

Compilation events (20 events):
Event: 62.296 Thread 0x000001101cf03420 1985       3       java.lang.String::decodeASCII (64 bytes)
Event: 62.296 Thread 0x000001101cf03420 nmethod 1985 0x000001100a171490 code [0x000001100a171660, 0x000001100a1719b8]
Event: 62.296 Thread 0x000001101cf03420 1986       1       java.util.LinkedList::size (5 bytes)
Event: 62.296 Thread 0x000001101cf03420 nmethod 1986 0x0000011011a15f90 code [0x0000011011a16120, 0x0000011011a161f8]
Event: 62.300 Thread 0x000001101cf03420 1989       3       jdk.internal.org.objectweb.asm.MethodWriter::visitCode (1 bytes)
Event: 62.300 Thread 0x000001101cefe060 1990       4       jdk.internal.org.objectweb.asm.ClassReader::readUnsignedShort (26 bytes)
Event: 62.300 Thread 0x000001101cf03420 nmethod 1989 0x000001100a171b90 code [0x000001100a171d20, 0x000001100a171e38]
Event: 62.300 Thread 0x000001101cf03420 1991       3       java.lang.Class::getReflectionFactory (26 bytes)
Event: 62.301 Thread 0x000001101cf03420 nmethod 1991 0x000001100a171f10 code [0x000001100a172140, 0x000001100a172918]
Event: 62.301 Thread 0x000001101cefe060 nmethod 1990 0x0000011011a16890 code [0x0000011011a16a00, 0x0000011011a16ad8]
Event: 62.301 Thread 0x000001101cefe060 1992       4       org.gradle.internal.logging.text.AbstractLineChoppingStyledTextOutput$StateContext::isCurrentCharEquals (70 bytes)
Event: 62.301 Thread 0x000001101cf03420 1993  s    3       java.io.BufferedOutputStream::write (67 bytes)
Event: 62.301 Thread 0x000001101cf03420 nmethod 1993 0x000001100a172c10 code [0x000001100a172e20, 0x000001100a173598]
Event: 62.301 Thread 0x000001101cf03420 1994       3       java.nio.charset.CoderResult::isOverflow (14 bytes)
Event: 62.301 Thread 0x000001101cf03420 nmethod 1994 0x000001100a173790 code [0x000001100a173920, 0x000001100a173a98]
Event: 62.302 Thread 0x000001101cefe060 nmethod 1992 0x0000011011a16b90 code [0x0000011011a16d20, 0x0000011011a16e68]
Event: 62.302 Thread 0x000001101cefe060 1995       4       org.gradle.internal.logging.text.AbstractLineChoppingStyledTextOutput$StateContext::hasChar (25 bytes)
Event: 62.302 Thread 0x0000011062ce3c10 1996       4       org.gradle.internal.logging.text.AbstractLineChoppingStyledTextOutput$1::execute (9 bytes)
Event: 62.303 Thread 0x000001101cefe060 nmethod 1995 0x0000011011a17010 code [0x0000011011a17180, 0x0000011011a17218]
Event: 62.303 Thread 0x000001101cefe060 1997       4       org.gradle.internal.logging.text.AbstractLineChoppingStyledTextOutput$1::execute (140 bytes)

GC Heap History (4 events):
Event: 0.310 GC heap before
{Heap before GC invocations=0 (full 0):
 garbage-first heap   total 65536K, used 26624K [0x00000000fc000000, 0x0000000100000000)
  region size 1024K, 23 young (23552K), 0 survivors (0K)
 Metaspace       used 3454K, committed 3648K, reserved 1114112K
  class space    used 395K, committed 512K, reserved 1048576K
}
Event: 0.313 GC heap after
{Heap after GC invocations=1 (full 0):
 garbage-first heap   total 65536K, used 10396K [0x00000000fc000000, 0x0000000100000000)
  region size 1024K, 3 young (3072K), 3 survivors (3072K)
 Metaspace       used 3454K, committed 3648K, reserved 1114112K
  class space    used 395K, committed 512K, reserved 1048576K
}
Event: 1.537 GC heap before
{Heap before GC invocations=1 (full 0):
 garbage-first heap   total 65536K, used 32924K [0x00000000fc000000, 0x0000000100000000)
  region size 1024K, 25 young (25600K), 3 survivors (3072K)
 Metaspace       used 8716K, committed 8896K, reserved 1114112K
  class space    used 1133K, committed 1216K, reserved 1048576K
}
Event: 1.539 GC heap after
{Heap after GC invocations=2 (full 0):
 garbage-first heap   total 65536K, used 13108K [0x00000000fc000000, 0x0000000100000000)
  region size 1024K, 3 young (3072K), 3 survivors (3072K)
 Metaspace       used 8716K, committed 8896K, reserved 1114112K
  class space    used 1133K, committed 1216K, reserved 1048576K
}

Dll operation events (11 events):
Event: 0.004 Loaded shared library C:\Users\Sayan Ghosh\AppData\Local\Programs\Eclipse Adoptium\jdk-17.0.8.7-hotspot\bin\java.dll
Event: 0.014 Loaded shared library C:\Users\Sayan Ghosh\AppData\Local\Programs\Eclipse Adoptium\jdk-17.0.8.7-hotspot\bin\jsvml.dll
Event: 0.031 Loaded shared library C:\Users\Sayan Ghosh\AppData\Local\Programs\Eclipse Adoptium\jdk-17.0.8.7-hotspot\bin\net.dll
Event: 0.032 Loaded shared library C:\Users\Sayan Ghosh\AppData\Local\Programs\Eclipse Adoptium\jdk-17.0.8.7-hotspot\bin\nio.dll
Event: 0.034 Loaded shared library C:\Users\Sayan Ghosh\AppData\Local\Programs\Eclipse Adoptium\jdk-17.0.8.7-hotspot\bin\zip.dll
Event: 0.173 Loaded shared library C:\Users\Sayan Ghosh\AppData\Local\Programs\Eclipse Adoptium\jdk-17.0.8.7-hotspot\bin\jimage.dll
Event: 0.206 Loaded shared library C:\Users\Sayan Ghosh\AppData\Local\Programs\Eclipse Adoptium\jdk-17.0.8.7-hotspot\bin\verify.dll
Event: 0.354 Loaded shared library C:\Users\Sayan Ghosh\.gradle\native\68d5fa5c4cc2d200863cafc0d521ce42e7d3e7ee720ec0a83991735586a16f82\windows-amd64\native-platform.dll
Event: 0.419 Loaded shared library C:\Users\Sayan Ghosh\AppData\Local\Programs\Eclipse Adoptium\jdk-17.0.8.7-hotspot\bin\management.dll
Event: 0.420 Loaded shared library C:\Users\Sayan Ghosh\AppData\Local\Programs\Eclipse Adoptium\jdk-17.0.8.7-hotspot\bin\management_ext.dll
Event: 1.545 Loaded shared library C:\Users\Sayan Ghosh\AppData\Local\Programs\Eclipse Adoptium\jdk-17.0.8.7-hotspot\bin\sunmscapi.dll

Deoptimization events (20 events):
Event: 62.300 Thread 0x0000011000acdae0 Uncommon trap: trap_request=0xffffffde fr.pc=0x0000011011a028dc relative=0x0000000000001a3c
Event: 62.300 Thread 0x0000011000acdae0 Uncommon trap: reason=class_check action=maybe_recompile pc=0x0000011011a028dc method=org.gradle.internal.logging.sink.OutputEventTransformer.onOutput(Lorg/gradle/internal/logging/events/OutputEvent;)V @ 272 c2
Event: 62.300 Thread 0x0000011000acdae0 DEOPT PACKING pc=0x0000011011a028dc sp=0x0000000907ffcec0
Event: 62.300 Thread 0x0000011000acdae0 DEOPT UNPACKING pc=0x00000110112369a3 sp=0x0000000907ffceb8 mode 2
Event: 62.300 Thread 0x0000011000acdae0 Uncommon trap: trap_request=0xffffff45 fr.pc=0x00000110119f5d24 relative=0x0000000000000bc4
Event: 62.300 Thread 0x0000011000acdae0 Uncommon trap: reason=unstable_if action=reinterpret pc=0x00000110119f5d24 method=org.gradle.internal.logging.console.ThrottlingOutputEventListener.onOutput(Lorg/gradle/internal/logging/events/OutputEvent;)V @ 51 c2
Event: 62.300 Thread 0x0000011000acdae0 DEOPT PACKING pc=0x00000110119f5d24 sp=0x0000000907ffcdf0
Event: 62.300 Thread 0x0000011000acdae0 DEOPT UNPACKING pc=0x00000110112369a3 sp=0x0000000907ffc880 mode 2
Event: 62.300 Thread 0x0000011000acdae0 Uncommon trap: trap_request=0xffffff45 fr.pc=0x00000110119feea8 relative=0x0000000000000ae8
Event: 62.300 Thread 0x0000011000acdae0 Uncommon trap: reason=unstable_if action=reinterpret pc=0x00000110119feea8 method=org.gradle.internal.logging.sink.GroupingProgressLogEventGenerator.onOutput(Lorg/gradle/internal/logging/events/OutputEvent;)V @ 22 c2
Event: 62.301 Thread 0x0000011000acdae0 DEOPT PACKING pc=0x00000110119feea8 sp=0x0000000907ffc7b0
Event: 62.301 Thread 0x0000011000acdae0 DEOPT UNPACKING pc=0x00000110112369a3 sp=0x0000000907ffc6e8 mode 2
Event: 62.301 Thread 0x0000011000acdae0 Uncommon trap: trap_request=0xffffff45 fr.pc=0x0000011011a003f8 relative=0x0000000000000a38
Event: 62.301 Thread 0x0000011000acdae0 Uncommon trap: reason=unstable_if action=reinterpret pc=0x0000011011a003f8 method=org.gradle.internal.logging.sink.GroupingProgressLogEventGenerator.onOutput(Lorg/gradle/internal/logging/events/OutputEvent;)V @ 22 c2
Event: 62.301 Thread 0x0000011000acdae0 DEOPT PACKING pc=0x0000011011a003f8 sp=0x0000000907ffc720
Event: 62.301 Thread 0x0000011000acdae0 DEOPT UNPACKING pc=0x00000110112369a3 sp=0x0000000907ffc6d0 mode 2
Event: 62.302 Thread 0x0000011000acdae0 Uncommon trap: trap_request=0xffffff45 fr.pc=0x00000110119ef610 relative=0x0000000000000910
Event: 62.302 Thread 0x0000011000acdae0 Uncommon trap: reason=unstable_if action=reinterpret pc=0x00000110119ef610 method=org.gradle.internal.logging.sink.GroupingProgressLogEventGenerator.onOutput(Lorg/gradle/internal/logging/events/OutputEvent;)V @ 22 c2
Event: 62.302 Thread 0x0000011000acdae0 DEOPT PACKING pc=0x00000110119ef610 sp=0x0000000907ffc6b0
Event: 62.302 Thread 0x0000011000acdae0 DEOPT UNPACKING pc=0x00000110112369a3 sp=0x0000000907ffc6d0 mode 2

Classes unloaded (0 events):
No events

Classes redefined (0 events):
No events

Internal exceptions (20 events):
Event: 0.346 Thread 0x0000011000acdae0 Exception <a 'java/lang/NoSuchMethodError'{0x00000000ffea34a0}: 'void java.lang.invoke.DelegatingMethodHandle$Holder.delegate(java.lang.Object, java.lang.Object, int, java.lang.Object)'> (0x00000000ffea34a0) 
thrown [s\src\hotspot\share\interpreter\linkResolver.cpp, line 759]
Event: 0.346 Thread 0x0000011000acdae0 Exception <a 'java/lang/NoSuchMethodError'{0x00000000ffea7668}: 'int java.lang.invoke.DirectMethodHandle$Holder.invokeSpecial(java.lang.Object, java.lang.Object, java.lang.Object)'> (0x00000000ffea7668) 
thrown [s\src\hotspot\share\interpreter\linkResolver.cpp, line 759]
Event: 0.348 Thread 0x0000011000acdae0 Exception <a 'java/lang/NoSuchMethodError'{0x00000000ffeba7b0}: 'java.lang.Object java.lang.invoke.Invokers$Holder.invokeExact_MT(java.lang.Object, java.lang.Object, java.lang.Object, java.lang.Object)'> (0x00000000ffeba7b0) 
thrown [s\src\hotspot\share\interpreter\linkResolver.cpp, line 759]
Event: 0.405 Thread 0x0000011000acdae0 Exception <a 'java/lang/NoSuchMethodError'{0x00000000ff820ce8}: 'void java.lang.invoke.DirectMethodHandle$Holder.invokeSpecial(java.lang.Object, java.lang.Object, java.lang.Object)'> (0x00000000ff820ce8) 
thrown [s\src\hotspot\share\interpreter\linkResolver.cpp, line 759]
Event: 0.410 Thread 0x0000011000acdae0 Implicit null exception at 0x000001101198020a to 0x000001101198074c
Event: 0.410 Thread 0x0000011000acdae0 Implicit null exception at 0x000001101197368c to 0x0000011011973bd8
Event: 0.418 Thread 0x0000011000acdae0 Exception <a 'java/lang/NoSuchMethodError'{0x00000000ff7a8e50}: 'java.lang.Object java.lang.invoke.DirectMethodHandle$Holder.invokeStaticInit(java.lang.Object)'> (0x00000000ff7a8e50) 
thrown [s\src\hotspot\share\interpreter\linkResolver.cpp, line 759]
Event: 0.459 Thread 0x0000011000acdae0 Exception <a 'java/lang/NoSuchMethodError'{0x00000000ff3e36a0}: 'java.lang.Object java.lang.invoke.DirectMethodHandle$Holder.invokeStaticInit(java.lang.Object, int, int, int, int)'> (0x00000000ff3e36a0) 
thrown [s\src\hotspot\share\interpreter\linkResolver.cpp, line 759]
Event: 0.485 Thread 0x0000011000acdae0 Exception <a 'java/lang/NoSuchMethodError'{0x00000000ff220d18}: 'java.lang.Object java.lang.invoke.DirectMethodHandle$Holder.invokeStaticInit(java.lang.Object, java.lang.Object, int, int, int, int)'> (0x00000000ff220d18) 
thrown [s\src\hotspot\share\interpreter\linkResolver.cpp, line 759]
Event: 0.550 Thread 0x0000011000acdae0 Exception <a 'java/lang/NoSuchMethodError'{0x00000000ff24ee38}: 'void java.lang.invoke.DirectMethodHandle$Holder.invokeStatic(java.lang.Object, java.lang.Object, java.lang.Object)'> (0x00000000ff24ee38) 
thrown [s\src\hotspot\share\interpreter\linkResolver.cpp, line 759]
Event: 0.558 Thread 0x0000011000acdae0 Implicit null exception at 0x0000011011967ff2 to 0x00000110119685c8
Event: 0.558 Thread 0x0000011000acdae0 Implicit null exception at 0x000001101196e872 to 0x000001101196ee58
Event: 0.563 Thread 0x0000011000acdae0 Exception <a 'java/net/ConnectException'{0x00000000ff12a3f0}: Connection refused: no further information> (0x00000000ff12a3f0) 
thrown [s\src\hotspot\share\prims\jni.cpp, line 535]
Event: 0.661 Thread 0x0000011062df4680 Exception <a 'java/lang/NoSuchMethodError'{0x00000000fea10cf0}: 'void java.lang.invoke.DirectMethodHandle$Holder.invokeStatic(java.lang.Object, long)'> (0x00000000fea10cf0) 
thrown [s\src\hotspot\share\interpreter\linkResolver.cpp, line 759]
Event: 0.662 Thread 0x0000011062df4680 Exception <a 'java/lang/NoSuchMethodError'{0x00000000fea16648}: 'java.lang.Object java.lang.invoke.DirectMethodHandle$Holder.newInvokeSpecial(java.lang.Object, long)'> (0x00000000fea16648) 
thrown [s\src\hotspot\share\interpreter\linkResolver.cpp, line 759]
Event: 0.663 Thread 0x0000011062df4680 Exception <a 'java/lang/NoSuchMethodError'{0x00000000fea211f0}: 'java.lang.Object java.lang.invoke.DirectMethodHandle$Holder.invokeStaticInit(java.lang.Object, java.lang.Object, long, java.lang.Object)'> (0x00000000fea211f0) 
thrown [s\src\hotspot\share\interpreter\linkResolver.cpp, line 759]
Event: 0.664 Thread 0x0000011062df4680 Exception <a 'java/lang/NoSuchMethodError'{0x00000000fea27ab8}: 'java.lang.Object java.lang.invoke.DirectMethodHandle$Holder.newInvokeSpecial(java.lang.Object, java.lang.Object, long)'> (0x00000000fea27ab8) 
thrown [s\src\hotspot\share\interpreter\linkResolver.cpp, line 759]
Event: 0.664 Thread 0x0000011062df4680 Exception <a 'java/lang/NoSuchMethodError'{0x00000000fea2bda8}: 'java.lang.Object java.lang.invoke.Invokers$Holder.linkToTargetMethod(java.lang.Object, long, java.lang.Object)'> (0x00000000fea2bda8) 
thrown [s\src\hotspot\share\interpreter\linkResolver.cpp, line 759]
Event: 62.287 Thread 0x0000011000acdae0 Exception <a 'sun/net/ConnectionResetException'{0x00000000ff989aa0}: Connection reset> (0x00000000ff989aa0) 
thrown [s\src\hotspot\share\prims\jni.cpp, line 535]
Event: 62.297 Thread 0x0000011000acdae0 Exception <a 'java/lang/NoSuchMethodError'{0x00000000ff9ca8b8}: 'int java.lang.invoke.DirectMethodHandle$Holder.invokeVirtual(java.lang.Object, java.lang.Object)'> (0x00000000ff9ca8b8) 
thrown [s\src\hotspot\share\interpreter\linkResolver.cpp, line 759]

VM Operations (20 events):
Event: 32.838 Executing VM operation: Cleanup
Event: 32.838 Executing VM operation: Cleanup done
Event: 33.839 Executing VM operation: Cleanup
Event: 33.839 Executing VM operation: Cleanup done
Event: 34.852 Executing VM operation: Cleanup
Event: 34.852 Executing VM operation: Cleanup done
Event: 35.866 Executing VM operation: Cleanup
Event: 35.866 Executing VM operation: Cleanup done
Event: 36.874 Executing VM operation: Cleanup
Event: 36.874 Executing VM operation: Cleanup done
Event: 59.053 Executing VM operation: Cleanup
Event: 59.053 Executing VM operation: Cleanup done
Event: 60.032 Executing VM operation: HandshakeAllThreads
Event: 60.032 Executing VM operation: HandshakeAllThreads done
Event: 61.043 Executing VM operation: Cleanup
Event: 61.043 Executing VM operation: Cleanup done
Event: 62.302 Executing VM operation: HandshakeAllThreads
Event: 62.302 Executing VM operation: HandshakeAllThreads done
Event: 62.302 Executing VM operation: Cleanup
Event: 62.302 Executing VM operation: Cleanup done

Events (20 events):
Event: 4.832 loading class jdk/internal/reflect/MethodAccessorGenerator$1
Event: 4.832 loading class jdk/internal/reflect/MethodAccessorGenerator$1 done
Event: 4.832 loading class jdk/internal/reflect/ClassDefiner
Event: 4.832 loading class jdk/internal/reflect/ClassDefiner done
Event: 4.832 loading class jdk/internal/reflect/ClassDefiner$1
Event: 4.832 loading class jdk/internal/reflect/ClassDefiner$1 done
Event: 6.473 Thread 0x00000110621136f0 Thread exited: 0x00000110621136f0
Event: 14.932 Thread 0x0000011063895f70 Thread added: 0x0000011063895f70
Event: 14.932 Thread 0x0000011063896860 Thread added: 0x0000011063896860
Event: 16.700 Thread 0x0000011063896860 Thread exited: 0x0000011063896860
Event: 16.700 Thread 0x0000011063895f70 Thread exited: 0x0000011063895f70
Event: 33.106 loading class jdk/internal/misc/ScopedMemoryAccess$Scope$Handle
Event: 33.106 loading class jdk/internal/misc/ScopedMemoryAccess$Scope$Handle done
Event: 34.514 Thread 0x00000110632e70d0 Thread exited: 0x00000110632e70d0
Event: 62.286 loading class sun/net/ConnectionResetException
Event: 62.287 loading class sun/net/ConnectionResetException done
Event: 62.299 Thread 0x0000011063577aa0 Thread exited: 0x0000011063577aa0
Event: 62.300 loading class java/util/concurrent/ConcurrentLinkedQueue$Itr
Event: 62.300 loading class java/util/concurrent/ConcurrentLinkedQueue$Itr done
Event: 62.302 Thread 0x0000011062ce3c10 Thread added: 0x0000011062ce3c10


Dynamic libraries:
0x00007ff766170000 - 0x00007ff76617e000 	C:\Users\Sayan Ghosh\AppData\Local\Programs\Eclipse Adoptium\jdk-17.0.8.7-hotspot\bin\java.exe
0x00007ff9df150000 - 0x00007ff9df348000 	C:\Windows\SYSTEM32\ntdll.dll
0x00007ff9dd430000 - 0x00007ff9dd4ef000 	C:\Windows\System32\KERNEL32.DLL
0x00007ff9dcce0000 - 0x00007ff9dcfb2000 	C:\Windows\System32\KERNELBASE.dll
0x00007ff9dcfc0000 - 0x00007ff9dd0c0000 	C:\Windows\System32\ucrtbase.dll
0x00007ff9cb330000 - 0x00007ff9cb347000 	C:\Users\Sayan Ghosh\AppData\Local\Programs\Eclipse Adoptium\jdk-17.0.8.7-hotspot\bin\jli.dll
0x00007ff9caa70000 - 0x00007ff9caa89000 	C:\Users\Sayan Ghosh\AppData\Local\Programs\Eclipse Adoptium\jdk-17.0.8.7-hotspot\bin\VCRUNTIME140.dll
0x00007ff9ddf10000 - 0x00007ff9de0b1000 	C:\Windows\System32\USER32.dll
0x00007ff9dccb0000 - 0x00007ff9dccd2000 	C:\Windows\System32\win32u.dll
0x00007ff9de0d0000 - 0x00007ff9de0fb000 	C:\Windows\System32\GDI32.dll
0x00007ff9ca150000 - 0x00007ff9ca3ea000 	C:\Windows\WinSxS\amd64_microsoft.windows.common-controls_6595b64144ccf1df_6.0.19041.1110_none_60b5254171f9507e\COMCTL32.dll
0x00007ff9dc9a0000 - 0x00007ff9dcaaf000 	C:\Windows\System32\gdi32full.dll
0x00007ff9def90000 - 0x00007ff9df02e000 	C:\Windows\System32\msvcrt.dll
0x00007ff9dcc10000 - 0x00007ff9dccad000 	C:\Windows\System32\msvcp_win.dll
0x00007ff9dd250000 - 0x00007ff9dd280000 	C:\Windows\System32\IMM32.DLL
0x00007ff9d7720000 - 0x00007ff9d772c000 	C:\Users\Sayan Ghosh\AppData\Local\Programs\Eclipse Adoptium\jdk-17.0.8.7-hotspot\bin\vcruntime140_1.dll
0x00007ff9802d0000 - 0x00007ff980361000 	C:\Users\Sayan Ghosh\AppData\Local\Programs\Eclipse Adoptium\jdk-17.0.8.7-hotspot\bin\msvcp140.dll
0x00007ff9756b0000 - 0x00007ff9762fc000 	C:\Users\Sayan Ghosh\AppData\Local\Programs\Eclipse Adoptium\jdk-17.0.8.7-hotspot\bin\server\jvm.dll
0x00007ff9dd980000 - 0x00007ff9dda2e000 	C:\Windows\System32\ADVAPI32.dll
0x00007ff9de7a0000 - 0x00007ff9de83c000 	C:\Windows\System32\sechost.dll
0x00007ff9dd620000 - 0x00007ff9dd744000 	C:\Windows\System32\RPCRT4.dll
0x00007ff9dbd90000 - 0x00007ff9dbddb000 	C:\Windows\SYSTEM32\POWRPROF.dll
0x00007ff9d5000000 - 0x00007ff9d5009000 	C:\Windows\SYSTEM32\WSOCK32.dll
0x00007ff9d2a30000 - 0x00007ff9d2a3a000 	C:\Windows\SYSTEM32\VERSION.dll
0x00007ff9c8e30000 - 0x00007ff9c8e57000 	C:\Windows\SYSTEM32\WINMM.dll
0x00007ff9dda30000 - 0x00007ff9dda9b000 	C:\Windows\System32\WS2_32.dll
0x00007ff9dbc50000 - 0x00007ff9dbc62000 	C:\Windows\SYSTEM32\UMPDC.dll
0x00007ff9da6f0000 - 0x00007ff9da702000 	C:\Windows\SYSTEM32\kernel.appcore.dll
0x00007ff9d4f00000 - 0x00007ff9d4f0a000 	C:\Users\Sayan Ghosh\AppData\Local\Programs\Eclipse Adoptium\jdk-17.0.8.7-hotspot\bin\jimage.dll
0x00007ff9c7630000 - 0x00007ff9c7814000 	C:\Windows\SYSTEM32\DBGHELP.DLL
0x00007ff9ce590000 - 0x00007ff9ce5c5000 	C:\Windows\SYSTEM32\dbgcore.DLL
0x00007ff9dc910000 - 0x00007ff9dc992000 	C:\Windows\System32\bcryptPrimitives.dll
0x00007ff9bc060000 - 0x00007ff9bc085000 	C:\Users\Sayan Ghosh\AppData\Local\Programs\Eclipse Adoptium\jdk-17.0.8.7-hotspot\bin\java.dll
0x00007ff97c450000 - 0x00007ff97c526000 	C:\Users\Sayan Ghosh\AppData\Local\Programs\Eclipse Adoptium\jdk-17.0.8.7-hotspot\bin\jsvml.dll
0x00007ff9de840000 - 0x00007ff9def85000 	C:\Windows\System32\SHELL32.dll
0x00007ff9da8f0000 - 0x00007ff9db082000 	C:\Windows\SYSTEM32\windows.storage.dll
0x00007ff9ddbb0000 - 0x00007ff9ddf05000 	C:\Windows\System32\combase.dll
0x00007ff9dc1d0000 - 0x00007ff9dc200000 	C:\Windows\SYSTEM32\Wldp.dll
0x00007ff9ddaa0000 - 0x00007ff9ddb4d000 	C:\Windows\System32\SHCORE.dll
0x00007ff9dd750000 - 0x00007ff9dd7a5000 	C:\Windows\System32\shlwapi.dll
0x00007ff9dc790000 - 0x00007ff9dc7af000 	C:\Windows\SYSTEM32\profapi.dll
0x00007ff9d6df0000 - 0x00007ff9d6e09000 	C:\Users\Sayan Ghosh\AppData\Local\Programs\Eclipse Adoptium\jdk-17.0.8.7-hotspot\bin\net.dll
0x00007ff9d5f20000 - 0x00007ff9d602a000 	C:\Windows\SYSTEM32\WINHTTP.dll
0x00007ff9dbfb0000 - 0x00007ff9dc01a000 	C:\Windows\system32\mswsock.dll
0x00007ff9bfc60000 - 0x00007ff9bfc75000 	C:\Users\Sayan Ghosh\AppData\Local\Programs\Eclipse Adoptium\jdk-17.0.8.7-hotspot\bin\nio.dll
0x00007ff9b1130000 - 0x00007ff9b1148000 	C:\Users\Sayan Ghosh\AppData\Local\Programs\Eclipse Adoptium\jdk-17.0.8.7-hotspot\bin\zip.dll
0x00007ff9b99d0000 - 0x00007ff9b99e0000 	C:\Users\Sayan Ghosh\AppData\Local\Programs\Eclipse Adoptium\jdk-17.0.8.7-hotspot\bin\verify.dll
0x00007ff9ad6f0000 - 0x00007ff9ad717000 	C:\Users\Sayan Ghosh\.gradle\native\68d5fa5c4cc2d200863cafc0d521ce42e7d3e7ee720ec0a83991735586a16f82\windows-amd64\native-platform.dll
0x00007ff9bf370000 - 0x00007ff9bf379000 	C:\Users\Sayan Ghosh\AppData\Local\Programs\Eclipse Adoptium\jdk-17.0.8.7-hotspot\bin\management.dll
0x00007ff9bf260000 - 0x00007ff9bf26b000 	C:\Users\Sayan Ghosh\AppData\Local\Programs\Eclipse Adoptium\jdk-17.0.8.7-hotspot\bin\management_ext.dll
0x00007ff9dd7b0000 - 0x00007ff9dd7b8000 	C:\Windows\System32\PSAPI.DLL
0x00007ff9dc210000 - 0x00007ff9dc228000 	C:\Windows\SYSTEM32\CRYPTSP.dll
0x00007ff9db880000 - 0x00007ff9db8b4000 	C:\Windows\system32\rsaenh.dll
0x00007ff9dd0c0000 - 0x00007ff9dd0e7000 	C:\Windows\System32\bcrypt.dll
0x00007ff9dc750000 - 0x00007ff9dc77e000 	C:\Windows\SYSTEM32\USERENV.dll
0x00007ff9dc140000 - 0x00007ff9dc14c000 	C:\Windows\SYSTEM32\CRYPTBASE.dll
0x00007ff9dbc70000 - 0x00007ff9dbcab000 	C:\Windows\SYSTEM32\IPHLPAPI.DLL
0x00007ff9de6a0000 - 0x00007ff9de6a8000 	C:\Windows\System32\NSI.dll
0x00007ff9d6f60000 - 0x00007ff9d6f77000 	C:\Windows\SYSTEM32\dhcpcsvc6.DLL
0x00007ff9d6f40000 - 0x00007ff9d6f5d000 	C:\Windows\SYSTEM32\dhcpcsvc.DLL
0x00007ff9dbcb0000 - 0x00007ff9dbd7b000 	C:\Windows\SYSTEM32\DNSAPI.dll
0x00007ff9bcd40000 - 0x00007ff9bcd4e000 	C:\Users\Sayan Ghosh\AppData\Local\Programs\Eclipse Adoptium\jdk-17.0.8.7-hotspot\bin\sunmscapi.dll
0x00007ff9dcab0000 - 0x00007ff9dcc06000 	C:\Windows\System32\CRYPT32.dll
0x00007ff9dc320000 - 0x00007ff9dc347000 	C:\Windows\SYSTEM32\ncrypt.dll
0x00007ff9dc2e0000 - 0x00007ff9dc31b000 	C:\Windows\SYSTEM32\NTASN1.dll
0x00007ff9bc050000 - 0x00007ff9bc057000 	C:\Windows\system32\wshunix.dll

dbghelp: loaded successfully - version: 4.0.5 - missing functions: none
symbol engine: initialized successfully - sym options: 0x614 - pdb path: .;C:\Users\Sayan Ghosh\AppData\Local\Programs\Eclipse Adoptium\jdk-17.0.8.7-hotspot\bin;C:\Windows\SYSTEM32;C:\Windows\WinSxS\amd64_microsoft.windows.common-controls_6595b64144ccf1df_6.0.19041.1110_none_60b5254171f9507e;C:\Users\Sayan Ghosh\AppData\Local\Programs\Eclipse Adoptium\jdk-17.0.8.7-hotspot\bin\server;C:\Users\Sayan Ghosh\.gradle\native\68d5fa5c4cc2d200863cafc0d521ce42e7d3e7ee720ec0a83991735586a16f82\windows-amd64

VM Arguments:
jvm_args: -Xmx64m -Xms64m -Dorg.gradle.appname=gradlew 
java_command: org.gradle.wrapper.GradleWrapperMain app:installDebug -PreactNativeDevServerPort=8081
java_class_path (initial): F:\Programs\React Native APP\backgroundchanger\android\\gradle\wrapper\gradle-wrapper.jar
Launcher Type: SUN_STANDARD

[Global flags]
     intx CICompilerCount                          = 12                                        {product} {ergonomic}
     uint ConcGCThreads                            = 3                                         {product} {ergonomic}
     uint G1ConcRefinementThreads                  = 13                                        {product} {ergonomic}
   size_t G1HeapRegionSize                         = 1048576                                   {product} {ergonomic}
    uintx GCDrainStackTargetSize                   = 64                                        {product} {ergonomic}
   size_t InitialHeapSize                          = 67108864                                  {product} {command line}
   size_t MarkStackSize                            = 4194304                                   {product} {ergonomic}
   size_t MaxHeapSize                              = 67108864                                  {product} {command line}
   size_t MaxNewSize                               = 39845888                                  {product} {ergonomic}
   size_t MinHeapDeltaBytes                        = 1048576                                   {product} {ergonomic}
   size_t MinHeapSize                              = 67108864                                  {product} {command line}
    uintx NonNMethodCodeHeapSize                   = 7602480                                {pd product} {ergonomic}
    uintx NonProfiledCodeHeapSize                  = 122027880                              {pd product} {ergonomic}
    uintx ProfiledCodeHeapSize                     = 122027880                              {pd product} {ergonomic}
    uintx ReservedCodeCacheSize                    = 251658240                              {pd product} {ergonomic}
     bool SegmentedCodeCache                       = true                                      {product} {ergonomic}
   size_t SoftMaxHeapSize                          = 67108864                               {manageable} {ergonomic}
     bool UseCompressedClassPointers               = true                           {product lp64_product} {ergonomic}
     bool UseCompressedOops                        = true                           {product lp64_product} {ergonomic}
     bool UseG1GC                                  = true                                      {product} {ergonomic}
     bool UseLargePagesIndividualAllocation        = false                                  {pd product} {ergonomic}

Logging:
Log output configuration:
 #0: stdout all=warning uptime,level,tags
 #1: stderr all=off uptime,level,tags

Environment Variables:
JAVA_HOME=C:\Users\Sayan Ghosh\AppData\Local\Programs\Eclipse Adoptium\jdk-17.0.8.7-hotspot\
CLASSPATH=F:\Programs\React Native APP\backgroundchanger\android\\gradle\wrapper\gradle-wrapper.jar
PATH=F:\Programs\React Native APP\backgroundchanger\node_modules\.bin;F:\Programs\React Native APP\backgroundchanger\node_modules\.bin;F:\Programs\React Native APP\node_modules\.bin;F:\Programs\node_modules\.bin;F:\node_modules\.bin;C:\Users\Sayan Ghosh\AppData\Roaming\npm\node_modules\npm\node_modules\@npmcli\run-script\lib\node-gyp-bin;F:\Programs\React Native APP\backgroundchanger\node_modules\.bin;F:\Programs\React Native APP\node_modules\.bin;F:\Programs\node_modules\.bin;F:\node_modules\.bin;C:\Users\Sayan Ghosh\AppData\Roaming\npm\node_modules\npm\node_modules\@npmcli\run-script\lib\node-gyp-bin;C:\Python311\Scripts\;C:\Python311\;C:\Windows\system32;C:\Windows;C:\Windows\System32\Wbem;C:\Windows\System32\WindowsPowerShell\v1.0\;C:\Windows\System32\OpenSSH\;C:\Program Files (x86)\NVIDIA Corporation\PhysX\Common;C:\Program Files\NVIDIA Corporation\NVIDIA NvDLISR;C:\MinGW\bin;C:\Program Files\Git\cmd;C:\Program Files\nodejs\;C:\ProgramData\chocolatey\bin;C:\Users\Sayan Ghosh\AppData\Local\Android\Sdk;C:\Users\Sayan Ghosh\AppData\Local\Android\Sdk\platform-tools;C:\Users\Sayan Ghosh\AppData\Local\Android\Sdk\emulator;C:\Users\Sayan Ghosh\AppData\Local\Android\Sdk\tools;C:\Users\Sayan Ghosh\AppData\Local\Android\Sdk\tools\bin;C:\Users\Sayan Ghosh\AppData\Local\Programs\Eclipse Adoptium\jdk-17.0.8.7-hotspot\bin;C:\Users\Sayan Ghosh\AppData\Local\Microsoft\WindowsApps;C:\Microsoft VS Code\bin;C:\Users\Sayan Ghosh\AppData\Local\GitHubDesktop\bin;C:\Users\Sayan Ghosh\AppData\Roaming\npm;C:\flutter\bin;C:\tools\dart-sdk\bin;C:\Users\Sayan Ghosh\AppData\Local\Pub\Cache\bin;C:\flutter\bin;C:\Users\Sayan Ghosh\AppData\Local\Android\Sdk;C:\Users\Sayan Ghosh\AppData\Local\Android\Sdk\platform-tools;C:\Users\Sayan Ghosh\AppData\Local\Android\Sdk\emulator;C:\Users\Sayan Ghosh\AppData\Local\Android\Sdk\tools;C:\Users\Sayan Ghosh\AppData\Local\Android\Sdk\tools\bin;
USERNAME=Sayan Ghosh
LANG=en_US.UTF-8
OS=Windows_NT
PROCESSOR_IDENTIFIER=Intel64 Family 6 Model 191 Stepping 2, GenuineIntel
TMP=C:\Users\SAYANG~1\AppData\Local\Temp
TEMP=C:\Users\SAYANG~1\AppData\Local\Temp



---------------  S Y S T E M  ---------------

OS:
 Windows 10 , 64 bit Build 19041 (10.0.19041.2546)
OS uptime: 5 days 2:46 hours
Hyper-V role detected

CPU: total 16 (initial active 16) (8 cores per cpu, 2 threads per core) family 6 model 191 stepping 2 microcode 0x26, cx8, cmov, fxsr, ht, mmx, 3dnowpref, sse, sse2, sse3, ssse3, sse4.1, sse4.2, popcnt, lzcnt, tsc, tscinvbit, avx, avx2, aes, erms, clmul, bmi1, bmi2, adx, sha, fma, vzeroupper, clflush, clflushopt, clwb, hv
Processor Information for all 16 processors :
  Max Mhz: 2500, Current Mhz: 2500, Mhz Limit: 2500

Memory: 4k page, system-wide physical 16222M (2867M free)
TotalPageFile size 16222M (AvailPageFile size 0M)
current process WorkingSet (physical memory assigned to process): 97M, peak: 109M
current process commit charge ("private bytes"): 176M, peak: 190M

vm_info: OpenJDK 64-Bit Server VM (17.0.8+7) for windows-amd64 JRE (17.0.8+7), built on Jul 18 2023 21:02:32 by "admin" with MS VC++ 16.7 (VS2019)

END.
